 5234 pi        20   0 30192  24m 2712 R  95.0  2.6   0:00.22 perl
 5234 pi        20   0 77348  72m 2776 R 100.4  7.9   0:02.45 perl
 5234 pi        20   0 93188  88m 2776 R 100.1  9.5   0:04.68 perl
 5234 pi        20   0  119m 114m 2776 S   5.9 12.4   0:06.34 perl
 5234 pi        20   0  119m 114m 2776 S   0.0 12.4   0:06.41 perl
 5234 pi        20   0  119m 114m 2776 S   0.0 12.4   0:06.49 perl
 5234 pi        20   0  119m 114m 2776 S   0.0 12.4   0:06.49 perl
 5234 pi        20   0  119m 114m 2776 S   0.0 12.4   0:06.59 perl
 5234 pi        20   0  119m 114m 2776 S   0.0 12.4   0:06.59 perl
 5671 pi        20   0 29400  23m 2644 R  97.3  2.5   0:00.21 perl
 5671 pi        20   0 55484  49m 2644 R  99.1  5.4   0:00.55 perl
 5671 pi        20   0 68768  62m 2644 R  98.6  6.8   0:00.88 perl
 5671 pi        20   0 68768  64m 2644 R  99.3  6.9   0:01.22 perl
 5671 pi        20   0 70484  65m 2708 R 100.2  7.1   0:01.55 perl
 5671 pi        20   0 72992  68m 2708 R 100.5  7.4   0:01.88 perl
 5671 pi        20   0 75368  70m 2708 R  88.6  7.6   0:02.19 perl
 5671 pi        20   0 77744  72m 2708 R 100.4  7.9   0:02.52 perl
 5671 pi        20   0 80120  75m 2708 R  93.3  8.2   0:02.86 perl
 5671 pi        20   0 82496  77m 2708 R 100.2  8.4   0:03.19 perl
 5671 pi        20   0 84740  79m 2708 R 100.5  8.6   0:03.52 perl
 5671 pi        20   0 87116  82m 2708 R 100.5  8.9   0:03.85 perl
 5671 pi        20   0 89492  84m 2708 R 100.2  9.1   0:04.18 perl
 5671 pi        20   0 92132  87m 2708 R 100.6  9.4   0:04.57 perl
 5671 pi        20   0 94376  89m 2708 R  94.4  9.6   0:04.89 perl
 5671 pi        20   0 97412  92m 2708 R  93.1 10.0   0:05.35 perl
 5671 pi        20   0 99656  94m 2708 R 100.5 10.2   0:05.68 perl
 5671 pi        20   0  104m  97m 2708 R  93.3 10.5   0:06.00 perl
 5671 pi        20   0  104m 101m 2708 R  99.2 10.9   0:06.33 perl
 5671 pi        20   0  119m 114m 2708 S   0.0 12.4   0:06.38 perl
 5671 pi        20   0  119m 114m 2708 S   0.0 12.4   0:06.39 perl
 5671 pi        20   0  119m 114m 2708 S   5.9 12.4   0:06.40 perl
 5671 pi        20   0  119m 114m 2708 S   0.0 12.4   0:06.40 perl
 5671 pi        20   0  119m 114m 2708 S   5.9 12.4   0:06.41 perl
 5671 pi        20   0  119m 114m 2708 S   0.0 12.4   0:06.41 perl
 5671 pi        20   0  119m 114m 2708 S   0.0 12.4   0:06.43 perl
 5671 pi        20   0  119m 114m 2708 S   0.0 12.4   0:06.43 perl
 5671 pi        20   0  119m 114m 2708 S   0.0 12.4   0:06.43 perl
 5671 pi        20   0  119m 114m 2708 S   5.9 12.4   0:06.44 perl
 5671 pi        20   0  119m 114m 2708 S   0.0 12.4   0:06.44 perl
 5671 pi        20   0  119m 114m 2708 S   0.0 12.4   0:06.45 perl
 5671 pi        20   0  119m 114m 2708 S   5.9 12.4   0:06.46 perl
 5671 pi        20   0  119m 114m 2708 S   5.9 12.4   0:06.47 perl
 5671 pi        20   0  119m 114m 2708 S   0.0 12.4   0:06.47 perl
 5671 pi        20   0  119m 114m 2708 S   5.9 12.4   0:06.48 perl
 5671 pi        20   0  119m 114m 2708 S   0.0 12.4   0:06.48 perl
 5671 pi        20   0  119m 114m 2708 S   0.0 12.4   0:06.49 perl
 5671 pi        20   0  119m 114m 2708 S   0.0 12.4   0:06.50 perl
 5671 pi        20   0  119m 114m 2708 S  11.7 12.4   0:06.52 perl
 5671 pi        20   0  119m 114m 2708 S   0.0 12.4   0:06.52 perl
 5671 pi        20   0  119m 114m 2708 S   0.0 12.4   0:06.52 perl
 5671 pi        20   0  119m 114m 2708 S   0.0 12.4   0:06.54 perl
 5671 pi        20   0  119m 114m 2708 S   0.0 12.4   0:06.54 perl
 5671 pi        20   0  119m 114m 2708 S   0.0 12.4   0:06.54 perl
 5671 pi        20   0  119m 114m 2708 S  17.7 12.4   0:06.57 perl
 5671 pi        20   0  119m 114m 2708 S   0.0 12.4   0:06.57 perl
 5671 pi        20   0  119m 114m 2708 S   0.0 12.4   0:06.57 perl
 5671 pi        20   0  119m 114m 2708 S   0.0 12.4   0:06.57 perl
 5671 pi        20   0  119m 114m 2708 S  11.8 12.4   0:06.59 perl
 5671 pi        20   0  119m 114m 2708 S   0.0 12.4   0:06.59 perl
 5671 pi        20   0  119m 114m 2708 R   0.0 12.4   0:06.59 perl
 5671 pi        20   0  119m 114m 2708 S   0.0 12.4   0:06.60 perl
 5671 pi        20   0  119m 114m 2708 S   0.0 12.4   0:06.61 perl
 5671 pi        20   0  119m 114m 2708 S   5.9 12.4   0:06.62 perl
 5671 pi        20   0  119m 114m 2708 S  11.7 12.4   0:06.64 perl
 5671 pi        20   0  119m 114m 2708 S   0.0 12.4   0:06.64 perl
 5671 pi        20   0  119m 114m 2708 S   0.0 12.4   0:06.64 perl
 5671 pi        20   0  119m 114m 2708 S   5.9 12.4   0:06.65 perl
 5671 pi        20   0  119m 114m 2708 S   0.0 12.4   0:06.65 perl
 5671 pi        20   0     0    0    0 Z  17.1  0.0   0:06.78 perl
