17790 pi        20   0  5356 4304  844 R  94.6  0.5   0:00.19 bzip2
17790 pi        20   0  5356 4304  844 R  94.4  0.5   0:02.41 bzip2
17790 pi        20   0  5356 4304  844 R 100.5  0.5   0:04.64 bzip2
17790 pi        20   0  5356 4304  844 R  98.0  0.5   0:06.86 bzip2
17790 pi        20   0  5356 4304  844 R  98.5  0.5   0:09.09 bzip2
17790 pi        20   0  5356 4304  844 R  98.4  0.5   0:11.31 bzip2
17790 pi        20   0  5356 4304  844 R  99.0  0.5   0:13.54 bzip2
17790 pi        20   0  5356 4304  844 R 100.4  0.5   0:15.76 bzip2
17790 pi        20   0  5356 4304  844 R 100.5  0.5   0:17.99 bzip2
17790 pi        20   0  5356 4304  844 R  92.3  0.5   0:20.22 bzip2
17790 pi        20   0  5356 4304  844 R 100.5  0.5   0:22.45 bzip2
17790 pi        20   0  5356 4304  844 R  94.5  0.5   0:24.67 bzip2
17790 pi        20   0  5356 4304  844 R 100.2  0.5   0:26.89 bzip2
17790 pi        20   0  5356 4304  844 R  98.5  0.5   0:29.12 bzip2
17790 pi        20   0  5356 4304  844 R  92.7  0.5   0:31.34 bzip2
17790 pi        20   0  5356 4304  844 R  98.0  0.5   0:33.58 bzip2
17790 pi        20   0  5356 4304  844 R  97.9  0.5   0:35.87 bzip2
17790 pi        20   0  5356 4304  844 R  99.6  0.5   0:38.09 bzip2
17790 pi        20   0  5356 4304  844 R 100.1  0.5   0:40.32 bzip2
17790 pi        20   0  5356 4304  844 R 100.5  0.5   0:42.55 bzip2
17790 pi        20   0  5356 4304  844 R 100.4  0.5   0:44.78 bzip2
17790 pi        20   0  5356 4304  844 R  98.4  0.5   0:47.00 bzip2
17790 pi        20   0  5356 4304  844 R  92.6  0.5   0:49.23 bzip2
17790 pi        20   0  5356 4304  844 R  92.6  0.5   0:51.46 bzip2
17790 pi        20   0  5356 4304  844 R  98.2  0.5   0:53.69 bzip2
17790 pi        20   0  5356 4304  844 R  98.9  0.5   0:55.92 bzip2
17790 pi        20   0  5356 4304  844 R 100.4  0.5   0:58.14 bzip2
17790 pi        20   0  5356 4304  844 R  98.1  0.5   1:02.25 bzip2
17790 pi        20   0  5356 4304  844 R  99.4  0.5   1:04.48 bzip2
17790 pi        20   0  5356 4304  844 R 100.6  0.5   1:06.70 bzip2
17790 pi        20   0  5356 4304  844 R 100.3  0.5   1:08.93 bzip2
17790 pi        20   0  5356 4304  844 R  94.6  0.5   1:11.15 bzip2
17790 pi        20   0  5356 4304  844 R 100.5  0.5   1:13.38 bzip2
17790 pi        20   0  5356 4304  844 R  98.8  0.5   1:15.61 bzip2
17790 pi        20   0  5356 4304  844 R  92.5  0.5   1:17.84 bzip2
17790 pi        20   0  5356 4304  844 R  92.7  0.5   1:20.07 bzip2
17790 pi        20   0  5356 4304  844 R  98.4  0.5   1:22.30 bzip2
17790 pi        20   0  5356 4304  844 R 100.1  0.5   1:24.53 bzip2
17790 pi        20   0  5356 4304  844 R 100.6  0.5   1:26.75 bzip2
17790 pi        20   0  5356 4304  844 R 100.4  0.5   1:28.98 bzip2
17790 pi        20   0  5356 4304  844 R  94.5  0.5   1:31.20 bzip2
17790 pi        20   0  5356 4304  844 R  98.2  0.5   1:36.07 bzip2
17790 pi        20   0  5356 4304  844 R  93.0  0.5   1:38.31 bzip2
17790 pi        20   0  5356 4304  844 R 100.5  0.5   1:40.55 bzip2
17790 pi        20   0  5356 4304  844 R 100.5  0.5   1:42.78 bzip2
17790 pi        20   0  5356 4304  844 R 100.3  0.5   1:45.00 bzip2
