17278 pi        20   0  9132 7184  820 R  98.1  0.8   0:00.20 bzip2
17278 pi        20   0  9132 7184  820 R  94.4  0.8   0:02.43 bzip2
17278 pi        20   0  9132 7184  820 R  96.1  0.8   0:04.68 bzip2
17278 pi        20   0  9132 7184  820 R 100.0  0.8   0:06.91 bzip2
17278 pi        20   0  9132 7184  820 R  97.9  0.8   0:09.15 bzip2
17278 pi        20   0  9132 7184  820 R  99.8  0.8   0:11.38 bzip2
17278 pi        20   0  9132 7184  820 R  97.2  0.8   0:13.62 bzip2
17278 pi        20   0  9132 7184  820 R 105.4  0.8   0:15.88 bzip2
17278 pi        20   0  9132 7184  820 R  94.8  0.8   0:18.13 bzip2
17278 pi        20   0  9132 7184  820 R  93.8  0.8   0:20.35 bzip2
17278 pi        20   0  9132 7184  820 R  99.3  0.8   0:22.59 bzip2
17278 pi        20   0  9132 7184  820 R  99.1  0.8   0:24.84 bzip2
17278 pi        20   0  9132 7184  820 R 100.1  0.8   0:27.07 bzip2
17278 pi        20   0  9132 7184  820 R  96.9  0.8   0:29.31 bzip2
17278 pi        20   0  9132 7184  820 R  99.6  0.8   0:31.53 bzip2
17278 pi        20   0  9132 7184  820 R  97.7  0.8   0:33.77 bzip2
17278 pi        20   0  9132 7184  820 R  99.7  0.8   0:36.00 bzip2
17278 pi        20   0  9132 7184  820 R  97.2  0.8   0:38.24 bzip2
17278 pi        20   0  9132 7184  820 R 100.0  0.8   0:40.48 bzip2
17278 pi        20   0  9132 7184  820 R  97.8  0.8   0:42.72 bzip2
17278 pi        20   0  9132 7184  820 R  99.7  0.8   0:44.95 bzip2
17278 pi        20   0  9132 7184  820 R  97.3  0.8   0:47.19 bzip2
17278 pi        20   0  9132 7184  820 R  93.9  0.8   0:49.43 bzip2
17278 pi        20   0  9132 7184  820 R  94.4  0.8   0:51.68 bzip2
17278 pi        20   0  9132 7184  820 R  99.7  0.8   0:53.92 bzip2
17278 pi        20   0  9132 7184  820 R  95.2  0.8   0:56.17 bzip2
17278 pi        20   0  9132 7184  820 R  99.8  0.8   0:58.41 bzip2
17278 pi        20   0  9132 7184  820 R  94.3  0.8   1:00.66 bzip2
17278 pi        20   0  9132 7184  820 R  99.7  0.8   1:02.90 bzip2
17278 pi        20   0  9132 7184  820 R  95.1  0.8   1:05.15 bzip2
17278 pi        20   0  9132 7184  820 R  99.7  0.8   1:07.38 bzip2
17278 pi        20   0  9132 7184  820 R  99.7  0.8   1:09.51 bzip2
17278 pi        20   0  9132 7184  820 R  94.1  0.8   1:11.75 bzip2
17278 pi        20   0  9132 7184  820 R  99.3  0.8   1:13.99 bzip2
17278 pi        20   0  9132 7184  820 R  93.9  0.8   1:16.23 bzip2
17278 pi        20   0  9132 7184  820 R 100.3  0.8   1:18.47 bzip2
17278 pi        20   0  9132 7184  820 R  96.5  0.8   1:20.71 bzip2
17278 pi        20   0  9132 7184  820 R 100.1  0.8   1:22.94 bzip2
17278 pi        20   0  9132 7184  820 R  97.5  0.8   1:25.19 bzip2
17278 pi        20   0  9132 7184  820 R  99.6  0.8   1:27.42 bzip2
17278 pi        20   0  9132 7184  820 R  97.5  0.8   1:29.66 bzip2
17278 pi        20   0  9132 7184  820 R 100.1  0.8   1:31.88 bzip2
17278 pi        20   0  9132 7184  820 R  97.3  0.8   1:34.12 bzip2
17278 pi        20   0  9132 7184  820 R  99.7  0.8   1:36.36 bzip2
17278 pi        20   0  9132 7184  820 R  97.9  0.8   1:38.60 bzip2
17278 pi        20   0  9132 7184  820 R  99.6  0.8   1:40.84 bzip2
17278 pi        20   0  9132 7184  820 R  99.7  0.8   1:41.36 bzip2
17278 pi        20   0  9132 7184  820 R 100.0  0.8   1:43.61 bzip2
17278 pi        20   0  9132 7184  820 R 105.4  0.8   1:45.85 bzip2
17278 pi        20   0  9132 7184  820 R  99.7  0.8   1:48.09 bzip2
17278 pi        20   0  9132 7184  820 R 100.2  0.8   1:50.32 bzip2
17278 pi        20   0  9132 7184  820 R  96.7  0.8   1:52.56 bzip2
17278 pi        20   0  9132 7184  820 R 100.1  0.8   1:54.79 bzip2
17278 pi        20   0  9132 7184  820 R  97.6  0.8   1:57.03 bzip2
17278 pi        20   0  9132 7184  820 R  99.6  0.8   1:59.26 bzip2
17278 pi        20   0  9132 7184  820 R  97.4  0.8   2:01.50 bzip2
17278 pi        20   0  9132 7184  820 R 100.2  0.8   2:03.73 bzip2
17278 pi        20   0  9132 7184  820 R  97.3  0.8   2:05.97 bzip2
17278 pi        20   0  9132 7184  820 R  93.9  0.8   2:08.21 bzip2
17278 pi        20   0  9132 7184  820 R  92.2  0.8   2:10.45 bzip2
17278 pi        20   0  9132 7184  820 R  93.9  0.8   2:12.68 bzip2
17278 pi        20   0  9132 7184  820 R  94.6  0.8   2:14.93 bzip2
17278 pi        20   0  9132 7184  820 R 100.3  0.8   2:17.73 bzip2
17278 pi        20   0  9132 7184  820 R  99.8  0.8   2:19.97 bzip2
17278 pi        20   0  9132 7184  820 R 100.2  0.8   2:22.20 bzip2
17278 pi        20   0  9132 7184  820 R  97.6  0.8   2:24.44 bzip2
17278 pi        20   0  9132 7184  820 R  99.5  0.8   2:26.67 bzip2
17278 pi        20   0  9132 7184  820 R  97.5  0.8   2:28.92 bzip2
17278 pi        20   0  9132 7184  820 R 100.1  0.8   2:31.15 bzip2
17278 pi        20   0  9132 7184  820 R  91.5  0.8   2:33.38 bzip2
17278 pi        20   0  9132 7184  820 R 100.0  0.8   2:35.61 bzip2
17278 pi        20   0  9132 7184  820 R  97.2  0.8   2:37.85 bzip2
17278 pi        20   0  9132 7184  820 R  94.0  0.8   2:40.08 bzip2
17278 pi        20   0  9132 7184  820 R  97.9  0.8   2:42.32 bzip2
17278 pi        20   0  9132 7184  820 R  93.9  0.8   2:44.55 bzip2
17278 pi        20   0  9132 7184  820 R  96.3  0.8   2:46.80 bzip2
17278 pi        20   0  9132 7184  820 R  99.6  0.8   2:49.04 bzip2
17278 pi        20   0  9132 7184  820 R  94.2  0.8   2:51.29 bzip2
17278 pi        20   0  9132 7184  820 R  94.2  0.8   2:53.52 bzip2
17278 pi        20   0  9132 7184  820 R  95.2  0.8   2:55.77 bzip2
17278 pi        20   0  9132 7184  820 R  94.0  0.8   2:58.00 bzip2
17278 pi        20   0  9132 7184  820 R 102.3  0.8   3:00.25 bzip2
17278 pi        20   0  9132 7184  820 R  93.8  0.8   3:02.48 bzip2
17278 pi        20   0  9132 7184  820 R  99.7  0.8   3:04.71 bzip2
17278 pi        20   0  9132 7184  820 R  99.7  0.8   3:06.96 bzip2
17278 pi        20   0  9132 7184  820 R 100.4  0.8   3:09.19 bzip2
17278 pi        20   0  9132 7184  820 R  99.4  0.8   3:11.43 bzip2
17278 pi        20   0  9132 7184  820 R 100.1  0.8   3:13.66 bzip2
17278 pi        20   0  9132 7184  820 R  97.3  0.8   3:15.90 bzip2
17278 pi        20   0  9132 7184  820 R  99.7  0.8   3:18.13 bzip2
17278 pi        20   0  9132 7184  820 R  99.8  0.8   3:21.39 bzip2
17278 pi        20   0  9132 7184  820 R  99.7  0.8   3:23.63 bzip2
17278 pi        20   0  9132 7184  820 R 100.1  0.8   3:25.86 bzip2
17278 pi        20   0  9132 7184  820 R  97.5  0.8   3:28.11 bzip2
17278 pi        20   0  9132 7184  820 R  94.2  0.8   3:30.34 bzip2
17278 pi        20   0  9132 7184  820 R  96.7  0.8   3:32.58 bzip2
17278 pi        20   0  9132 7184  820 R  94.4  0.8   3:34.81 bzip2
17278 pi        20   0  9132 7184  820 R  97.5  0.8   3:37.05 bzip2
17278 pi        20   0  9132 7184  820 R  99.9  0.8   3:39.28 bzip2
17278 pi        20   0  9132 7184  820 R  97.8  0.8   3:41.52 bzip2
17278 pi        20   0  9132 7184  820 R  93.9  0.8   3:43.75 bzip2
17278 pi        20   0  9132 7184  820 R  97.6  0.8   3:45.99 bzip2
17278 pi        20   0  9132 7184  820 R 100.0  0.8   3:48.23 bzip2
17278 pi        20   0  9132 7184  820 R  96.3  0.8   3:50.47 bzip2
17278 pi        20   0  9132 7184  820 R  99.7  0.8   3:52.71 bzip2
17278 pi        20   0  9132 7184  820 R  94.3  0.8   3:54.96 bzip2
17278 pi        20   0  9132 7184  820 R 100.1  0.8   3:57.16 bzip2
17278 pi        20   0  9132 7184  820 R  94.6  0.8   3:59.41 bzip2
17278 pi        20   0  9132 7184  820 R  94.2  0.8   4:01.64 bzip2
17278 pi        20   0  9132 7184  820 R  99.7  0.8   4:03.88 bzip2
17278 pi        20   0  9132 7184  820 R  99.8  0.8   4:06.12 bzip2
17278 pi        20   0  9132 7184  820 R  99.8  0.8   4:08.35 bzip2
17278 pi        20   0  9132 7184  820 R 100.0  0.8   4:10.59 bzip2
17278 pi        20   0  9132 7184  820 R 100.0  0.8   4:12.82 bzip2
17278 pi        20   0  9132 7184  820 R  99.8  0.8   4:15.07 bzip2
17278 pi        20   0  9132 7184  820 R  94.5  0.8   4:17.29 bzip2
17278 pi        20   0  9132 7184  820 R  91.3  0.8   4:19.53 bzip2
17278 pi        20   0  9132 7184  820 R  94.2  0.8   4:21.76 bzip2
17278 pi        20   0  9132 7184  820 R  97.6  0.8   4:24.01 bzip2
17278 pi        20   0  9132 7184  820 R  99.9  0.8   4:26.24 bzip2
17278 pi        20   0  9132 7184  820 R  97.3  0.8   4:28.48 bzip2
17278 pi        20   0  9132 7184  820 R  94.2  0.8   4:31.88 bzip2
17278 pi        20   0  9132 7184  820 R 103.1  0.8   4:34.13 bzip2
17278 pi        20   0  9132 7184  820 R  93.8  0.8   4:36.36 bzip2
17278 pi        20   0  9132 7184  820 R  99.4  0.8   4:38.60 bzip2
