27665 pi        20   0 10572 8680 4548 R 101.2  0.9   0:13.61 cactus_WaveDemo
27665 pi        20   0 10572 8680 4548 R  99.1  0.9   0:15.86 cactus_WaveDemo
27665 pi        20   0 10572 8748 4612 R  99.0  0.9   0:18.09 cactus_WaveDemo
27665 pi        20   0 10572 8748 4612 R  99.7  0.9   0:20.34 cactus_WaveDemo
27665 pi        20   0 10572 8748 4612 R  93.5  0.9   0:22.57 cactus_WaveDemo
27665 pi        20   0 10572 8748 4612 R  98.0  0.9   0:24.81 cactus_WaveDemo
27665 pi        20   0 10572 8748 4612 R  93.4  0.9   0:27.03 cactus_WaveDemo
27665 pi        20   0 10572 8748 4612 R  99.0  0.9   0:29.27 cactus_WaveDemo
27665 pi        20   0 10572 8752 4612 R  93.1  0.9   0:31.48 cactus_WaveDemo
27665 pi        20   0 10572 8752 4612 R  98.7  0.9   0:33.72 cactus_WaveDemo
27665 pi        20   0 10572 8752 4612 R  98.2  0.9   0:35.94 cactus_WaveDemo
27665 pi        20   0 10572 8752 4612 R  98.4  0.9   0:38.17 cactus_WaveDemo
27665 pi        20   0 10572 8752 4612 R 102.7  0.9   0:40.42 cactus_WaveDemo
27665 pi        20   0 10572 8752 4612 R  97.4  0.9   0:42.65 cactus_WaveDemo
27665 pi        20   0 10572 8756 4612 R  97.1  0.9   0:44.88 cactus_WaveDemo
27665 pi        20   0 10572 8756 4612 R  96.7  0.9   0:46.91 cactus_WaveDemo
27665 pi        20   0 10572 8756 4612 R  99.5  0.9   0:49.11 cactus_WaveDemo
27665 pi        20   0 10572 8756 4612 R  93.1  0.9   0:51.34 cactus_WaveDemo
27665 pi        20   0 10572 8756 4612 R  97.4  0.9   0:53.57 cactus_WaveDemo
27665 pi        20   0 10572 8756 4612 R  97.9  0.9   0:55.80 cactus_WaveDemo
27665 pi        20   0 10572 8760 4612 R  95.4  0.9   0:58.04 cactus_WaveDemo
27665 pi        20   0 10572 8760 4612 R  97.4  0.9   1:00.27 cactus_WaveDemo
27665 pi        20   0 10572 8760 4612 R 101.8  0.9   1:02.52 cactus_WaveDemo
27665 pi        20   0 10572 8760 4612 R  92.1  0.9   1:04.78 cactus_WaveDemo
27665 pi        20   0 10572 8760 4612 R  93.5  0.9   1:07.01 cactus_WaveDemo
27665 pi        20   0 10572 8764 4612 R  98.1  0.9   1:09.25 cactus_WaveDemo
27665 pi        20   0 10572 8764 4612 R  98.9  0.9   1:11.47 cactus_WaveDemo
27665 pi        20   0 10572 8764 4612 R  98.0  0.9   1:13.71 cactus_WaveDemo
27665 pi        20   0 10572 8764 4612 R  92.9  0.9   1:15.92 cactus_WaveDemo
27665 pi        20   0 10572 8764 4612 R  99.0  0.9   1:18.15 cactus_WaveDemo
27665 pi        20   0 10572 8764 4612 R  99.4  0.9   1:20.38 cactus_WaveDemo
27665 pi        20   0 10572 8768 4612 R  98.4  0.9   1:22.61 cactus_WaveDemo
27665 pi        20   0 10572 8768 4612 R  98.5  0.9   1:24.85 cactus_WaveDemo
27665 pi        20   0 10572 8768 4612 R  98.9  0.9   1:27.08 cactus_WaveDemo
27665 pi        20   0 10572 8768 4612 R  92.7  0.9   1:29.32 cactus_WaveDemo
27665 pi        20   0 10572 8768 4612 R  98.6  0.9   1:31.56 cactus_WaveDemo
27665 pi        20   0 10572 8768 4612 R  99.1  0.9   1:33.81 cactus_WaveDemo
27665 pi        20   0 10572 8772 4612 R  98.6  0.9   1:36.05 cactus_WaveDemo
27665 pi        20   0 10572 8772 4612 R  99.3  0.9   1:38.28 cactus_WaveDemo
27665 pi        20   0 10572 8772 4612 R  99.0  0.9   1:40.50 cactus_WaveDemo
27665 pi        20   0 10572 8772 4612 R  99.0  0.9   1:42.73 cactus_WaveDemo
27665 pi        20   0 10572 8772 4612 R  98.6  0.9   1:44.98 cactus_WaveDemo
27665 pi        20   0 10572 8772 4612 R  99.1  0.9   1:46.83 cactus_WaveDemo
27665 pi        20   0 10572 8776 4612 R  98.7  0.9   1:49.06 cactus_WaveDemo
27665 pi        20   0 10572 8776 4612 R  99.0  0.9   1:51.29 cactus_WaveDemo
27665 pi        20   0 10572 8776 4612 R  99.5  0.9   1:53.52 cactus_WaveDemo
27665 pi        20   0 10572 8776 4612 R  99.3  0.9   1:55.75 cactus_WaveDemo
27665 pi        20   0 10572 8776 4612 R  98.5  0.9   1:57.98 cactus_WaveDemo
27665 pi        20   0 10572 8776 4612 R  99.3  0.9   2:00.21 cactus_WaveDemo
27665 pi        20   0 10572 8780 4612 R  92.8  0.9   2:02.44 cactus_WaveDemo
27665 pi        20   0 10572 8780 4612 R  93.1  0.9   2:04.67 cactus_WaveDemo
27665 pi        20   0 10572 8780 4612 R  98.6  0.9   2:06.90 cactus_WaveDemo
27665 pi        20   0 10572 8780 4612 R  98.7  0.9   2:09.13 cactus_WaveDemo
27665 pi        20   0 10572 8780 4612 R  98.9  0.9   2:11.36 cactus_WaveDemo
27665 pi        20   0 10572 8780 4612 R  98.6  0.9   2:13.59 cactus_WaveDemo
27665 pi        20   0 10572 8784 4612 R  95.2  0.9   2:15.85 cactus_WaveDemo
27665 pi        20   0 10572 8784 4612 R  99.5  0.9   2:18.11 cactus_WaveDemo
27665 pi        20   0 10572 8784 4612 R  99.0  0.9   2:20.35 cactus_WaveDemo
27665 pi        20   0 10572 8784 4612 R  99.0  0.9   2:22.58 cactus_WaveDemo
27665 pi        20   0 10572 8784 4612 R  99.3  0.9   2:24.81 cactus_WaveDemo
27665 pi        20   0 10572 8784 4612 R 100.4  0.9   2:27.10 cactus_WaveDemo
27665 pi        20   0 10572 8788 4612 R  98.9  0.9   2:29.33 cactus_WaveDemo
27665 pi        20   0 10572 8788 4612 R  99.5  0.9   2:31.56 cactus_WaveDemo
27665 pi        20   0 10572 8788 4612 R  99.1  0.9   2:33.79 cactus_WaveDemo
27665 pi        20   0 10572 8788 4612 R  98.8  0.9   2:36.02 cactus_WaveDemo
27665 pi        20   0 10572 8788 4612 R  98.9  0.9   2:38.24 cactus_WaveDemo
27665 pi        20   0 10572 8788 4612 R  97.0  0.9   2:40.48 cactus_WaveDemo
27665 pi        20   0 10572 8792 4612 R  98.8  0.9   2:42.71 cactus_WaveDemo
27665 pi        20   0 10572 8792 4612 R  99.1  0.9   2:44.91 cactus_WaveDemo
27665 pi        20   0 10572 8792 4612 R  98.5  0.9   2:47.14 cactus_WaveDemo
27665 pi        20   0 10572 8792 4612 R  98.6  0.9   2:49.37 cactus_WaveDemo
27665 pi        20   0 10572 8792 4612 R  98.2  0.9   2:51.75 cactus_WaveDemo
27665 pi        20   0 10572 8792 4612 R  93.0  0.9   2:53.98 cactus_WaveDemo
27665 pi        20   0 10572 8796 4612 R  99.0  0.9   2:56.22 cactus_WaveDemo
27665 pi        20   0 10572 8796 4612 R  99.3  0.9   2:58.45 cactus_WaveDemo
27665 pi        20   0 10572 8796 4612 R  98.9  0.9   3:00.67 cactus_WaveDemo
27665 pi        20   0 10572 8796 4612 R  98.8  0.9   3:02.90 cactus_WaveDemo
27665 pi        20   0 10572 8796 4612 R  97.5  0.9   3:05.14 cactus_WaveDemo
27665 pi        20   0 10572 8800 4612 R  99.1  0.9   3:07.36 cactus_WaveDemo
27665 pi        20   0 10572 8800 4612 R  93.5  0.9   3:09.58 cactus_WaveDemo
27665 pi        20   0 10572 8800 4612 R  93.5  0.9   3:11.81 cactus_WaveDemo
27665 pi        20   0 10572 8800 4612 R  98.8  0.9   3:14.05 cactus_WaveDemo
27665 pi        20   0 10572 8800 4612 R  98.7  0.9   3:16.29 cactus_WaveDemo
27665 pi        20   0 10572 8800 4612 R  93.3  0.9   3:18.52 cactus_WaveDemo
27665 pi        20   0 10572 8804 4612 R 100.0  0.9   3:20.76 cactus_WaveDemo
27665 pi        20   0 10572 8804 4612 R  98.7  0.9   3:22.98 cactus_WaveDemo
27665 pi        20   0 10572 8804 4612 R  99.9  0.9   3:25.21 cactus_WaveDemo
27665 pi        20   0 10572 8804 4612 R  99.0  0.9   3:27.44 cactus_WaveDemo
27665 pi        20   0 10572 8804 4612 R  98.4  0.9   3:29.67 cactus_WaveDemo
27665 pi        20   0 10572 8804 4612 R  93.3  0.9   3:31.90 cactus_WaveDemo
27665 pi        20   0 10572 8808 4612 R  99.2  0.9   3:34.17 cactus_WaveDemo
27665 pi        20   0 10572 8808 4612 R  98.8  0.9   3:36.40 cactus_WaveDemo
27665 pi        20   0 10572 8808 4612 R  98.6  0.9   3:38.62 cactus_WaveDemo
27665 pi        20   0 10572 8808 4612 R  99.3  0.9   3:40.85 cactus_WaveDemo
27665 pi        20   0 10572 8808 4612 R  98.4  0.9   3:43.08 cactus_WaveDemo
27665 pi        20   0 10572 8808 4612 R  93.4  0.9   3:45.31 cactus_WaveDemo
27665 pi        20   0 10572 8812 4612 R  93.4  0.9   3:47.54 cactus_WaveDemo
27665 pi        20   0 10572 8812 4612 R  98.5  0.9   3:49.76 cactus_WaveDemo
27665 pi        20   0 10572 8812 4612 R  98.6  0.9   3:51.99 cactus_WaveDemo
27665 pi        20   0 10576 8812 4612 R  97.1  0.9   3:54.22 cactus_WaveDemo
27665 pi        20   0 10572 8812 4612 R  98.8  0.9   3:56.45 cactus_WaveDemo
27665 pi        20   0 10572 8812 4612 R  98.5  0.9   3:58.70 cactus_WaveDemo
27665 pi        20   0 10572 8816 4612 R  99.3  0.9   4:00.93 cactus_WaveDemo
27665 pi        20   0 10572 8816 4612 R  93.8  0.9   4:03.16 cactus_WaveDemo
27665 pi        20   0 10572 8816 4612 R  98.6  0.9   4:05.40 cactus_WaveDemo
27665 pi        20   0 10572 8816 4612 R 100.1  0.9   4:07.63 cactus_WaveDemo
27665 pi        20   0 10572 8816 4612 R  99.4  0.9   4:09.85 cactus_WaveDemo
27665 pi        20   0 10572 8816 4612 R  90.9  0.9   4:12.08 cactus_WaveDemo
27665 pi        20   0 10572 8820 4612 R  98.6  0.9   4:14.32 cactus_WaveDemo
27665 pi        20   0 10572 8820 4612 R  93.3  0.9   4:16.56 cactus_WaveDemo
27665 pi        20   0 10572 8820 4612 R  98.7  0.9   4:18.80 cactus_WaveDemo
27665 pi        20   0 10572 8820 4612 R  99.1  0.9   4:21.03 cactus_WaveDemo
27665 pi        20   0 10572 8820 4612 R  98.2  0.9   4:23.27 cactus_WaveDemo
27665 pi        20   0 10572 8820 4612 R  97.9  0.9   4:25.50 cactus_WaveDemo
27665 pi        20   0 10572 8820 4612 R  95.6  0.9   4:27.74 cactus_WaveDemo
27665 pi        20   0 10572 8824 4612 R  96.7  0.9   4:29.98 cactus_WaveDemo
27665 pi        20   0 10572 8824 4612 R  98.2  0.9   4:32.20 cactus_WaveDemo
27665 pi        20   0 10572 8824 4612 R  99.3  0.9   4:34.43 cactus_WaveDemo
27665 pi        20   0 10572 8824 4612 R  98.5  0.9   4:36.66 cactus_WaveDemo
27665 pi        20   0 10572 8824 4612 R  92.3  0.9   4:38.89 cactus_WaveDemo
27665 pi        20   0 10572 8824 4612 R  92.9  0.9   4:41.11 cactus_WaveDemo
27665 pi        20   0 10572 8828 4612 R 103.9  0.9   4:43.36 cactus_WaveDemo
27665 pi        20   0 10572 8828 4612 R  95.4  0.9   4:45.61 cactus_WaveDemo
27665 pi        20   0 10572 8828 4612 R  98.9  0.9   4:47.82 cactus_WaveDemo
27665 pi        20   0 10572 8828 4612 R  79.4  0.9   4:50.00 cactus_WaveDemo
27665 pi        20   0 10572 8828 4612 R  97.6  0.9   4:52.23 cactus_WaveDemo
27665 pi        20   0 10572 8828 4612 R 100.1  0.9   4:54.46 cactus_WaveDemo
27665 pi        20   0 10660 8832 4612 R  98.5  0.9   4:56.70 cactus_WaveDemo
27665 pi        20   0 10660 8832 4612 R  97.7  0.9   4:58.94 cactus_WaveDemo
27665 pi        20   0 10660 8832 4612 R  92.6  0.9   5:01.18 cactus_WaveDemo
27665 pi        20   0 10660 8832 4612 R  97.5  0.9   5:03.42 cactus_WaveDemo
27665 pi        20   0 10660 8832 4612 R  98.7  0.9   5:05.66 cactus_WaveDemo
27665 pi        20   0 10660 8832 4612 R  98.9  0.9   5:07.77 cactus_WaveDemo
27665 pi        20   0 10660 8836 4612 R  99.3  0.9   5:10.00 cactus_WaveDemo
27665 pi        20   0 10660 8836 4612 R  99.1  0.9   5:12.23 cactus_WaveDemo
27665 pi        20   0 10660 8836 4612 R  99.3  0.9   5:14.46 cactus_WaveDemo
27665 pi        20   0 10660 8836 4612 R  98.8  0.9   5:16.69 cactus_WaveDemo
27665 pi        20   0 10660 8836 4612 R 100.0  0.9   5:18.90 cactus_WaveDemo
27665 pi        20   0 10660 8836 4612 R  93.3  0.9   5:21.13 cactus_WaveDemo
27665 pi        20   0 10660 8840 4612 R  99.9  0.9   5:23.30 cactus_WaveDemo
27665 pi        20   0 10660 8840 4612 R  92.7  0.9   5:25.53 cactus_WaveDemo
27665 pi        20   0 10660 8840 4612 R  93.3  0.9   5:27.76 cactus_WaveDemo
27665 pi        20   0 10660 8840 4612 R  99.0  0.9   5:30.00 cactus_WaveDemo
27665 pi        20   0 10660 8840 4612 R  99.3  0.9   5:32.23 cactus_WaveDemo
27665 pi        20   0 10660 8840 4612 R  99.1  0.9   5:34.45 cactus_WaveDemo
27665 pi        20   0 10660 8844 4612 R  93.2  0.9   5:36.68 cactus_WaveDemo
27665 pi        20   0 10660 8844 4612 R  98.5  0.9   5:38.93 cactus_WaveDemo
27665 pi        20   0 10660 8844 4612 R  99.4  0.9   5:41.16 cactus_WaveDemo
27665 pi        20   0 10660 8844 4612 R  92.7  0.9   5:43.39 cactus_WaveDemo
27665 pi        20   0 10660 8844 4612 R  93.4  0.9   5:45.62 cactus_WaveDemo
27665 pi        20   0 10660 8844 4612 R  93.3  0.9   5:47.85 cactus_WaveDemo
27665 pi        20   0 10660 8848 4612 R  99.1  0.9   5:50.07 cactus_WaveDemo
27665 pi        20   0 10660 8848 4612 R  98.7  0.9   5:52.30 cactus_WaveDemo
27665 pi        20   0 10660 8848 4612 R  99.4  0.9   5:54.53 cactus_WaveDemo
27665 pi        20   0 10660 8848 4612 R  97.5  0.9   5:56.78 cactus_WaveDemo
27665 pi        20   0 10660 8848 4612 R  93.0  0.9   5:59.01 cactus_WaveDemo
27665 pi        20   0 10660 8848 4612 R  99.3  0.9   6:01.23 cactus_WaveDemo
27665 pi        20   0 10660 8852 4612 R  98.2  0.9   6:03.47 cactus_WaveDemo
27665 pi        20   0 10660 8852 4612 R  98.9  0.9   6:05.69 cactus_WaveDemo
27665 pi        20   0 10660 8852 4612 R  98.5  0.9   6:07.92 cactus_WaveDemo
27665 pi        20   0 10660 8852 4612 R  97.5  0.9   6:10.15 cactus_WaveDemo
27665 pi        20   0 10660 8852 4612 R  97.2  0.9   6:12.39 cactus_WaveDemo
27665 pi        20   0 10660 8852 4612 R  91.1  0.9   6:14.62 cactus_WaveDemo
27665 pi        20   0 10660 8856 4612 R  98.9  0.9   6:16.84 cactus_WaveDemo
27665 pi        20   0 10660 8856 4612 R  97.4  0.9   6:19.07 cactus_WaveDemo
27665 pi        20   0 10660 8856 4612 R  92.5  0.9   6:21.28 cactus_WaveDemo
27665 pi        20   0 10660 8856 4612 R  98.1  0.9   6:23.54 cactus_WaveDemo
27665 pi        20   0 10660 8856 4612 R  97.3  0.9   6:25.79 cactus_WaveDemo
27665 pi        20   0 10660 8856 4612 R  92.6  0.9   6:28.03 cactus_WaveDemo
27665 pi        20   0 10660 8860 4612 R  97.4  0.9   6:30.25 cactus_WaveDemo
27665 pi        20   0 10660 8860 4612 R  92.6  0.9   6:32.46 cactus_WaveDemo
27665 pi        20   0 10660 8860 4612 R  99.0  0.9   6:34.66 cactus_WaveDemo
27665 pi        20   0 10660 8860 4612 R 103.5  0.9   6:36.88 cactus_WaveDemo
27665 pi        20   0 10660 8860 4612 R  98.1  0.9   6:39.10 cactus_WaveDemo
27665 pi        20   0 10660 8860 4612 R  98.6  0.9   6:41.33 cactus_WaveDemo
27665 pi        20   0 10660 8864 4612 R  93.1  0.9   6:43.56 cactus_WaveDemo
27665 pi        20   0 10660 8864 4612 R  97.8  0.9   6:45.80 cactus_WaveDemo
27665 pi        20   0 10660 8864 4612 R  96.3  0.9   6:48.05 cactus_WaveDemo
27665 pi        20   0 10660 8864 4612 R  93.0  0.9   6:50.29 cactus_WaveDemo
27665 pi        20   0 10660 8864 4612 R  98.0  0.9   6:52.53 cactus_WaveDemo
27665 pi        20   0 10660 8868 4612 R  93.7  0.9   6:54.76 cactus_WaveDemo
27665 pi        20   0 10660 8868 4612 R  98.4  0.9   6:57.00 cactus_WaveDemo
27665 pi        20   0 10660 8868 4612 R  97.2  0.9   6:59.24 cactus_WaveDemo
27665 pi        20   0 10660 8868 4612 R  92.2  0.9   7:01.48 cactus_WaveDemo
27665 pi        20   0 10660 8868 4612 R  99.3  0.9   7:03.72 cactus_WaveDemo
27665 pi        20   0 10660 8868 4612 R  99.2  0.9   7:05.94 cactus_WaveDemo
27665 pi        20   0 10660 8872 4612 R  97.8  0.9   7:08.18 cactus_WaveDemo
27665 pi        20   0 10660 8872 4612 R  99.0  0.9   7:10.41 cactus_WaveDemo
27665 pi        20   0 10660 8872 4612 R  99.5  0.9   7:12.65 cactus_WaveDemo
27665 pi        20   0 10664 8872 4612 R  97.7  0.9   7:14.88 cactus_WaveDemo
27665 pi        20   0 10660 8872 4612 R  97.9  0.9   7:17.12 cactus_WaveDemo
27665 pi        20   0 10660 8876 4612 R  98.2  0.9   7:19.36 cactus_WaveDemo
27665 pi        20   0 10660 8876 4612 R  98.1  0.9   7:21.59 cactus_WaveDemo
27665 pi        20   0 10660 8876 4612 R  99.0  0.9   7:23.82 cactus_WaveDemo
27665 pi        20   0 10660 8876 4612 R  99.1  0.9   7:26.06 cactus_WaveDemo
27665 pi        20   0 10660 8876 4612 R  99.2  0.9   7:28.28 cactus_WaveDemo
27665 pi        20   0 10660 8876 4612 R  97.6  0.9   7:30.52 cactus_WaveDemo
27665 pi        20   0 10660 8880 4612 R  99.2  0.9   7:32.74 cactus_WaveDemo
27665 pi        20   0 10660 8880 4612 R  96.6  0.9   7:34.98 cactus_WaveDemo
27665 pi        20   0 10660 8880 4612 R  99.1  0.9   7:36.73 cactus_WaveDemo
27665 pi        20   0 10660 8880 4612 R  99.2  0.9   7:38.96 cactus_WaveDemo
27665 pi        20   0 10660 8880 4612 R  92.0  0.9   7:41.21 cactus_WaveDemo
27665 pi        20   0 10660 8880 4612 R  99.0  0.9   7:43.45 cactus_WaveDemo
27665 pi        20   0 10664 8884 4612 R  99.5  0.9   7:45.69 cactus_WaveDemo
27665 pi        20   0 10660 8884 4612 R  96.1  0.9   7:47.93 cactus_WaveDemo
27665 pi        20   0 10660 8884 4612 R  98.5  0.9   7:50.17 cactus_WaveDemo
27665 pi        20   0 10660 8884 4612 R  96.7  0.9   7:52.42 cactus_WaveDemo
27665 pi        20   0 10660 8884 4612 R  98.8  0.9   7:54.65 cactus_WaveDemo
27665 pi        20   0 10660 8884 4612 R  93.5  0.9   7:56.86 cactus_WaveDemo
27665 pi        20   0 10660 8888 4612 R  91.6  0.9   7:59.09 cactus_WaveDemo
27665 pi        20   0 10660 8888 4612 R  99.5  0.9   8:01.33 cactus_WaveDemo
27665 pi        20   0 10660 8888 4612 R  98.3  0.9   8:03.56 cactus_WaveDemo
27665 pi        20   0 10660 8888 4612 R  99.4  0.9   8:05.79 cactus_WaveDemo
27665 pi        20   0 10660 8888 4612 R  93.4  0.9   8:08.03 cactus_WaveDemo
27665 pi        20   0 10660 8888 4612 R  91.9  0.9   8:10.26 cactus_WaveDemo
27665 pi        20   0 10660 8892 4612 R  93.5  0.9   8:12.49 cactus_WaveDemo
27665 pi        20   0 10660 8892 4612 R  99.4  0.9   8:14.73 cactus_WaveDemo
27665 pi        20   0 10660 8892 4612 R  97.5  0.9   8:16.97 cactus_WaveDemo
27665 pi        20   0 10660 8892 4612 R  98.0  0.9   8:19.20 cactus_WaveDemo
27665 pi        20   0 10660 8892 4612 R  96.2  0.9   8:21.43 cactus_WaveDemo
27665 pi        20   0 10660 8892 4612 R  98.4  0.9   8:23.67 cactus_WaveDemo
27665 pi        20   0 10660 8896 4612 R  98.0  0.9   8:25.91 cactus_WaveDemo
27665 pi        20   0 10660 8896 4612 R  97.7  0.9   8:28.15 cactus_WaveDemo
27665 pi        20   0 10660 8896 4612 R  98.9  0.9   8:30.37 cactus_WaveDemo
27665 pi        20   0 10660 8896 4612 R  98.9  0.9   8:32.61 cactus_WaveDemo
27665 pi        20   0 10660 8896 4612 R  99.0  0.9   8:34.76 cactus_WaveDemo
27665 pi        20   0 10660 8900 4612 R  98.9  0.9   8:37.00 cactus_WaveDemo
27665 pi        20   0 10660 8900 4612 R  99.1  0.9   8:39.23 cactus_WaveDemo
27665 pi        20   0 10660 8900 4612 R  97.1  0.9   8:41.06 cactus_WaveDemo
27665 pi        20   0 10660 8900 4612 R  97.6  0.9   8:43.31 cactus_WaveDemo
27665 pi        20   0 10660 8900 4612 R  98.6  0.9   8:45.54 cactus_WaveDemo
27665 pi        20   0 10660 8900 4612 R  97.9  0.9   8:47.78 cactus_WaveDemo
27665 pi        20   0 10660 8904 4612 R  99.0  0.9   8:50.02 cactus_WaveDemo
27665 pi        20   0 10660 8904 4612 R  93.3  0.9   8:51.13 cactus_WaveDemo
27665 pi        20   0 10660 8904 4612 R  98.1  0.9   8:53.37 cactus_WaveDemo
27665 pi        20   0 10660 8904 4612 R  99.4  0.9   8:55.60 cactus_WaveDemo
27665 pi        20   0 10660 8904 4612 R  86.8  0.9   8:57.84 cactus_WaveDemo
27665 pi        20   0 10660 8904 4612 R  99.3  0.9   9:00.08 cactus_WaveDemo
27665 pi        20   0 10660 8904 4612 R  98.3  0.9   9:02.32 cactus_WaveDemo
27665 pi        20   0 10660 8908 4612 R  99.9  0.9   9:04.55 cactus_WaveDemo
27665 pi        20   0 10660 8908 4612 R  92.8  0.9   9:06.77 cactus_WaveDemo
27665 pi        20   0 10660 8908 4612 R  98.3  0.9   9:09.01 cactus_WaveDemo
27665 pi        20   0 10660 8908 4612 R 101.6  0.9   9:11.25 cactus_WaveDemo
27665 pi        20   0 10660 8908 4612 R  98.8  0.9   9:13.51 cactus_WaveDemo
27665 pi        20   0 10660 8908 4612 R  97.6  0.9   9:15.76 cactus_WaveDemo
27665 pi        20   0 10660 8912 4612 R 104.7  0.9   9:17.98 cactus_WaveDemo
27665 pi        20   0 10660 8912 4612 R  93.9  0.9   9:20.22 cactus_WaveDemo
27665 pi        20   0 10660 8912 4612 R  92.5  0.9   9:22.45 cactus_WaveDemo
27665 pi        20   0 10660 8912 4612 R  97.4  0.9   9:24.68 cactus_WaveDemo
27665 pi        20   0 10660 8912 4612 R  97.9  0.9   9:26.91 cactus_WaveDemo
27665 pi        20   0 10660 8912 4612 R 102.9  0.9   9:29.15 cactus_WaveDemo
27665 pi        20   0 10660 8916 4612 R  98.2  0.9   9:31.39 cactus_WaveDemo
27665 pi        20   0 10660 8916 4612 R  96.8  0.9   9:33.64 cactus_WaveDemo
27665 pi        20   0 10660 8916 4612 R  98.0  0.9   9:35.88 cactus_WaveDemo
27665 pi        20   0 10660 8916 4612 R  93.1  0.9   9:38.11 cactus_WaveDemo
27665 pi        20   0 10660 8916 4612 R 104.5  0.9   9:40.36 cactus_WaveDemo
27665 pi        20   0 10660 8916 4612 R  97.2  0.9   9:42.60 cactus_WaveDemo
27665 pi        20   0 10748 8920 4612 R  92.7  0.9   9:44.84 cactus_WaveDemo
27665 pi        20   0 10748 8920 4612 R  93.8  0.9   9:47.09 cactus_WaveDemo
27665 pi        20   0 10748 8920 4612 R  85.2  0.9   9:49.36 cactus_WaveDemo
27665 pi        20   0 10748 8920 4612 R  92.6  0.9   9:51.60 cactus_WaveDemo
27665 pi        20   0 10748 8920 4612 R  97.7  0.9   9:53.83 cactus_WaveDemo
27665 pi        20   0 10748 8920 4612 R  96.9  0.9   9:56.07 cactus_WaveDemo
27665 pi        20   0 10748 8920 4612 R  96.6  0.9   9:58.33 cactus_WaveDemo
27665 pi        20   0 10748 8924 4612 R  97.3  0.9  10:00.58 cactus_WaveDemo
27665 pi        20   0 10748 8924 4612 R  97.0  0.9  10:02.80 cactus_WaveDemo
27665 pi        20   0 10748 8924 4612 R  96.6  0.9  10:05.05 cactus_WaveDemo
27665 pi        20   0 10748 8924 4612 R  99.1  0.9  10:07.25 cactus_WaveDemo
27665 pi        20   0 10748 8924 4612 R  95.6  0.9  10:09.49 cactus_WaveDemo
27665 pi        20   0 10748 8924 4612 R  98.2  0.9  10:11.72 cactus_WaveDemo
27665 pi        20   0 10748 8928 4612 R  99.0  0.9  10:13.93 cactus_WaveDemo
27665 pi        20   0 10748 8928 4612 R  92.7  0.9  10:16.16 cactus_WaveDemo
27665 pi        20   0 10748 8928 4612 R  95.3  0.9  10:18.39 cactus_WaveDemo
27665 pi        20   0 10748 8928 4612 R  93.6  0.9  10:20.62 cactus_WaveDemo
27665 pi        20   0 10748 8928 4612 R  92.8  0.9  10:22.85 cactus_WaveDemo
27665 pi        20   0 10748 8928 4612 R  96.9  0.9  10:25.08 cactus_WaveDemo
27665 pi        20   0 10748 8932 4612 R  92.1  0.9  10:27.28 cactus_WaveDemo
27665 pi        20   0 10748 8932 4612 R 103.0  0.9  10:29.53 cactus_WaveDemo
27665 pi        20   0 10748 8932 4612 R  98.3  0.9  10:31.74 cactus_WaveDemo
27665 pi        20   0 10748 8932 4612 R  98.8  0.9  10:33.98 cactus_WaveDemo
27665 pi        20   0 10748 8932 4612 R 102.8  0.9  10:36.22 cactus_WaveDemo
27665 pi        20   0 10748 8932 4612 R  98.5  0.9  10:38.45 cactus_WaveDemo
27665 pi        20   0 10748 8936 4612 R  96.1  0.9  10:40.83 cactus_WaveDemo
27665 pi        20   0 10748 8936 4612 R  98.7  0.9  10:43.04 cactus_WaveDemo
27665 pi        20   0 10748 8936 4612 R  98.4  0.9  10:45.28 cactus_WaveDemo
27665 pi        20   0 10748 8936 4612 R  98.9  0.9  10:47.50 cactus_WaveDemo
27665 pi        20   0 10748 8936 4612 R  97.4  0.9  10:49.74 cactus_WaveDemo
27665 pi        20   0 10748 8936 4612 R  93.7  0.9  10:51.98 cactus_WaveDemo
27665 pi        20   0 10748 8940 4612 R  97.9  0.9  10:54.23 cactus_WaveDemo
27665 pi        20   0 10748 8940 4612 R  96.5  0.9  10:56.50 cactus_WaveDemo
27665 pi        20   0 10748 8940 4612 R  97.3  0.9  10:58.74 cactus_WaveDemo
27665 pi        20   0 10748 8940 4612 R 104.5  0.9  11:00.99 cactus_WaveDemo
27665 pi        20   0 10748 8940 4612 R  97.8  0.9  11:03.21 cactus_WaveDemo
27665 pi        20   0 10748 8944 4612 R  97.6  0.9  11:05.45 cactus_WaveDemo
27665 pi        20   0 10748 8944 4612 R  98.1  0.9  11:07.69 cactus_WaveDemo
27665 pi        20   0 10748 8944 4612 R  98.2  0.9  11:09.93 cactus_WaveDemo
27665 pi        20   0 10748 8944 4612 R  93.4  0.9  11:12.18 cactus_WaveDemo
27665 pi        20   0 10748 8944 4612 R  91.9  0.9  11:14.41 cactus_WaveDemo
27665 pi        20   0 10748 8944 4612 R 108.6  0.9  11:16.67 cactus_WaveDemo
27665 pi        20   0 10748 8948 4612 R  99.7  0.9  11:18.92 cactus_WaveDemo
27665 pi        20   0 10748 8948 4612 R  79.4  0.9  11:21.15 cactus_WaveDemo
27665 pi        20   0 10748 8948 4612 R 101.6  0.9  11:23.40 cactus_WaveDemo
27665 pi        20   0 10748 8948 4612 R  92.0  0.9  11:25.61 cactus_WaveDemo
27665 pi        20   0 10748 8948 4612 R  96.2  0.9  11:27.85 cactus_WaveDemo
27665 pi        20   0 10748 8948 4612 R  98.2  0.9  11:30.03 cactus_WaveDemo
27665 pi        20   0 10748 8952 4612 R 103.3  0.9  11:32.28 cactus_WaveDemo
27665 pi        20   0 10748 8952 4612 R  92.6  0.9  11:34.51 cactus_WaveDemo
27665 pi        20   0 10748 8952 4612 R  90.2  0.9  11:36.73 cactus_WaveDemo
27665 pi        20   0 10748 8952 4612 R  96.4  0.9  11:38.98 cactus_WaveDemo
