 4243 pi        20   0  383m 4952  708 R  95.6  0.5   0:00.22 quicksort
 4243 pi        20   0  383m  51m  708 R  94.6  5.6   0:02.44 quicksort
 4243 pi        20   0  383m  98m  708 R  94.6 10.7   0:04.68 quicksort
 4243 pi        20   0  383m 145m  708 R 100.3 15.7   0:06.91 quicksort
 4243 pi        20   0  383m 191m  708 R 100.5 20.7   0:09.14 quicksort
 4243 pi        20   0  383m 237m  708 R 100.0 25.6   0:11.37 quicksort
 4243 pi        20   0  383m 283m  708 R 100.5 30.6   0:13.59 quicksort
 4243 pi        20   0  383m 328m  708 R  95.1 35.5   0:15.83 quicksort
 4243 pi        20   0  383m 375m  708 R 100.5 40.5   0:18.06 quicksort
 4243 pi        20   0  383m 382m  708 R  93.6 41.3   0:20.28 quicksort
 4243 pi        20   0  383m 382m  708 R  93.7 41.3   0:22.51 quicksort
 4243 pi        20   0  383m 382m  708 R  94.0 41.3   0:24.74 quicksort
 4243 pi        20   0  383m 382m  708 R  93.6 41.3   0:26.97 quicksort
 4243 pi        20   0  383m 382m  708 R  94.0 41.3   0:29.20 quicksort
 4243 pi        20   0  383m 382m  708 R  94.4 41.3   0:31.43 quicksort
 4243 pi        20   0  383m 382m  708 R 100.5 41.3   0:33.66 quicksort
 4243 pi        20   0  383m 382m  708 R  93.3 41.3   0:35.90 quicksort
 4243 pi        20   0  383m 382m  708 R  97.8 41.3   0:38.14 quicksort
 4243 pi        20   0  383m 382m  708 R  99.7 41.3   0:40.37 quicksort
 4243 pi        20   0  383m 382m  708 R  94.6 41.3   0:42.59 quicksort
 4243 pi        20   0  383m 382m  708 R  94.3 41.3   0:44.82 quicksort
 4243 pi        20   0  383m 382m  708 R  94.8 41.3   0:47.05 quicksort
 4243 pi        20   0  383m 382m  708 R  90.2 41.3   0:49.30 quicksort
 4243 pi        20   0  383m 382m  708 R  94.4 41.3   0:51.52 quicksort
 4243 pi        20   0  383m 382m  708 R 100.7 41.3   0:53.76 quicksort
 4243 pi        20   0  383m 382m  708 R 100.6 41.3   0:55.99 quicksort
 4243 pi        20   0  383m 382m  708 R  99.1 41.3   0:58.21 quicksort
 4243 pi        20   0  383m 382m  708 R  97.2 41.3   1:00.45 quicksort
 4243 pi        20   0  383m 382m  708 R  93.5 41.3   1:02.68 quicksort
 4243 pi        20   0  383m 382m  708 R  99.8 41.3   1:04.91 quicksort
 4243 pi        20   0  383m 382m  708 R  99.9 41.3   1:07.14 quicksort
 4243 pi        20   0  383m 382m  708 R 100.1 41.3   1:09.37 quicksort
 4243 pi        20   0  383m 382m  708 R 100.3 41.3   1:11.60 quicksort
 4243 pi        20   0  383m 382m  708 R  99.4 41.3   1:13.83 quicksort
 4243 pi        20   0  383m 382m  708 R  93.5 41.3   1:16.07 quicksort
 4243 pi        20   0  383m 382m  708 R  93.5 41.3   1:18.30 quicksort
 4243 pi        20   0  383m 382m  708 R  99.4 41.3   1:20.54 quicksort
 4243 pi        20   0  383m 382m  708 R  94.6 41.3   1:22.76 quicksort
 4243 pi        20   0  383m 382m  708 R  94.4 41.3   1:24.99 quicksort
 4243 pi        20   0  383m 382m  708 R  99.6 41.3   1:27.23 quicksort
 4243 pi        20   0  383m 382m  708 R  99.4 41.3   1:29.46 quicksort
 4243 pi        20   0  383m 382m  708 R 100.4 41.3   1:31.69 quicksort
 4243 pi        20   0  383m 382m  708 R  99.3 41.3   1:33.92 quicksort
 4243 pi        20   0  383m 382m  708 R  93.6 41.3   1:36.15 quicksort
 4243 pi        20   0  383m 382m  708 R 100.0 41.3   1:38.39 quicksort
 4243 pi        20   0  383m 382m  708 R  99.3 41.3   1:40.62 quicksort
 4243 pi        20   0  383m 382m  708 R 100.7 41.3   1:42.85 quicksort
 4243 pi        20   0  383m 382m  708 R  94.5 41.3   1:45.07 quicksort
 4243 pi        20   0  383m 382m  708 R  94.3 41.3   1:47.30 quicksort
 4243 pi        20   0  383m 382m  708 R 100.6 41.3   1:49.53 quicksort
 4243 pi        20   0  383m 382m  708 R 106.4 41.3   1:51.77 quicksort
 4243 pi        20   0  383m 382m  708 R 100.8 41.3   1:54.01 quicksort
 4243 pi        20   0  383m 382m  708 R  94.7 41.3   1:56.23 quicksort
 4243 pi        20   0  383m 382m  708 R 100.5 41.3   1:58.46 quicksort
 4243 pi        20   0  383m 382m  708 R  99.2 41.3   2:00.69 quicksort
 4243 pi        20   0  383m 382m  708 R  89.2 41.3   2:02.92 quicksort
 4243 pi        20   0  383m 382m  708 R  94.3 41.3   2:05.15 quicksort
 4243 pi        20   0  383m 382m  708 R 100.6 41.3   2:07.38 quicksort
 4243 pi        20   0  383m 382m  708 R  99.2 41.3   2:09.61 quicksort
 4243 pi        20   0  383m 382m  708 R 100.0 41.3   2:11.84 quicksort
 4243 pi        20   0  383m 382m  708 R  94.7 41.3   2:14.06 quicksort
 4243 pi        20   0  383m 382m  708 R 100.3 41.3   2:16.29 quicksort
 4243 pi        20   0  383m 382m  708 R  98.7 41.3   2:18.52 quicksort
 4243 pi        20   0  383m 382m  708 R  94.7 41.3   2:20.74 quicksort
 4243 pi        20   0  383m 382m  708 R 100.3 41.3   2:22.97 quicksort
 4243 pi        20   0  383m 382m  708 R 100.4 41.3   2:25.20 quicksort
 4243 pi        20   0  383m 382m  708 R 100.5 41.3   2:27.43 quicksort
 4243 pi        20   0  383m 382m  708 R 100.5 41.3   2:29.66 quicksort
 4243 pi        20   0  383m 382m  708 R 100.8 41.3   2:31.89 quicksort
 4243 pi        20   0     0    0    0 Z   0.0  0.0   2:33.92 quicksort
