 4666 pi        20   0  1964  944  656 R  92.9  0.1   0:00.20 ordinsert
 4666 pi        20   0  1964  944  656 R 100.9  0.1   0:02.43 ordinsert
 4666 pi        20   0  1964  944  656 R  94.6  0.1   0:04.66 ordinsert
 4666 pi        20   0  1964  944  656 R  94.6  0.1   0:06.89 ordinsert
 4666 pi        20   0  1964  944  656 R 100.3  0.1   0:09.12 ordinsert
 4666 pi        20   0  1964  944  656 R 100.5  0.1   0:11.35 ordinsert
 4666 pi        20   0  1964  944  656 R 100.3  0.1   0:13.58 ordinsert
 4666 pi        20   0  1964  944  656 R  94.6  0.1   0:15.80 ordinsert
 4666 pi        20   0  1964  944  656 R  94.3  0.1   0:18.03 ordinsert
 4666 pi        20   0  1964  944  656 R 100.5  0.1   0:20.26 ordinsert
 4666 pi        20   0  1964  944  656 R 100.3  0.1   0:22.49 ordinsert
 4666 pi        20   0  1964  944  656 R 100.2  0.1   0:24.72 ordinsert
 4666 pi        20   0  1964  944  656 R 100.1  0.1   0:26.95 ordinsert
 4666 pi        20   0  1964  944  656 R 100.3  0.1   0:29.18 ordinsert
 4666 pi        20   0  1964  944  656 R  99.8  0.1   0:31.41 ordinsert
 4666 pi        20   0  1964  944  656 R  94.6  0.1   0:33.63 ordinsert
 4666 pi        20   0  1964  944  656 R  94.4  0.1   0:35.86 ordinsert
 4666 pi        20   0  1964  944  656 R  94.1  0.1   0:38.09 ordinsert
 4666 pi        20   0  1964  944  656 R  94.1  0.1   0:40.32 ordinsert
 4666 pi        20   0  1964  944  656 R  94.2  0.1   0:42.55 ordinsert
 4666 pi        20   0  1964  944  656 R  94.4  0.1   0:44.78 ordinsert
 4666 pi        20   0  1964  944  656 R  94.1  0.1   0:47.01 ordinsert
 4666 pi        20   0  1964  944  656 R  94.3  0.1   0:49.24 ordinsert
 4666 pi        20   0  1964  944  656 R 100.3  0.1   0:51.48 ordinsert
 4666 pi        20   0  1964  944  656 R 100.0  0.1   0:53.71 ordinsert
 4666 pi        20   0  1964  944  656 R 100.1  0.1   0:55.94 ordinsert
 4666 pi        20   0  1964  944  656 R  94.4  0.1   0:58.16 ordinsert
 4666 pi        20   0  1964  944  656 R  94.1  0.1   1:00.39 ordinsert
 4666 pi        20   0  1964  944  656 R  94.2  0.1   1:02.62 ordinsert
 4666 pi        20   0  1964  944  656 R  94.3  0.1   1:04.85 ordinsert
 4666 pi        20   0  1964  944  656 R  99.8  0.1   1:07.09 ordinsert
 4666 pi        20   0  1964  944  656 R 100.1  0.1   1:09.32 ordinsert
 4666 pi        20   0  1964  944  656 R 100.3  0.1   1:11.55 ordinsert
 4666 pi        20   0  1964  944  656 R  99.9  0.1   1:13.78 ordinsert
 4666 pi        20   0  1964  944  656 R 100.1  0.1   1:16.01 ordinsert
 4666 pi        20   0  1964  944  656 R 100.2  0.1   1:18.24 ordinsert
 4666 pi        20   0  1964  944  656 R  99.9  0.1   1:20.47 ordinsert
 4666 pi        20   0  1964  944  656 R 100.0  0.1   1:22.70 ordinsert
 4666 pi        20   0  1964  944  656 R 100.3  0.1   1:24.93 ordinsert
 4666 pi        20   0  1964  944  656 R  99.8  0.1   1:27.16 ordinsert
 4666 pi        20   0  1964  944  656 R  99.8  0.1   1:29.39 ordinsert
 4666 pi        20   0  1964  944  656 R 100.1  0.1   1:31.62 ordinsert
 4666 pi        20   0  1964  944  656 R  93.9  0.1   1:33.85 ordinsert
 4666 pi        20   0  1964  944  656 R  94.0  0.1   1:36.08 ordinsert
 4666 pi        20   0  1964  944  656 R  94.3  0.1   1:38.31 ordinsert
 4666 pi        20   0  1964  944  656 R  93.9  0.1   1:40.54 ordinsert
 4666 pi        20   0  1964  944  656 R  99.9  0.1   1:42.78 ordinsert
 4666 pi        20   0  1964  944  656 R 100.2  0.1   1:45.01 ordinsert
 4666 pi        20   0  1964  944  656 R  99.8  0.1   1:47.24 ordinsert
 4666 pi        20   0  1964  944  656 R  98.5  0.1   1:49.47 ordinsert
 4666 pi        20   0  1964  944  656 R 100.2  0.1   1:51.70 ordinsert
