 5294 pi        20   0  7536 4988 2924 R  92.6  0.5   0:00.21 perl
 5294 pi        20   0 29188  26m 2924 R  99.8  2.8   0:02.44 perl
 5294 pi        20   0 84872  80m 2924 R  95.0  8.7   0:04.69 perl
 5294 pi        20   0 94348  89m 2924 R  99.6  9.7   0:06.93 perl
 5294 pi        20   0 94444  89m 2924 R  98.9  9.7   0:09.17 perl
 5294 pi        20   0 99808  95m 2924 R  94.0 10.3   0:11.42 perl
 5294 pi        20   0  123m 121m 2924 R  99.2 13.1   0:13.66 perl
 5294 pi        20   0  215m 212m 2924 R  93.6 23.0   0:15.89 perl
 5294 pi        20   0  305m 303m 2924 R  93.6 32.8   0:18.12 perl
 5294 pi        20   0  342m 340m 2924 R  97.7 36.8   0:20.36 perl
 5918 pi        20   0  7668 4904 2832 R  99.3  0.5   0:00.22 perl
 5918 pi        20   0 11888 9128 2832 R 100.0  1.0   0:00.55 perl
 5918 pi        20   0 17760  14m 2832 R  99.4  1.6   0:00.88 perl
 5918 pi        20   0 28480  25m 2832 R  99.4  2.7   0:01.21 perl
 5918 pi        20   0 28612  25m 2832 R  94.2  2.7   0:01.54 perl
 5918 pi        20   0 28612  25m 2832 R  99.8  2.7   0:01.88 perl
 5918 pi        20   0 28612  25m 2832 R  99.9  2.7   0:02.21 perl
 5918 pi        20   0 30564  27m 2832 R  92.1  2.9   0:02.54 perl
 5918 pi        20   0 34964  31m 2832 R  99.5  3.4   0:02.88 perl
 5918 pi        20   0 48972  45m 2832 R 104.8  4.9   0:03.22 perl
 5918 pi        20   0 63596  59m 2832 R  99.5  6.4   0:03.55 perl
 5918 pi        20   0 77656  73m 2832 R  99.3  7.9   0:03.88 perl
 5918 pi        20   0 91740  87m 2832 R  93.5  9.4   0:04.21 perl
 5918 pi        20   0 94260  89m 2832 R  97.8  9.7   0:04.55 perl
 5918 pi        20   0 94296  89m 2832 R  98.2  9.7   0:04.89 perl
 5918 pi        20   0 94340  89m 2832 R  94.6  9.7   0:05.27 perl
 5918 pi        20   0 94344  89m 2832 R  99.7  9.7   0:05.60 perl
 5918 pi        20   0 94368  89m 2832 R  98.0  9.7   0:05.93 perl
 5918 pi        20   0 94408  89m 2832 R  99.5  9.7   0:06.26 perl
 5918 pi        20   0 94436  89m 2832 R  93.5  9.7   0:06.59 perl
 5918 pi        20   0 94440  89m 2832 R  99.1  9.7   0:06.93 perl
 5918 pi        20   0 94444  89m 2832 R  92.9  9.7   0:07.26 perl
 5918 pi        20   0 94444  89m 2832 R  99.7  9.7   0:07.60 perl
 5918 pi        20   0 94444  89m 2832 R  99.7  9.7   0:07.93 perl
 5918 pi        20   0 94448  89m 2832 R  94.0  9.7   0:08.26 perl
 5918 pi        20   0 94448  89m 2832 R  93.7  9.7   0:08.59 perl
 5918 pi        20   0 95640  90m 2832 R  98.0  9.8   0:08.93 perl
 5918 pi        20   0 96384  91m 2832 R  97.5  9.9   0:09.27 perl
 5918 pi        20   0 99380  94m 2832 R  99.1 10.2   0:09.62 perl
 5918 pi        20   0  100m  97m 2832 R  99.0 10.6   0:09.96 perl
 5918 pi        20   0  104m 101m 2832 R  99.1 11.0   0:10.31 perl
 5918 pi        20   0  108m 106m 2832 R  96.3 11.5   0:10.65 perl
 5918 pi        20   0  113m 110m 2832 R  93.4 11.9   0:10.98 perl
 5918 pi        20   0  119m 116m 2832 R 104.4 12.6   0:11.33 perl
 5918 pi        20   0  132m 129m 2832 R  99.3 14.0   0:11.68 perl
 5918 pi        20   0  146m 143m 2832 R  98.9 15.5   0:12.02 perl
 5918 pi        20   0  160m 157m 2832 R  99.0 17.0   0:12.35 perl
 5918 pi        20   0  173m 170m 2832 R  93.4 18.5   0:12.68 perl
 5918 pi        20   0  187m 185m 2832 R  98.6 20.0   0:13.02 perl
 5918 pi        20   0  202m 199m 2832 R 104.9 21.6   0:13.36 perl
 5918 pi        20   0  215m 213m 2832 R  98.8 23.0   0:13.70 perl
 5918 pi        20   0  229m 226m 2832 R  93.5 24.5   0:14.03 perl
 5918 pi        20   0  242m 240m 2832 R  98.9 26.0   0:14.37 perl
 5918 pi        20   0  256m 253m 2832 R  99.3 27.4   0:14.70 perl
 5918 pi        20   0  269m 267m 2832 R  93.6 28.8   0:15.03 perl
 5918 pi        20   0  285m 283m 2832 R  99.5 30.6   0:15.44 perl
 5918 pi        20   0  299m 296m 2832 R  98.8 32.0   0:15.77 perl
 5918 pi        20   0  312m 310m 2832 R  99.1 33.5   0:16.11 perl
 5918 pi        20   0  326m 323m 2832 R  99.1 34.9   0:16.44 perl
 5918 pi        20   0  339m 337m 2832 R  93.7 36.4   0:16.77 perl
 5918 pi        20   0  342m 340m 2832 R  98.2 36.7   0:17.11 perl
 5918 pi        20   0  342m 340m 2832 R  97.8 36.8   0:17.45 perl
 5918 pi        20   0  342m 340m 2832 R  97.8 36.8   0:17.79 perl
 5918 pi        20   0  342m 340m 2832 R  98.2 36.8   0:18.13 perl
 5918 pi        20   0  342m 340m 2832 R  97.4 36.8   0:18.47 perl
 5918 pi        20   0  342m 340m 2832 R  91.9 36.8   0:18.81 perl
 5918 pi        20   0     0    0    0 R  86.5  0.0   0:19.13 perl
