13433 pi        20   0  6480 3924 2908 R  99.1  0.4   0:00.20 perl
13433 pi        20   0  6480 3924 2908 R 100.5  0.4   0:00.54 perl
13433 pi        20   0  6480 3924 2908 R  94.6  0.4   0:00.86 perl
13433 pi        20   0  6480 3924 2908 R 100.6  0.4   0:01.19 perl
13433 pi        20   0  6480 3924 2908 R  94.9  0.4   0:01.51 perl
13433 pi        20   0  6480 3924 2908 R 100.8  0.4   0:01.84 perl
13433 pi        20   0  6480 3924 2908 R  94.6  0.4   0:02.16 perl
13433 pi        20   0  6480 3924 2908 R 100.4  0.4   0:02.49 perl
13433 pi        20   0  6480 3924 2908 R 101.0  0.4   0:02.81 perl
13433 pi        20   0  6480 3924 2908 R  94.8  0.4   0:03.13 perl
13433 pi        20   0  6480 3924 2908 R 100.7  0.4   0:03.46 perl
13433 pi        20   0  6480 3924 2908 R  95.0  0.4   0:03.78 perl
13433 pi        20   0  6480 3924 2908 R 100.9  0.4   0:04.11 perl
13433 pi        20   0  6480 3924 2908 R 101.0  0.4   0:04.43 perl
13433 pi        20   0  6480 3924 2908 R  94.9  0.4   0:04.75 perl
13433 pi        20   0  6480 3924 2908 R  95.0  0.4   0:05.07 perl
13433 pi        20   0  6480 3924 2908 R 100.8  0.4   0:05.41 perl
13433 pi        20   0  6480 3924 2908 R  94.7  0.4   0:05.73 perl
13433 pi        20   0  6480 3924 2908 R 100.9  0.4   0:06.06 perl
13433 pi        20   0  6480 3924 2908 R 100.9  0.4   0:06.38 perl
13433 pi        20   0  6480 3924 2908 R  94.8  0.4   0:06.70 perl
13433 pi        20   0  6480 3924 2908 R 100.6  0.4   0:07.03 perl
13433 pi        20   0  6480 3924 2908 R  94.8  0.4   0:07.35 perl
13433 pi        20   0  6480 3924 2908 R  94.8  0.4   0:07.67 perl
13433 pi        20   0  6480 3924 2908 R 100.8  0.4   0:08.00 perl
13433 pi        20   0  6480 3924 2908 R  94.8  0.4   0:08.32 perl
13433 pi        20   0  6480 3924 2908 R 100.8  0.4   0:08.65 perl
13433 pi        20   0  6480 3924 2908 R 100.7  0.4   0:08.97 perl
13433 pi        20   0  6480 3924 2908 R  94.2  0.4   0:09.29 perl
13433 pi        20   0  6480 3924 2908 R 100.9  0.4   0:09.62 perl
13433 pi        20   0  6612 3924 2908 R 100.7  0.4   0:09.94 perl
13433 pi        20   0  6612 3924 2908 R  94.9  0.4   0:10.26 perl
13433 pi        20   0  6612 3924 2908 R  94.6  0.4   0:10.59 perl
13433 pi        20   0  6612 3924 2908 R 100.7  0.4   0:10.92 perl
13433 pi        20   0  6612 3924 2908 R 100.9  0.4   0:11.24 perl
13433 pi        20   0  6612 3924 2908 R  94.9  0.4   0:11.56 perl
13433 pi        20   0  6612 3924 2908 R 100.7  0.4   0:11.89 perl
13433 pi        20   0  6612 3924 2908 R 100.8  0.4   0:12.21 perl
13433 pi        20   0  6612 3924 2908 R  94.8  0.4   0:12.53 perl
13433 pi        20   0  6612 3924 2908 R 100.9  0.4   0:12.86 perl
13433 pi        20   0  6612 3924 2908 R 100.5  0.4   0:13.18 perl
13433 pi        20   0  6612 3924 2908 R  94.7  0.4   0:13.50 perl
13433 pi        20   0  6612 3924 2908 R 100.7  0.4   0:13.83 perl
13433 pi        20   0  6612 3924 2908 R  94.8  0.4   0:14.15 perl
13433 pi        20   0  6612 3924 2908 R 100.5  0.4   0:14.48 perl
13433 pi        20   0  6612 3924 2908 R 100.7  0.4   0:14.80 perl
13433 pi        20   0  6612 3924 2908 R  94.8  0.4   0:15.12 perl
13433 pi        20   0  6612 3924 2908 R 101.0  0.4   0:15.45 perl
13433 pi        20   0  6612 3924 2908 R  94.8  0.4   0:15.77 perl
13433 pi        20   0  6612 3924 2908 R 100.9  0.4   0:16.10 perl
13433 pi        20   0  6612 3924 2908 R 100.9  0.4   0:16.42 perl
13433 pi        20   0  6612 3924 2908 R  95.0  0.4   0:16.74 perl
13433 pi        20   0  6612 3924 2908 R 100.9  0.4   0:17.07 perl
13433 pi        20   0  6612 3924 2908 R 100.8  0.4   0:17.39 perl
13433 pi        20   0  6612 3924 2908 R  94.8  0.4   0:17.71 perl
13433 pi        20   0  6612 3924 2908 R 100.6  0.4   0:18.04 perl
13433 pi        20   0  6612 3924 2908 R  94.6  0.4   0:18.36 perl
13433 pi        20   0  6612 3924 2908 R 100.5  0.4   0:18.69 perl
13433 pi        20   0  6612 3924 2908 R 100.6  0.4   0:19.01 perl
13433 pi        20   0  6612 3924 2908 R  94.7  0.4   0:19.33 perl
13433 pi        20   0  6612 3924 2908 R 100.9  0.4   0:19.66 perl
13433 pi        20   0  6612 3924 2908 R  95.0  0.4   0:19.98 perl
13433 pi        20   0  6612 3924 2908 R  95.0  0.4   0:20.30 perl
13433 pi        20   0  6612 3924 2908 R 100.8  0.4   0:20.63 perl
13433 pi        20   0  6612 4188 2908 R  95.0  0.4   0:20.95 perl
13433 pi        20   0  6612 4188 2908 R 100.9  0.4   0:21.28 perl
13433 pi        20   0  6612 4188 2908 R 100.9  0.4   0:21.60 perl
13433 pi        20   0  6788 4188 2908 R  94.6  0.4   0:21.92 perl
13433 pi        20   0  6788 4188 2908 R 100.9  0.4   0:22.25 perl
13433 pi        20   0  6788 4188 2908 R 100.8  0.4   0:22.57 perl
13433 pi        20   0  6788 4188 2908 R  94.8  0.4   0:22.89 perl
13433 pi        20   0  6788 4188 2908 R 100.6  0.4   0:23.22 perl
13433 pi        20   0  6788 4188 2908 R  94.7  0.4   0:23.54 perl
13433 pi        20   0  6788 4188 2908 R 100.6  0.4   0:23.87 perl
13433 pi        20   0  6788 4188 2908 R 100.9  0.4   0:24.19 perl
13433 pi        20   0  6788 4188 2908 R  94.7  0.4   0:24.51 perl
13433 pi        20   0  6788 4188 2908 R 100.7  0.4   0:24.84 perl
13433 pi        20   0  6788 4188 2908 R  94.7  0.4   0:25.16 perl
13433 pi        20   0  6788 4188 2908 R 100.7  0.4   0:25.49 perl
13433 pi        20   0  6788 4188 2908 R 100.9  0.4   0:25.81 perl
13433 pi        20   0  6788 4188 2908 R 100.7  0.4   0:26.14 perl
13433 pi        20   0  6788 4188 2908 R 100.9  0.4   0:26.46 perl
13433 pi        20   0  6788 4188 2908 R  94.8  0.4   0:26.78 perl
13433 pi        20   0  6788 4188 2908 R 100.5  0.4   0:27.11 perl
13433 pi        20   0  6788 4188 2908 R  95.0  0.4   0:27.44 perl
13433 pi        20   0  6788 4188 2908 R 100.9  0.4   0:27.77 perl
13433 pi        20   0  6788 4188 2908 R 100.9  0.4   0:28.09 perl
13433 pi        20   0  6788 4188 2908 R  94.9  0.4   0:28.41 perl
13433 pi        20   0  6788 4188 2908 R  95.0  0.4   0:28.73 perl
13433 pi        20   0  6788 4188 2908 R 100.8  0.4   0:29.06 perl
13433 pi        20   0  6788 4188 2908 R 100.8  0.4   0:29.38 perl
13433 pi        20   0  6788 4188 2908 R  94.6  0.4   0:29.70 perl
13433 pi        20   0  6788 4188 2908 R 100.6  0.4   0:30.03 perl
13433 pi        20   0  6788 4188 2908 R  95.0  0.4   0:30.35 perl
13433 pi        20   0  6788 4188 2908 R  94.8  0.4   0:30.67 perl
13433 pi        20   0  6788 4188 2908 R 100.7  0.4   0:31.00 perl
13433 pi        20   0  6788 4188 2908 R 100.9  0.4   0:31.33 perl
13433 pi        20   0  6788 4188 2908 R 100.5  0.4   0:31.65 perl
13433 pi        20   0  6788 4188 2908 R  94.9  0.4   0:31.97 perl
13433 pi        20   0  6788 4188 2908 R 100.9  0.4   0:32.30 perl
13433 pi        20   0  6960 4188 2908 R 100.7  0.4   0:32.62 perl
13433 pi        20   0  6960 4188 2908 R  94.8  0.4   0:32.94 perl
13433 pi        20   0  6960 4188 2908 R 100.8  0.4   0:33.27 perl
13433 pi        20   0  6960 4188 2908 R  94.7  0.4   0:33.59 perl
13433 pi        20   0  6960 4188 2908 R  94.8  0.4   0:33.91 perl
13433 pi        20   0  6960 4188 2908 R 101.0  0.4   0:34.24 perl
13433 pi        20   0  6960 4188 2908 R  94.7  0.4   0:34.56 perl
13433 pi        20   0  6960 4188 2908 R 100.8  0.4   0:34.89 perl
13433 pi        20   0  6960 4188 2908 R  95.0  0.4   0:35.21 perl
13433 pi        20   0  6960 4188 2908 R  94.7  0.4   0:35.53 perl
13433 pi        20   0  6960 4188 2908 R 100.7  0.4   0:35.86 perl
13433 pi        20   0  6960 4188 2908 R 100.9  0.4   0:36.18 perl
13433 pi        20   0  6960 4188 2908 R 100.5  0.4   0:36.52 perl
13433 pi        20   0  6960 4188 2908 R  94.8  0.4   0:36.84 perl
13433 pi        20   0  6960 4188 2908 R  94.9  0.4   0:37.16 perl
13433 pi        20   0  6960 4188 2908 R 100.7  0.4   0:37.49 perl
13433 pi        20   0  6960 4188 2908 R  94.8  0.4   0:37.81 perl
13433 pi        20   0  6960 4188 2908 R  94.9  0.4   0:38.13 perl
13433 pi        20   0  6960 4188 2908 R 100.9  0.4   0:38.46 perl
13433 pi        20   0  6960 4188 2908 R 100.9  0.4   0:38.78 perl
13433 pi        20   0  6960 4188 2908 R  94.6  0.4   0:39.10 perl
13433 pi        20   0  6960 4188 2908 R 100.6  0.4   0:39.43 perl
13433 pi        20   0  6960 4188 2908 R 100.6  0.4   0:39.75 perl
13433 pi        20   0  6960 4188 2908 R  94.9  0.4   0:40.07 perl
13433 pi        20   0  6960 4188 2908 R 100.7  0.4   0:40.40 perl
13433 pi        20   0  6960 4188 2908 R  95.0  0.4   0:40.72 perl
13433 pi        20   0  6960 4188 2908 R  94.8  0.4   0:41.04 perl
13433 pi        20   0  6960 4188 2908 R 100.1  0.4   0:41.37 perl
13433 pi        20   0  6960 4188 2908 R  94.6  0.4   0:41.70 perl
13433 pi        20   0  6960 4188 2908 R  95.0  0.4   0:42.02 perl
13433 pi        20   0  6960 4188 2908 R 100.8  0.4   0:42.35 perl
13433 pi        20   0  6960 4188 2908 R  94.8  0.4   0:42.67 perl
13433 pi        20   0  6960 4188 2908 R  94.9  0.4   0:42.99 perl
13433 pi        20   0  6960 4188 2908 R 100.9  0.4   0:43.32 perl
13433 pi        20   0  6960 4188 2908 R  94.8  0.4   0:43.64 perl
13433 pi        20   0  6960 4188 2908 R 100.7  0.4   0:43.97 perl
13433 pi        20   0  6960 4188 2908 R 100.7  0.4   0:44.29 perl
13433 pi        20   0  6960 4188 2908 R  94.8  0.4   0:44.61 perl
13433 pi        20   0  6960 4452 2908 R 100.9  0.5   0:44.94 perl
13433 pi        20   0  6960 4452 2908 R 100.7  0.5   0:45.26 perl
13433 pi        20   0  6960 4452 2908 R  94.8  0.5   0:45.58 perl
13433 pi        20   0  6960 4452 2908 R 100.7  0.5   0:45.91 perl
13433 pi        20   0  6960 4452 2908 R 100.7  0.5   0:46.23 perl
13433 pi        20   0  6960 4452 2908 R  94.7  0.5   0:46.55 perl
13433 pi        20   0  6960 4452 2908 R 100.9  0.5   0:46.88 perl
13433 pi        20   0  6960 4452 2908 R  94.8  0.5   0:47.20 perl
13433 pi        20   0  6960 4452 2908 R  95.0  0.5   0:47.52 perl
13433 pi        20   0  6960 4452 2908 R 100.8  0.5   0:47.85 perl
13433 pi        20   0  7096 4452 2908 R  94.9  0.5   0:48.17 perl
13433 pi        20   0  7096 4452 2908 R  94.6  0.5   0:48.49 perl
13433 pi        20   0  7096 4452 2908 R 100.7  0.5   0:48.82 perl
13433 pi        20   0  7096 4452 2908 R  94.8  0.5   0:49.14 perl
13433 pi        20   0  7096 4452 2908 R 100.6  0.5   0:49.47 perl
13433 pi        20   0  7096 4452 2908 R  94.9  0.5   0:49.79 perl
13433 pi        20   0  7096 4452 2908 R  94.9  0.5   0:50.11 perl
13433 pi        20   0  7096 4452 2908 R 100.7  0.5   0:50.44 perl
13433 pi        20   0  7096 4452 2908 R 101.0  0.5   0:50.76 perl
13433 pi        20   0  7096 4452 2908 R  94.8  0.5   0:51.08 perl
13433 pi        20   0  7096 4452 2908 R 100.8  0.5   0:51.41 perl
13433 pi        20   0  7096 4452 2908 R 100.9  0.5   0:51.73 perl
13433 pi        20   0  7096 4452 2908 R 100.7  0.5   0:52.06 perl
13433 pi        20   0  7096 4452 2908 R  94.9  0.5   0:52.38 perl
13433 pi        20   0  7096 4452 2908 R  94.8  0.5   0:52.70 perl
13433 pi        20   0  7096 4452 2908 R 100.6  0.5   0:53.03 perl
13433 pi        20   0  7096 4452 2908 R  94.8  0.5   0:53.35 perl
13433 pi        20   0  7096 4452 2908 R  94.8  0.5   0:53.67 perl
13433 pi        20   0  7096 4452 2908 R 100.8  0.5   0:54.00 perl
13433 pi        20   0  7096 4452 2908 R  94.8  0.5   0:54.32 perl
13433 pi        20   0  7096 4452 2908 R  95.0  0.5   0:54.64 perl
13433 pi        20   0  7096 4452 2908 R 100.6  0.5   0:54.97 perl
13433 pi        20   0  7096 4452 2908 R  94.7  0.5   0:55.29 perl
13433 pi        20   0  7096 4452 2908 R 100.7  0.5   0:55.62 perl
13433 pi        20   0  7096 4452 2908 R  94.7  0.5   0:55.94 perl
13433 pi        20   0  7096 4452 2908 R 100.7  0.5   0:56.27 perl
13433 pi        20   0  7096 4452 2908 R 100.9  0.5   0:56.59 perl
13433 pi        20   0  7096 4452 2908 R  94.8  0.5   0:56.91 perl
13433 pi        20   0  7096 4452 2908 R  95.0  0.5   0:57.24 perl
13433 pi        20   0  7096 4452 2908 R 100.7  0.5   0:57.57 perl
13433 pi        20   0  7096 4452 2908 R 100.8  0.5   0:57.89 perl
13433 pi        20   0  7096 4452 2908 R  94.9  0.5   0:58.21 perl
13433 pi        20   0  7096 4452 2908 R 100.3  0.5   0:58.54 perl
13433 pi        20   0  7096 4452 2908 R  94.8  0.5   0:58.86 perl
13433 pi        20   0  7096 4452 2908 R 101.0  0.5   0:59.24 perl
13433 pi        20   0  7096 4452 2908 R  94.7  0.5   0:59.56 perl
13433 pi        20   0  7096 4452 2908 R  94.7  0.5   0:59.88 perl
13433 pi        20   0  7096 4452 2908 R 101.0  0.5   1:00.21 perl
13433 pi        20   0  7096 4452 2908 R 100.6  0.5   1:00.53 perl
13433 pi        20   0  7096 4452 2908 R 100.7  0.5   1:00.86 perl
13433 pi        20   0  7096 4452 2908 R 100.7  0.5   1:01.18 perl
13433 pi        20   0  7096 4452 2908 R  94.8  0.5   1:01.50 perl
13433 pi        20   0  7096 4452 2908 R 100.9  0.5   1:01.83 perl
13433 pi        20   0  7096 4452 2908 R 100.8  0.5   1:02.16 perl
13433 pi        20   0  7096 4452 2908 R  95.0  0.5   1:02.48 perl
13433 pi        20   0  7096 4452 2908 R 100.8  0.5   1:02.81 perl
13433 pi        20   0  7096 4452 2908 R 100.7  0.5   1:03.13 perl
13433 pi        20   0  7096 4452 2908 R  94.8  0.5   1:03.45 perl
13433 pi        20   0  7096 4452 2908 R 100.6  0.5   1:03.78 perl
13433 pi        20   0  7096 4452 2908 R 100.7  0.5   1:04.10 perl
13433 pi        20   0  7096 4452 2908 R  94.8  0.5   1:04.42 perl
13433 pi        20   0  7228 4452 2908 R 100.7  0.5   1:04.75 perl
13433 pi        20   0  7228 4452 2908 R 100.6  0.5   1:05.07 perl
13433 pi        20   0  7228 4452 2908 R  94.9  0.5   1:05.39 perl
13433 pi        20   0  7228 4452 2908 R 100.9  0.5   1:05.72 perl
13433 pi        20   0  7228 4716 2908 R 100.7  0.5   1:06.04 perl
13433 pi        20   0  7228 4716 2908 R  95.0  0.5   1:06.36 perl
13433 pi        20   0  7228 4716 2908 R 100.6  0.5   1:06.69 perl
13433 pi        20   0  7228 4716 2908 R 100.7  0.5   1:07.01 perl
13433 pi        20   0  7228 4716 2908 R  95.0  0.5   1:07.34 perl
13433 pi        20   0  7228 4716 2908 R 100.7  0.5   1:07.67 perl
13433 pi        20   0  7368 4716 2908 R 100.9  0.5   1:07.99 perl
13433 pi        20   0  7368 4716 2908 R  95.0  0.5   1:08.31 perl
13433 pi        20   0  7368 4716 2908 R 100.6  0.5   1:08.64 perl
13433 pi        20   0  7368 4716 2908 R 100.8  0.5   1:08.96 perl
13433 pi        20   0  7368 4716 2908 R  95.1  0.5   1:09.28 perl
13433 pi        20   0  7368 4716 2908 R  94.8  0.5   1:09.60 perl
13433 pi        20   0  7368 4716 2908 R 100.7  0.5   1:09.93 perl
13433 pi        20   0  7368 4716 2908 R  95.0  0.5   1:10.25 perl
13433 pi        20   0  7368 4716 2908 R  94.8  0.5   1:10.57 perl
13433 pi        20   0  7436 4832 2908 R 100.7  0.5   1:10.90 perl
13433 pi        20   0  7436 4832 2908 R  94.8  0.5   1:11.22 perl
13433 pi        20   0  7436 4832 2908 R 100.5  0.5   1:11.55 perl
13433 pi        20   0  7436 4832 2908 R 100.7  0.5   1:11.87 perl
13433 pi        20   0  7436 4832 2908 R  95.0  0.5   1:12.19 perl
13433 pi        20   0  7436 4832 2908 R  94.7  0.5   1:12.52 perl
13433 pi        20   0  7436 4832 2908 R 100.7  0.5   1:12.85 perl
13433 pi        20   0  7436 4832 2908 R 100.9  0.5   1:13.17 perl
13433 pi        20   0  7436 4832 2908 R  94.7  0.5   1:13.49 perl
13433 pi        20   0  7436 4832 2908 R 100.4  0.5   1:13.82 perl
13433 pi        20   0  7436 4832 2908 R 100.8  0.5   1:14.14 perl
13433 pi        20   0  7436 4832 2908 R  94.8  0.5   1:14.46 perl
13433 pi        20   0  7436 4832 2908 R 100.6  0.5   1:14.79 perl
13433 pi        20   0  7436 4832 2908 R  95.0  0.5   1:15.11 perl
13433 pi        20   0  7436 4832 2908 R  94.8  0.5   1:15.43 perl
13433 pi        20   0  7436 4832 2908 R 100.8  0.5   1:15.76 perl
13433 pi        20   0  7436 4832 2908 R  95.0  0.5   1:16.08 perl
13433 pi        20   0  7436 4832 2908 R  94.7  0.5   1:16.40 perl
13433 pi        20   0  7436 4832 2908 R 100.7  0.5   1:16.73 perl
13433 pi        20   0  7436 4832 2908 R  94.9  0.5   1:17.05 perl
13433 pi        20   0  7436 4832 2908 R  94.8  0.5   1:17.37 perl
13433 pi        20   0  7436 4832 2908 R 100.7  0.5   1:17.71 perl
13433 pi        20   0  7436 4832 2908 R 100.9  0.5   1:18.03 perl
13433 pi        20   0  7436 4832 2908 R  94.8  0.5   1:18.35 perl
13433 pi        20   0  7436 4832 2908 R 100.6  0.5   1:18.68 perl
13433 pi        20   0  7436 4832 2908 R 100.9  0.5   1:19.00 perl
13433 pi        20   0  7436 4832 2908 R  94.8  0.5   1:19.32 perl
13433 pi        20   0  7436 4832 2908 R 100.7  0.5   1:19.65 perl
13433 pi        20   0  7436 4832 2908 R 101.0  0.5   1:19.97 perl
13433 pi        20   0  7436 4832 2908 R  94.7  0.5   1:20.29 perl
13433 pi        20   0  7436 4832 2908 R 100.7  0.5   1:20.62 perl
13433 pi        20   0  7436 4832 2908 R 100.9  0.5   1:20.94 perl
13433 pi        20   0  7436 4832 2908 R  94.9  0.5   1:21.26 perl
13433 pi        20   0  7436 4832 2908 R 100.5  0.5   1:21.59 perl
13433 pi        20   0  7436 4832 2908 R 100.8  0.5   1:21.91 perl
13433 pi        20   0  7436 4832 2908 R  94.8  0.5   1:22.23 perl
13433 pi        20   0  7436 4832 2908 R 100.7  0.5   1:22.56 perl
13433 pi        20   0  7436 4832 2908 R 100.7  0.5   1:22.88 perl
13433 pi        20   0  7436 4832 2908 R  94.9  0.5   1:23.20 perl
13433 pi        20   0  7436 4832 2908 R 100.8  0.5   1:23.53 perl
13433 pi        20   0  7436 4832 2908 R 100.9  0.5   1:23.85 perl
13433 pi        20   0  7436 4832 2908 R  95.0  0.5   1:24.17 perl
13433 pi        20   0  7436 4832 2908 R 100.8  0.5   1:24.50 perl
13433 pi        20   0  7436 4832 2908 R 100.6  0.5   1:24.82 perl
13433 pi        20   0  7436 4832 2908 R  94.7  0.5   1:25.14 perl
13433 pi        20   0  7436 4832 2908 R 100.6  0.5   1:25.47 perl
13433 pi        20   0  7436 4832 2908 R  94.8  0.5   1:25.79 perl
13433 pi        20   0  7436 4832 2908 R  95.0  0.5   1:26.11 perl
13433 pi        20   0  7436 4832 2908 R 100.4  0.5   1:26.44 perl
13433 pi        20   0  7436 4832 2908 R 100.6  0.5   1:26.76 perl
13433 pi        20   0  7436 4832 2908 R  95.0  0.5   1:27.08 perl
13433 pi        20   0  7436 4832 2908 R 100.7  0.5   1:27.41 perl
13433 pi        20   0  7436 4832 2908 R  94.8  0.5   1:27.73 perl
13433 pi        20   0  7436 4832 2908 R  94.9  0.5   1:28.06 perl
13433 pi        20   0  7436 4832 2908 R  95.0  0.5   1:28.38 perl
13433 pi        20   0  7436 4832 2908 R 101.0  0.5   1:28.71 perl
13433 pi        20   0  7436 4832 2908 R 100.9  0.5   1:29.03 perl
13433 pi        20   0  7568 4832 2908 R  95.0  0.5   1:29.35 perl
13433 pi        20   0  7568 4832 2908 R 100.9  0.5   1:29.68 perl
13433 pi        20   0  7568 4832 2908 R 100.9  0.5   1:30.00 perl
13433 pi        20   0  7568 4832 2908 R  94.9  0.5   1:30.32 perl
13433 pi        20   0  7568 4832 2908 R 100.7  0.5   1:30.65 perl
13433 pi        20   0  7568 4832 2908 R 100.6  0.5   1:30.97 perl
13433 pi        20   0  7568 4832 2908 R  94.9  0.5   1:31.29 perl
13433 pi        20   0  7568 4832 2908 R 100.7  0.5   1:31.62 perl
13433 pi        20   0  7568 4832 2908 R 100.7  0.5   1:31.94 perl
13433 pi        20   0  7568 4832 2908 R  94.8  0.5   1:32.26 perl
13433 pi        20   0  7568 4832 2908 R 100.7  0.5   1:32.59 perl
13433 pi        20   0  7568 4832 2908 R  94.6  0.5   1:32.91 perl
13433 pi        20   0  7568 4832 2908 R 100.7  0.5   1:33.25 perl
13433 pi        20   0  7568 4832 2908 R 100.8  0.5   1:33.57 perl
13433 pi        20   0  7568 4832 2908 R  94.8  0.5   1:33.89 perl
13433 pi        20   0  7568 4832 2908 R 100.7  0.5   1:34.22 perl
13433 pi        20   0  7568 4832 2908 R 100.8  0.5   1:34.54 perl
13433 pi        20   0  7568 5092 2908 R  94.7  0.5   1:34.86 perl
13433 pi        20   0  7568 5092 2908 R 100.9  0.5   1:35.19 perl
13433 pi        20   0  7568 5092 2908 R 100.9  0.5   1:35.51 perl
13433 pi        20   0  7568 5092 2908 R  94.8  0.5   1:35.83 perl
13433 pi        20   0  7568 5092 2908 R  94.8  0.5   1:36.15 perl
13433 pi        20   0  7568 5092 2908 R  94.7  0.5   1:36.48 perl
13433 pi        20   0  7568 5092 2908 R  94.9  0.5   1:36.80 perl
13433 pi        20   0  7568 5092 2908 R 101.0  0.5   1:37.13 perl
13433 pi        20   0  7568 5092 2908 R 100.9  0.5   1:37.45 perl
13433 pi        20   0  7568 5092 2908 R  95.0  0.5   1:37.77 perl
13433 pi        20   0  7568 5092 2908 R 100.7  0.5   1:38.10 perl
13433 pi        20   0  7568 5092 2908 R 100.6  0.5   1:38.43 perl
13433 pi        20   0  7636 5092 2908 R  94.8  0.5   1:38.75 perl
13433 pi        20   0  7636 5092 2908 R 100.7  0.5   1:39.08 perl
13433 pi        20   0  7636 5092 2908 R 100.8  0.5   1:39.40 perl
13433 pi        20   0  7636 5092 2908 R  94.9  0.5   1:39.72 perl
13433 pi        20   0  7636 5092 2908 R  95.0  0.5   1:40.04 perl
13433 pi        20   0  7636 5092 2908 R 100.8  0.5   1:40.37 perl
13433 pi        20   0  7636 5092 2908 R  94.2  0.5   1:40.69 perl
13433 pi        20   0  7636 5092 2908 R 100.8  0.5   1:41.02 perl
13433 pi        20   0  7636 5092 2908 R 100.9  0.5   1:41.34 perl
13433 pi        20   0  7636 5092 2908 R  94.7  0.5   1:41.66 perl
13433 pi        20   0  7636 5092 2908 R 100.6  0.5   1:41.99 perl
13433 pi        20   0  7636 5092 2908 R 100.7  0.5   1:42.31 perl
13433 pi        20   0  7736 5180 2908 R  94.7  0.5   1:42.63 perl
13433 pi        20   0  7736 5180 2908 R 101.0  0.5   1:42.96 perl
13433 pi        20   0  7736 5180 2908 R 100.7  0.5   1:43.28 perl
13433 pi        20   0  7736 5180 2908 R 100.7  0.5   1:43.61 perl
13433 pi        20   0  7868 5180 2908 R 101.0  0.5   1:43.93 perl
13433 pi        20   0  7868 5180 2908 R  95.0  0.5   1:44.25 perl
13433 pi        20   0  7868 5180 2908 R 100.9  0.5   1:44.58 perl
13433 pi        20   0  7868 5180 2908 R 100.9  0.5   1:44.90 perl
13433 pi        20   0  7868 5180 2908 R  94.7  0.5   1:45.22 perl
13433 pi        20   0  7868 5180 2908 R  95.0  0.5   1:45.54 perl
13433 pi        20   0  7868 5180 2908 R 100.8  0.5   1:45.87 perl
13433 pi        20   0  7868 5180 2908 R  95.0  0.5   1:46.19 perl
13433 pi        20   0  7868 5180 2908 R  94.7  0.5   1:46.51 perl
13433 pi        20   0  7868 5180 2908 R 100.8  0.5   1:46.84 perl
13433 pi        20   0  7868 5180 2908 R  95.0  0.5   1:47.16 perl
13433 pi        20   0  7868 5180 2908 R 100.4  0.5   1:47.49 perl
13433 pi        20   0  7868 5180 2908 R 100.8  0.5   1:47.81 perl
13433 pi        20   0  7868 5180 2908 R  95.0  0.5   1:48.13 perl
13433 pi        20   0  7868 5180 2908 R 100.7  0.5   1:48.46 perl
13433 pi        20   0  7868 5180 2908 R 100.6  0.5   1:48.79 perl
13433 pi        20   0  7868 5180 2908 R 100.9  0.5   1:49.11 perl
13433 pi        20   0  7868 5180 2908 R  94.8  0.5   1:49.43 perl
13433 pi        20   0  7868 5180 2908 R 100.7  0.5   1:49.76 perl
13433 pi        20   0  7868 5180 2908 R 100.9  0.5   1:50.08 perl
13433 pi        20   0  7868 5180 2908 R  94.7  0.5   1:50.40 perl
13433 pi        20   0  7868 5180 2908 R 100.6  0.5   1:50.73 perl
13433 pi        20   0  7868 5180 2908 R 100.9  0.5   1:51.05 perl
13433 pi        20   0  7868 5180 2908 R  94.7  0.5   1:51.37 perl
13433 pi        20   0  7868 5180 2908 R 100.8  0.5   1:51.70 perl
13433 pi        20   0  7868 5180 2908 R  95.0  0.5   1:52.02 perl
13433 pi        20   0  7868 5180 2908 R  94.7  0.5   1:52.34 perl
13433 pi        20   0  7868 5180 2908 R 100.7  0.5   1:52.67 perl
13433 pi        20   0  7868 5180 2908 R 100.6  0.5   1:53.00 perl
13433 pi        20   0  7868 5180 2908 R 101.0  0.5   1:53.32 perl
13433 pi        20   0  7868 5180 2908 R  95.0  0.5   1:53.64 perl
13433 pi        20   0  7868 5180 2908 R  94.9  0.5   1:53.96 perl
13433 pi        20   0  7868 5180 2908 R 100.9  0.5   1:54.29 perl
13433 pi        20   0  7868 5180 2908 R 100.8  0.5   1:54.61 perl
13433 pi        20   0  7868 5180 2908 R  94.9  0.5   1:54.93 perl
13433 pi        20   0  7868 5180 2908 R 100.8  0.5   1:55.26 perl
13433 pi        20   0  8000 5180 2908 R 100.6  0.5   1:55.58 perl
13433 pi        20   0  8000 5180 2908 R  95.0  0.5   1:55.90 perl
13433 pi        20   0  8000 5180 2908 R 100.9  0.5   1:56.23 perl
13433 pi        20   0  8000 5180 2908 R 100.7  0.5   1:56.55 perl
13433 pi        20   0  8000 5180 2908 R  94.7  0.5   1:56.87 perl
13433 pi        20   0  8000 5180 2908 R 100.8  0.5   1:57.20 perl
13433 pi        20   0  8000 5440 2908 R 100.6  0.6   1:57.52 perl
13433 pi        20   0  8000 5440 2908 R  94.7  0.6   1:57.84 perl
13433 pi        20   0  8000 5440 2908 R 100.7  0.6   1:58.17 perl
13433 pi        20   0  8000 5440 2908 R  94.8  0.6   1:58.49 perl
13433 pi        20   0  8000 5440 2908 R 100.9  0.6   1:58.82 perl
13433 pi        20   0  8000 5440 2908 R 100.6  0.6   1:59.15 perl
13433 pi        20   0  8000 5440 2908 R 100.7  0.6   1:59.47 perl
13433 pi        20   0  8000 5440 2908 R  94.7  0.6   1:59.79 perl
13433 pi        20   0  8000 5440 2908 R 100.7  0.6   2:00.12 perl
13433 pi        20   0  8000 5440 2908 R 100.9  0.6   2:00.44 perl
13433 pi        20   0  8000 5440 2908 R  94.8  0.6   2:00.76 perl
13433 pi        20   0  8000 5440 2908 R 100.6  0.6   2:01.09 perl
13433 pi        20   0  8000 5440 2908 R 100.9  0.6   2:01.41 perl
13433 pi        20   0  8000 5440 2908 R  94.7  0.6   2:01.73 perl
13433 pi        20   0  8000 5440 2908 R 100.8  0.6   2:02.06 perl
13433 pi        20   0  8000 5440 2908 R 100.6  0.6   2:02.38 perl
13433 pi        20   0  8000 5440 2908 R  94.7  0.6   2:02.70 perl
13433 pi        20   0  8000 5440 2908 R 100.7  0.6   2:03.03 perl
13433 pi        20   0  8000 5440 2908 R  94.7  0.6   2:03.35 perl
13433 pi        20   0  8000 5440 2908 R 100.6  0.6   2:03.68 perl
13433 pi        20   0  8000 5440 2908 R 100.9  0.6   2:04.00 perl
13433 pi        20   0  8000 5440 2908 R 101.0  0.6   2:04.33 perl
13433 pi        20   0  8000 5440 2908 R 100.9  0.6   2:04.65 perl
13433 pi        20   0  8000 5440 2908 R  94.7  0.6   2:04.97 perl
13433 pi        20   0  8000 5440 2908 R 100.8  0.6   2:05.30 perl
13433 pi        20   0  8000 5440 2908 R 100.6  0.6   2:05.62 perl
13433 pi        20   0  8000 5440 2908 R  94.7  0.6   2:05.94 perl
13433 pi        20   0  8000 5440 2908 R 100.9  0.6   2:06.27 perl
13433 pi        20   0  8000 5440 2908 R 100.7  0.6   2:06.59 perl
13433 pi        20   0  8000 5440 2908 R  94.8  0.6   2:06.91 perl
13433 pi        20   0  8000 5440 2908 R 100.9  0.6   2:07.24 perl
13433 pi        20   0  8000 5440 2908 R 100.8  0.6   2:07.56 perl
13433 pi        20   0  8000 5440 2908 R  94.5  0.6   2:07.88 perl
13433 pi        20   0  8000 5440 2908 R 100.9  0.6   2:08.21 perl
13433 pi        20   0  8000 5440 2908 R 100.3  0.6   2:08.53 perl
13433 pi        20   0  8000 5440 2908 R  94.7  0.6   2:08.85 perl
13433 pi        20   0  8000 5440 2908 R 100.9  0.6   2:09.18 perl
13433 pi        20   0  8132 5440 2908 R  94.7  0.6   2:09.50 perl
13433 pi        20   0  8132 5440 2908 R 100.8  0.6   2:09.83 perl
13433 pi        20   0  8132 5440 2908 R 100.9  0.6   2:10.15 perl
13433 pi        20   0  8132 5440 2908 R  94.7  0.6   2:10.47 perl
13433 pi        20   0  8132 5440 2908 R 100.8  0.6   2:10.80 perl
13433 pi        20   0  8132 5440 2908 R 101.0  0.6   2:11.12 perl
13433 pi        20   0  8132 5440 2908 R  94.7  0.6   2:11.44 perl
13433 pi        20   0  8132 5440 2908 R 100.8  0.6   2:11.77 perl
13433 pi        20   0  8132 5440 2908 R 100.9  0.6   2:12.09 perl
13433 pi        20   0  8132 5440 2908 R  94.8  0.6   2:12.40 perl
13433 pi        20   0  8132 5440 2908 R  94.9  0.6   2:12.72 perl
13433 pi        20   0  8132 5440 2908 R 100.8  0.6   2:13.05 perl
13433 pi        20   0  8132 5440 2908 R  94.7  0.6   2:13.37 perl
13433 pi        20   0  8132 5440 2908 R 100.7  0.6   2:13.70 perl
13433 pi        20   0  8132 5440 2908 R 101.0  0.6   2:14.02 perl
13433 pi        20   0  8132 5440 2908 R  94.7  0.6   2:14.34 perl
13433 pi        20   0  8132 5440 2908 R  94.8  0.6   2:14.67 perl
13433 pi        20   0  8132 5440 2908 R 100.9  0.6   2:15.00 perl
13433 pi        20   0  8132 5440 2908 R 100.5  0.6   2:15.32 perl
13433 pi        20   0  8132 5440 2908 R  94.8  0.6   2:15.64 perl
13433 pi        20   0  8132 5440 2908 R 100.9  0.6   2:15.97 perl
13433 pi        20   0  8132 5440 2908 R 100.7  0.6   2:16.29 perl
13433 pi        20   0  8132 5440 2908 R  94.8  0.6   2:16.61 perl
13433 pi        20   0  8132 5440 2908 R  95.0  0.6   2:16.93 perl
13433 pi        20   0  8132 5440 2908 R 100.7  0.6   2:17.26 perl
13433 pi        20   0  8132 5440 2908 R  94.7  0.6   2:17.58 perl
13433 pi        20   0  8132 5440 2908 R 100.6  0.6   2:17.91 perl
13433 pi        20   0  8132 5440 2908 R 100.9  0.6   2:18.23 perl
13433 pi        20   0  8132 5440 2908 R  94.8  0.6   2:18.55 perl
13433 pi        20   0  8132 5440 2908 R 100.9  0.6   2:18.88 perl
13433 pi        20   0  8132 5704 2908 R  94.8  0.6   2:19.20 perl
13433 pi        20   0  8132 5704 2908 R 100.4  0.6   2:19.53 perl
13433 pi        20   0  8132 5704 2908 R 100.8  0.6   2:19.85 perl
13433 pi        20   0  8132 5704 2908 R  94.6  0.6   2:20.17 perl
13433 pi        20   0  8132 5704 2908 R 100.8  0.6   2:20.50 perl
13433 pi        20   0  8236 5728 2908 R 100.9  0.6   2:20.82 perl
13433 pi        20   0  8236 5728 2908 R  94.7  0.6   2:21.14 perl
13433 pi        20   0  8236 5728 2908 R 100.9  0.6   2:21.47 perl
13433 pi        20   0  8236 5728 2908 R 100.9  0.6   2:21.79 perl
13433 pi        20   0  8368 5728 2908 R  94.7  0.6   2:22.11 perl
13433 pi        20   0  8368 5728 2908 R 100.7  0.6   2:22.44 perl
13433 pi        20   0  8368 5728 2908 R 100.8  0.6   2:22.76 perl
13433 pi        20   0  8368 5728 2908 R  94.8  0.6   2:23.08 perl
13433 pi        20   0  8368 5728 2908 R 100.7  0.6   2:23.41 perl
13433 pi        20   0  8368 5728 2908 R 101.0  0.6   2:23.73 perl
13433 pi        20   0  8368 5728 2908 R  94.7  0.6   2:24.05 perl
13433 pi        20   0  8368 5728 2908 R 100.8  0.6   2:24.38 perl
13433 pi        20   0  8368 5728 2908 R 101.0  0.6   2:24.70 perl
13433 pi        20   0  8368 5728 2908 R  94.7  0.6   2:25.03 perl
13433 pi        20   0  8368 5728 2908 R 100.8  0.6   2:25.36 perl
13433 pi        20   0  8368 5728 2908 R  95.1  0.6   2:25.68 perl
13433 pi        20   0  8368 5728 2908 R  94.8  0.6   2:26.00 perl
13433 pi        20   0  8520 5728 2908 R 100.7  0.6   2:26.33 perl
13433 pi        20   0  8520 5728 2908 R 100.9  0.6   2:26.65 perl
13433 pi        20   0  8520 5728 2908 R  94.8  0.6   2:26.97 perl
13433 pi        20   0  8520 5728 2908 R 100.7  0.6   2:27.30 perl
13433 pi        20   0  8520 5728 2908 R 100.8  0.6   2:27.62 perl
13433 pi        20   0  8520 5728 2908 R  94.8  0.6   2:27.94 perl
13433 pi        20   0  8520 5728 2908 R 100.7  0.6   2:28.27 perl
13433 pi        20   0  8520 5728 2908 R 100.9  0.6   2:28.59 perl
13433 pi        20   0  8520 5728 2908 R  94.4  0.6   2:28.91 perl
13433 pi        20   0  8520 5728 2908 R 100.7  0.6   2:29.24 perl
13433 pi        20   0  8520 5988 2908 R 100.9  0.6   2:29.56 perl
13433 pi        20   0  8520 5988 2908 R  94.7  0.6   2:29.88 perl
13433 pi        20   0  8520 5988 2908 R 100.8  0.6   2:30.22 perl
13433 pi        20   0  8520 5988 2908 R 100.9  0.6   2:30.54 perl
13433 pi        20   0  8520 5988 2908 R  94.7  0.6   2:30.86 perl
13433 pi        20   0  8520 5988 2908 R 100.8  0.6   2:31.19 perl
13433 pi        20   0  8520 5988 2908 R 101.0  0.6   2:31.51 perl
13433 pi        20   0  8520 5988 2908 R  94.7  0.6   2:31.83 perl
13433 pi        20   0  8520 5988 2908 R 100.8  0.6   2:32.16 perl
13433 pi        20   0  8520 5988 2908 R 100.8  0.6   2:32.48 perl
13433 pi        20   0  8520 5988 2908 R  94.7  0.6   2:32.80 perl
13433 pi        20   0  8520 5988 2908 R 100.7  0.6   2:33.13 perl
13433 pi        20   0  8520 5988 2908 R 100.9  0.6   2:33.45 perl
13433 pi        20   0  8520 5988 2908 R  94.7  0.6   2:33.77 perl
13433 pi        20   0  8652 5988 2908 R 100.7  0.6   2:34.10 perl
13433 pi        20   0  8652 5988 2908 R 100.9  0.6   2:34.42 perl
13433 pi        20   0  8652 5988 2908 R  94.8  0.6   2:34.74 perl
13433 pi        20   0  8652 5988 2908 R 100.7  0.6   2:35.07 perl
13433 pi        20   0  8652 5988 2908 R  95.0  0.6   2:35.39 perl
13433 pi        20   0  8652 5988 2908 R 100.7  0.6   2:35.72 perl
13433 pi        20   0  8652 5988 2908 R  94.9  0.6   2:36.04 perl
13433 pi        20   0  8652 5988 2908 R  95.0  0.6   2:36.36 perl
13433 pi        20   0  8652 5988 2908 R 100.6  0.6   2:36.69 perl
13433 pi        20   0  8652 5988 2908 R  94.7  0.6   2:37.01 perl
13433 pi        20   0  8652 5988 2908 R 100.9  0.6   2:37.34 perl
13433 pi        20   0  8652 5988 2908 R 100.7  0.6   2:37.66 perl
13433 pi        20   0  8652 5988 2908 R  94.8  0.6   2:37.98 perl
13433 pi        20   0  8652 5988 2908 R  95.1  0.6   2:38.30 perl
13433 pi        20   0  8652 5988 2908 R 100.6  0.6   2:38.63 perl
13433 pi        20   0  8652 5988 2908 R  94.8  0.6   2:38.95 perl
13433 pi        20   0  8652 5988 2908 R  95.0  0.6   2:39.27 perl
13433 pi        20   0  8652 5988 2908 R 100.6  0.6   2:39.60 perl
13433 pi        20   0  8652 5988 2908 R  94.8  0.6   2:39.92 perl
13433 pi        20   0  8652 5988 2908 R  95.0  0.6   2:40.24 perl
13433 pi        20   0  8652 5988 2908 R  94.5  0.6   2:40.57 perl
13433 pi        20   0  8652 5988 2908 R 100.7  0.6   2:40.90 perl
13433 pi        20   0  8652 5988 2908 R 100.9  0.6   2:41.22 perl
13433 pi        20   0  8652 5988 2908 R  94.8  0.6   2:41.54 perl
13433 pi        20   0  8652 5988 2908 R 100.7  0.6   2:41.87 perl
13433 pi        20   0  8652 5988 2908 R  94.6  0.6   2:42.19 perl
13433 pi        20   0  8652 5988 2908 R  94.8  0.6   2:42.51 perl
13433 pi        20   0  8652 5988 2908 R 100.9  0.6   2:42.84 perl
13433 pi        20   0  8652 5988 2908 R  94.8  0.6   2:43.16 perl
13433 pi        20   0  8652 5988 2908 R  94.8  0.6   2:43.48 perl
13433 pi        20   0  8652 5988 2908 R 100.8  0.6   2:43.81 perl
13433 pi        20   0  8652 5988 2908 R 100.7  0.6   2:44.13 perl
13433 pi        20   0  8652 5988 2908 R  94.9  0.6   2:44.45 perl
13433 pi        20   0  8652 5988 2908 R 100.9  0.6   2:44.78 perl
13433 pi        20   0  8652 5988 2908 R  94.7  0.6   2:45.10 perl
13433 pi        20   0  8784 5988 2908 R  94.7  0.6   2:45.42 perl
13433 pi        20   0  8784 5988 2908 R 100.9  0.6   2:45.76 perl
13433 pi        20   0  8784 5988 2908 R  94.7  0.6   2:46.08 perl
13433 pi        20   0  8784 5988 2908 R  94.8  0.6   2:46.40 perl
13433 pi        20   0  8784 5988 2908 R 100.9  0.6   2:46.73 perl
13433 pi        20   0  8784 5988 2908 R  94.8  0.6   2:47.05 perl
13433 pi        20   0  8784 5988 2908 R  94.9  0.6   2:47.37 perl
13433 pi        20   0  8784 5988 2908 R 100.9  0.6   2:47.70 perl
13433 pi        20   0  8784 5988 2908 R 100.7  0.6   2:48.02 perl
13433 pi        20   0  8784 5988 2908 R  94.8  0.6   2:48.34 perl
13433 pi        20   0  8784 5988 2908 R 100.8  0.6   2:48.67 perl
13433 pi        20   0  8784 5988 2908 R 100.7  0.6   2:48.99 perl
13433 pi        20   0  8784 5988 2908 R  94.8  0.6   2:49.31 perl
13433 pi        20   0  8784 6252 2908 R 100.9  0.7   2:49.64 perl
13433 pi        20   0  8784 6252 2908 R 100.6  0.7   2:49.96 perl
13433 pi        20   0  8784 6252 2908 R  94.9  0.7   2:50.28 perl
13433 pi        20   0  8784 6252 2908 R 100.9  0.7   2:50.61 perl
13433 pi        20   0  8784 6252 2908 R 100.6  0.7   2:50.97 perl
13433 pi        20   0  8784 6252 2908 R  94.8  0.7   2:51.29 perl
13433 pi        20   0  8784 6252 2908 R  94.9  0.7   2:51.61 perl
13433 pi        20   0  8784 6252 2908 R 100.6  0.7   2:51.94 perl
13433 pi        20   0  8784 6252 2908 R  94.9  0.7   2:52.26 perl
13433 pi        20   0  8784 6252 2908 R  95.0  0.7   2:52.58 perl
13433 pi        20   0  8784 6252 2908 R 100.6  0.7   2:52.91 perl
13433 pi        20   0  8784 6252 2908 R 100.8  0.7   2:53.23 perl
13433 pi        20   0  8784 6252 2908 R  94.8  0.7   2:53.55 perl
13433 pi        20   0  8784 6252 2908 R 100.8  0.7   2:53.88 perl
13433 pi        20   0  8784 6252 2908 R 100.9  0.7   2:54.20 perl
13433 pi        20   0  8784 6252 2908 R  94.8  0.7   2:54.52 perl
13433 pi        20   0  8784 6252 2908 R 100.7  0.7   2:54.85 perl
13433 pi        20   0  8784 6252 2908 R 101.0  0.7   2:55.17 perl
13433 pi        20   0  8784 6252 2908 R  94.7  0.7   2:55.49 perl
13433 pi        20   0  8784 6252 2908 R  94.9  0.7   2:55.82 perl
13433 pi        20   0  8784 6252 2908 R 100.7  0.7   2:56.15 perl
13433 pi        20   0  8916 6252 2908 R 100.7  0.7   2:56.47 perl
13433 pi        20   0  8916 6252 2908 R  95.0  0.7   2:56.79 perl
13433 pi        20   0  8916 6252 2908 R 100.6  0.7   2:57.12 perl
13433 pi        20   0  8916 6252 2908 R 100.5  0.7   2:57.44 perl
13433 pi        20   0  8916 6252 2908 R  95.1  0.7   2:57.76 perl
13433 pi        20   0  8916 6252 2908 R 100.5  0.7   2:58.09 perl
13433 pi        20   0  8916 6252 2908 R 100.8  0.7   2:58.41 perl
13433 pi        20   0  8916 6252 2908 R  95.0  0.7   2:58.73 perl
13433 pi        20   0  8916 6252 2908 R 100.6  0.7   2:59.06 perl
13433 pi        20   0  8916 6252 2908 R 100.8  0.7   2:59.38 perl
13433 pi        20   0  8916 6252 2908 R  95.0  0.7   2:59.70 perl
13433 pi        20   0  8916 6252 2908 R 100.6  0.7   3:00.03 perl
13433 pi        20   0  8916 6252 2908 R 100.8  0.7   3:00.35 perl
13433 pi        20   0  8916 6252 2908 R  94.8  0.7   3:00.67 perl
13433 pi        20   0  8916 6252 2908 R  94.8  0.7   3:01.00 perl
13433 pi        20   0  8916 6252 2908 R 100.8  0.7   3:01.33 perl
13433 pi        20   0  8916 6252 2908 R 100.9  0.7   3:01.65 perl
13433 pi        20   0  8916 6252 2908 R 100.9  0.7   3:01.98 perl
13433 pi        20   0  8916 6252 2908 R 101.0  0.7   3:02.30 perl
13433 pi        20   0  8916 6252 2908 R  95.0  0.7   3:02.62 perl
13433 pi        20   0  8916 6252 2908 R  94.7  0.7   3:02.94 perl
13433 pi        20   0  8916 6252 2908 R 101.0  0.7   3:03.27 perl
13433 pi        20   0  8916 6252 2908 R 100.9  0.7   3:03.59 perl
13433 pi        20   0  8916 6252 2908 R  94.7  0.7   3:03.91 perl
13433 pi        20   0  8916 6252 2908 R 101.0  0.7   3:04.24 perl
13433 pi        20   0  8916 6252 2908 R 100.8  0.7   3:04.56 perl
13433 pi        20   0  8916 6252 2908 R  94.7  0.7   3:04.88 perl
13433 pi        20   0  8916 6252 2908 R 100.8  0.7   3:05.21 perl
13433 pi        20   0  8916 6252 2908 R 100.8  0.7   3:05.53 perl
13433 pi        20   0  8916 6252 2908 R  94.8  0.7   3:05.85 perl
13433 pi        20   0  8916 6252 2908 R  94.8  0.7   3:06.18 perl
13433 pi        20   0  8916 6252 2908 R 100.7  0.7   3:06.51 perl
13433 pi        20   0  8916 6252 2908 R 100.6  0.7   3:06.83 perl
13433 pi        20   0  8916 6252 2908 R  95.0  0.7   3:07.15 perl
13433 pi        20   0  9048 6252 2908 R 100.7  0.7   3:07.48 perl
13433 pi        20   0  9048 6252 2908 R 100.7  0.7   3:07.80 perl
13433 pi        20   0  9048 6252 2908 R  95.0  0.7   3:08.12 perl
13433 pi        20   0  9048 6516 2908 R  95.0  0.7   3:08.44 perl
13433 pi        20   0  9048 6516 2908 R 100.7  0.7   3:08.77 perl
13433 pi        20   0  9048 6516 2908 R  94.6  0.7   3:09.09 perl
13433 pi        20   0  9048 6516 2908 R 100.7  0.7   3:09.42 perl
13433 pi        20   0  9048 6516 2908 R 100.9  0.7   3:09.74 perl
13433 pi        20   0  9048 6516 2908 R  94.8  0.7   3:10.06 perl
13433 pi        20   0  9048 6516 2908 R 100.5  0.7   3:10.39 perl
13433 pi        20   0  9048 6516 2908 R 100.7  0.7   3:10.71 perl
13433 pi        20   0  9048 6516 2908 R  94.9  0.7   3:11.03 perl
13433 pi        20   0  9048 6516 2908 R 100.9  0.7   3:11.37 perl
13433 pi        20   0  9048 6516 2908 R 100.7  0.7   3:11.69 perl
13433 pi        20   0  9048 6516 2908 R  94.8  0.7   3:12.01 perl
13433 pi        20   0  9048 6516 2908 R 100.7  0.7   3:12.34 perl
13433 pi        20   0  9048 6516 2908 R  94.2  0.7   3:12.66 perl
13433 pi        20   0  9048 6516 2908 R 100.9  0.7   3:12.99 perl
13433 pi        20   0  9048 6516 2908 R 100.6  0.7   3:13.31 perl
13433 pi        20   0  9048 6516 2908 R  94.5  0.7   3:13.63 perl
13433 pi        20   0  9048 6516 2908 R 100.6  0.7   3:13.96 perl
13433 pi        20   0  9048 6516 2908 R 100.8  0.7   3:14.28 perl
13433 pi        20   0  9048 6516 2908 R  94.8  0.7   3:14.60 perl
13433 pi        20   0  9204 6620 2908 R 100.5  0.7   3:14.93 perl
13433 pi        20   0  9204 6620 2908 R 100.9  0.7   3:15.25 perl
13433 pi        20   0  9204 6620 2908 R  94.9  0.7   3:15.57 perl
13433 pi        20   0  9204 6620 2908 R  95.0  0.7   3:15.89 perl
13433 pi        20   0  9204 6620 2908 R 100.8  0.7   3:16.22 perl
13433 pi        20   0  9204 6620 2908 R 100.7  0.7   3:16.55 perl
13433 pi        20   0  9204 6620 2908 R  94.9  0.7   3:16.87 perl
13433 pi        20   0  9204 6620 2908 R 100.9  0.7   3:17.20 perl
13433 pi        20   0  9204 6620 2908 R 100.6  0.7   3:17.52 perl
13433 pi        20   0  9204 6620 2908 R  94.9  0.7   3:17.84 perl
13433 pi        20   0  9336 6620 2908 R 100.9  0.7   3:18.17 perl
13433 pi        20   0  9336 6620 2908 R 100.8  0.7   3:18.49 perl
13433 pi        20   0  9336 6620 2908 R  94.8  0.7   3:18.81 perl
13433 pi        20   0  9336 6620 2908 R 100.9  0.7   3:19.14 perl
13433 pi        20   0  9336 6620 2908 R 100.6  0.7   3:19.46 perl
13433 pi        20   0  9336 6620 2908 R  94.7  0.7   3:19.78 perl
13433 pi        20   0  9336 6620 2908 R 101.0  0.7   3:20.11 perl
13433 pi        20   0  9336 6620 2908 R 100.7  0.7   3:20.43 perl
13433 pi        20   0  9336 6620 2908 R  94.8  0.7   3:20.75 perl
13433 pi        20   0  9336 6620 2908 R 101.0  0.7   3:21.08 perl
13433 pi        20   0  9336 6620 2908 R 100.7  0.7   3:21.40 perl
13433 pi        20   0  9564 6880 2908 R 100.8  0.7   3:21.73 perl
13433 pi        20   0  9564 6880 2908 R  94.9  0.7   3:22.05 perl
13433 pi        20   0  9564 6880 2908 R 100.5  0.7   3:22.38 perl
13433 pi        20   0  9564 6880 2908 R 100.8  0.7   3:22.70 perl
13433 pi        20   0  9564 6880 2908 R  95.0  0.7   3:23.02 perl
13433 pi        20   0  9564 6880 2908 R  94.6  0.7   3:23.34 perl
13433 pi        20   0  9564 6880 2908 R 100.8  0.7   3:23.67 perl
13433 pi        20   0  9564 6880 2908 R  95.0  0.7   3:23.99 perl
13433 pi        20   0  9564 6880 2908 R 100.6  0.7   3:24.32 perl
13433 pi        20   0  9564 6880 2908 R 100.8  0.7   3:24.64 perl
13433 pi        20   0  9564 6880 2908 R  94.9  0.7   3:24.96 perl
13433 pi        20   0  9564 6880 2908 R  94.7  0.7   3:25.28 perl
13433 pi        20   0  9564 6880 2908 R 100.8  0.7   3:25.61 perl
13433 pi        20   0  9564 6880 2908 R  95.0  0.7   3:25.93 perl
13433 pi        20   0  9564 6880 2908 R  94.7  0.7   3:26.25 perl
13433 pi        20   0  9564 6880 2908 R 100.9  0.7   3:26.58 perl
13433 pi        20   0  9696 6880 2908 R  94.6  0.7   3:26.90 perl
13433 pi        20   0  9696 6880 2908 R  94.8  0.7   3:27.22 perl
13433 pi        20   0  9696 6880 2908 R 101.0  0.7   3:27.55 perl
13433 pi        20   0  9696 6880 2908 R 100.7  0.7   3:27.87 perl
13433 pi        20   0  9696 6880 2908 R  94.8  0.7   3:28.19 perl
13433 pi        20   0  9696 6880 2908 R 101.0  0.7   3:28.52 perl
13433 pi        20   0  9696 6880 2908 R 100.7  0.7   3:28.84 perl
13433 pi        20   0  9696 6880 2908 R  94.7  0.7   3:29.16 perl
13433 pi        20   0  9696 6880 2908 R 101.1  0.7   3:29.49 perl
13433 pi        20   0  9696 6880 2908 R 100.6  0.7   3:29.81 perl
13433 pi        20   0  9696 6880 2908 R  94.7  0.7   3:30.13 perl
13433 pi        20   0  9696 6880 2908 R 100.8  0.7   3:30.46 perl
13433 pi        20   0  9696 6880 2908 R 100.7  0.7   3:30.78 perl
13433 pi        20   0  9696 6880 2908 R  94.7  0.7   3:31.10 perl
13433 pi        20   0  9696 6880 2908 R 100.8  0.7   3:31.43 perl
13433 pi        20   0  9696 6880 2908 R 100.8  0.7   3:31.75 perl
13433 pi        20   0  9696 6880 2908 R  94.8  0.7   3:32.08 perl
13433 pi        20   0  9696 6880 2908 R  94.9  0.7   3:32.40 perl
13433 pi        20   0  9696 6880 2908 R 101.0  0.7   3:32.73 perl
13433 pi        20   0  9696 6880 2908 R 100.7  0.7   3:33.05 perl
13433 pi        20   0  9696 6880 2908 R  94.8  0.7   3:33.37 perl
13433 pi        20   0  9696 6880 2908 R 101.0  0.7   3:33.70 perl
13433 pi        20   0  9696 7144 2908 R 100.7  0.8   3:34.02 perl
13433 pi        20   0  9696 7144 2908 R  94.8  0.8   3:34.34 perl
13433 pi        20   0  9696 7144 2908 R  94.9  0.8   3:34.66 perl
13433 pi        20   0  9696 7144 2908 R 100.7  0.8   3:34.99 perl
13433 pi        20   0  9696 7144 2908 R  94.8  0.8   3:35.31 perl
13433 pi        20   0  9696 7144 2908 R  95.0  0.8   3:35.63 perl
13433 pi        20   0  9696 7144 2908 R 100.6  0.8   3:35.96 perl
13433 pi        20   0  9828 7144 2908 R 101.0  0.8   3:36.28 perl
13433 pi        20   0  9828 7144 2908 R  94.7  0.8   3:36.60 perl
13433 pi        20   0  9828 7144 2908 R 100.6  0.8   3:36.93 perl
13433 pi        20   0  9828 7144 2908 R 100.7  0.8   3:37.26 perl
13433 pi        20   0  9828 7144 2908 R 100.6  0.8   3:37.58 perl
13433 pi        20   0  9828 7144 2908 R  95.0  0.8   3:37.90 perl
13433 pi        20   0  9828 7144 2908 R 100.7  0.8   3:38.23 perl
13433 pi        20   0  9828 7144 2908 R 100.9  0.8   3:38.55 perl
13433 pi        20   0  9828 7144 2908 R  94.9  0.8   3:38.87 perl
13433 pi        20   0  9828 7144 2908 R 100.6  0.8   3:39.20 perl
13433 pi        20   0  9828 7144 2908 R 100.8  0.8   3:39.52 perl
13433 pi        20   0  9828 7144 2908 R  95.0  0.8   3:39.84 perl
13433 pi        20   0  9828 7144 2908 R 100.7  0.8   3:40.17 perl
13433 pi        20   0  9828 7144 2908 R 100.7  0.8   3:40.49 perl
13433 pi        20   0  9828 7144 2908 R  95.0  0.8   3:40.81 perl
13433 pi        20   0  9828 7144 2908 R 100.6  0.8   3:41.14 perl
13433 pi        20   0  9828 7144 2908 R  94.8  0.8   3:41.46 perl
13433 pi        20   0  9828 7144 2908 R 100.9  0.8   3:41.79 perl
13433 pi        20   0  9828 7144 2908 R 100.5  0.8   3:42.11 perl
13433 pi        20   0  9828 7144 2908 R 100.7  0.8   3:42.44 perl
13433 pi        20   0  9828 7144 2908 R  95.0  0.8   3:42.76 perl
13433 pi        20   0  9828 7144 2908 R 100.6  0.8   3:43.09 perl
13433 pi        20   0  9828 7144 2908 R 100.7  0.8   3:43.41 perl
13433 pi        20   0  9828 7144 2908 R  95.0  0.8   3:43.73 perl
13433 pi        20   0  9828 7144 2908 R 100.8  0.8   3:44.06 perl
13433 pi        20   0  9960 7144 2908 R 100.8  0.8   3:44.38 perl
13433 pi        20   0  9960 7144 2908 R  94.4  0.8   3:44.70 perl
13433 pi        20   0  9960 7144 2908 R 100.5  0.8   3:45.03 perl
13433 pi        20   0  9960 7144 2908 R 100.9  0.8   3:45.35 perl
13433 pi        20   0  9960 7144 2908 R 100.8  0.8   3:45.68 perl
13433 pi        20   0  9960 7144 2908 R 100.8  0.8   3:46.00 perl
13433 pi        20   0  9960 7144 2908 R  94.7  0.8   3:46.32 perl
13433 pi        20   0  9960 7144 2908 R 100.7  0.8   3:46.65 perl
13433 pi        20   0  9960 7144 2908 R 100.7  0.8   3:46.97 perl
13433 pi        20   0  9960 7144 2908 R  94.9  0.8   3:47.29 perl
13433 pi        20   0  9960 7144 2908 R  94.7  0.8   3:47.62 perl
13433 pi        20   0  9960 7144 2908 R 100.8  0.8   3:47.95 perl
13433 pi        20   0  9960 7144 2908 R 100.8  0.8   3:48.27 perl
13433 pi        20   0  9960 7144 2908 R  94.8  0.8   3:48.59 perl
13433 pi        20   0  9960 7408 2908 R  95.0  0.8   3:48.91 perl
13433 pi        20   0  9960 7408 2908 R 100.9  0.8   3:49.24 perl
13433 pi        20   0  9960 7408 2908 R 100.9  0.8   3:49.56 perl
13433 pi        20   0  9960 7408 2908 R  94.9  0.8   3:49.88 perl
13433 pi        20   0  9960 7408 2908 R 100.7  0.8   3:50.21 perl
13433 pi        20   0  9960 7408 2908 R 100.9  0.8   3:50.53 perl
13433 pi        20   0  9960 7408 2908 R  95.0  0.8   3:50.85 perl
13433 pi        20   0  9960 7408 2908 R 101.0  0.8   3:51.18 perl
13433 pi        20   0  9960 7408 2908 R 100.6  0.8   3:51.50 perl
13433 pi        20   0  9960 7408 2908 R  94.6  0.8   3:51.82 perl
13433 pi        20   0  9960 7408 2908 R 100.6  0.8   3:52.15 perl
13433 pi        20   0  9960 7408 2908 R  94.9  0.8   3:52.47 perl
13433 pi        20   0 10092 7408 2908 R  94.8  0.8   3:52.79 perl
13433 pi        20   0 10092 7408 2908 R 100.7  0.8   3:53.12 perl
13433 pi        20   0 10092 7408 2908 R  94.8  0.8   3:53.44 perl
13433 pi        20   0 10092 7408 2908 R  95.1  0.8   3:53.76 perl
13433 pi        20   0 10092 7408 2908 R 100.7  0.8   3:54.09 perl
13433 pi        20   0 10092 7408 2908 R 100.8  0.8   3:54.41 perl
13433 pi        20   0 10092 7408 2908 R  94.9  0.8   3:54.73 perl
13433 pi        20   0 10092 7408 2908 R 100.6  0.8   3:55.06 perl
13433 pi        20   0 10092 7408 2908 R 100.8  0.8   3:55.38 perl
13433 pi        20   0 10092 7408 2908 R  95.0  0.8   3:55.70 perl
13433 pi        20   0 10092 7408 2908 R 100.4  0.8   3:56.03 perl
13433 pi        20   0 10092 7408 2908 R 100.8  0.8   3:56.35 perl
13433 pi        20   0 10092 7408 2908 R  94.9  0.8   3:56.67 perl
13433 pi        20   0 10092 7408 2908 R 100.7  0.8   3:57.00 perl
13433 pi        20   0 10092 7408 2908 R 100.8  0.8   3:57.32 perl
13433 pi        20   0 10092 7408 2908 R  95.0  0.8   3:57.64 perl
13433 pi        20   0 10092 7408 2908 R  94.8  0.8   3:57.97 perl
13433 pi        20   0 10092 7408 2908 R 100.8  0.8   3:58.30 perl
13433 pi        20   0 10092 7408 2908 R 100.9  0.8   3:58.62 perl
13433 pi        20   0 10092 7408 2908 R  94.8  0.8   3:58.94 perl
13433 pi        20   0 10092 7408 2908 R 100.7  0.8   3:59.27 perl
13433 pi        20   0 10092 7408 2908 R 100.9  0.8   3:59.59 perl
13433 pi        20   0 10092 7408 2908 R  94.8  0.8   3:59.91 perl
13433 pi        20   0 10092 7408 2908 R 100.8  0.8   4:00.24 perl
13433 pi        20   0 10092 7408 2908 R 100.9  0.8   4:00.56 perl
13433 pi        20   0 10224 7408 2908 R  94.6  0.8   4:00.88 perl
13433 pi        20   0 10224 7408 2908 R 100.7  0.8   4:01.21 perl
13433 pi        20   0 10224 7408 2908 R 100.9  0.8   4:01.53 perl
13433 pi        20   0 10224 7408 2908 R  94.8  0.8   4:01.85 perl
13433 pi        20   0 10224 7408 2908 R 100.6  0.8   4:02.18 perl
13433 pi        20   0 10224 7408 2908 R 100.8  0.8   4:02.50 perl
13433 pi        20   0 10224 7672 2908 R  95.0  0.8   4:02.82 perl
13433 pi        20   0 10224 7672 2908 R  94.8  0.8   4:03.15 perl
13433 pi        20   0 10224 7672 2908 R  94.8  0.8   4:03.47 perl
13433 pi        20   0 10224 7672 2908 R 100.8  0.8   4:03.80 perl
13433 pi        20   0 10224 7672 2908 R  94.8  0.8   4:04.12 perl
13433 pi        20   0 10224 7672 2908 R  94.8  0.8   4:04.44 perl
13433 pi        20   0 10224 7672 2908 R 100.6  0.8   4:04.77 perl
13433 pi        20   0 10224 7672 2908 R  94.9  0.8   4:05.09 perl
13433 pi        20   0 10224 7672 2908 R  95.0  0.8   4:05.41 perl
13433 pi        20   0 10224 7672 2908 R 100.5  0.8   4:05.74 perl
13433 pi        20   0 10224 7672 2908 R  94.8  0.8   4:06.06 perl
13433 pi        20   0 10224 7672 2908 R  94.8  0.8   4:06.38 perl
13433 pi        20   0 10224 7672 2908 R 100.8  0.8   4:06.71 perl
13433 pi        20   0 10224 7672 2908 R  94.8  0.8   4:07.03 perl
13433 pi        20   0 10224 7672 2908 R 100.7  0.8   4:07.36 perl
13433 pi        20   0 10224 7672 2908 R 100.9  0.8   4:07.68 perl
13433 pi        20   0 10224 7672 2908 R 100.9  0.8   4:08.00 perl
13433 pi        20   0 10224 7672 2908 R 100.9  0.8   4:08.33 perl
13433 pi        20   0 10356 7672 2908 R  95.0  0.8   4:08.65 perl
13433 pi        20   0 10356 7672 2908 R  95.1  0.8   4:08.97 perl
13433 pi        20   0 10356 7672 2908 R 100.6  0.8   4:09.30 perl
13433 pi        20   0 10356 7672 2908 R  94.6  0.8   4:09.62 perl
13433 pi        20   0 10356 7672 2908 R 100.8  0.8   4:09.95 perl
13433 pi        20   0 10356 7672 2908 R 100.8  0.8   4:10.27 perl
13433 pi        20   0 10356 7672 2908 R  94.9  0.8   4:10.59 perl
13433 pi        20   0 10356 7672 2908 R  94.8  0.8   4:10.91 perl
13433 pi        20   0 10356 7672 2908 R 100.8  0.8   4:11.24 perl
13433 pi        20   0 10356 7672 2908 R  94.9  0.8   4:11.56 perl
13433 pi        20   0 10356 7672 2908 R 100.5  0.8   4:11.89 perl
13433 pi        20   0 10356 7672 2908 R 100.8  0.8   4:12.21 perl
13433 pi        20   0 10356 7672 2908 R  94.9  0.8   4:12.53 perl
13433 pi        20   0 10356 7672 2908 R 100.7  0.8   4:12.86 perl
13433 pi        20   0 10356 7672 2908 R 100.9  0.8   4:13.18 perl
13433 pi        20   0 10356 7672 2908 R 100.5  0.8   4:13.51 perl
13433 pi        20   0 10356 7672 2908 R  94.8  0.8   4:13.83 perl
13433 pi        20   0 10356 7672 2908 R 101.0  0.8   4:14.16 perl
13433 pi        20   0 10356 7672 2908 R 100.7  0.8   4:14.48 perl
13433 pi        20   0 10356 7672 2908 R  94.7  0.8   4:14.80 perl
13433 pi        20   0 10356 7672 2908 R 100.9  0.8   4:15.13 perl
13433 pi        20   0 10356 7936 2908 R 100.7  0.8   4:15.45 perl
13433 pi        20   0 10356 7936 2908 R  94.8  0.8   4:15.77 perl
13433 pi        20   0 10488 7936 2908 R 100.9  0.8   4:16.10 perl
13433 pi        20   0 10720 7936 2908 R 100.6  0.8   4:16.42 perl
13433 pi        20   0 10720 7936 2908 R  94.9  0.8   4:16.74 perl
13433 pi        20   0 10720 7936 2908 R 100.9  0.8   4:17.07 perl
13433 pi        20   0 10720 7936 2908 R  94.6  0.8   4:17.39 perl
13433 pi        20   0 10720 7936 2908 R 100.7  0.8   4:17.72 perl
13433 pi        20   0 10720 7936 2908 R 100.9  0.8   4:18.04 perl
13433 pi        20   0 10720 7936 2908 R  94.8  0.8   4:18.36 perl
13433 pi        20   0 10720 7936 2908 R 100.7  0.8   4:18.70 perl
13433 pi        20   0 10720 7936 2908 R 100.7  0.8   4:19.02 perl
13433 pi        20   0 10720 7936 2908 R  94.9  0.8   4:19.34 perl
13433 pi        20   0 10720 7936 2908 R 100.7  0.8   4:19.67 perl
13433 pi        20   0 10720 7936 2908 R 100.7  0.8   4:19.99 perl
13433 pi        20   0 10720 7936 2908 R  94.9  0.8   4:20.31 perl
13433 pi        20   0 10720 7936 2908 R 100.7  0.8   4:20.64 perl
13433 pi        20   0 10720 7936 2908 R 100.8  0.8   4:20.96 perl
13433 pi        20   0 10720 7936 2908 R  95.0  0.8   4:21.28 perl
13433 pi        20   0 10720 7936 2908 R 100.6  0.8   4:21.61 perl
13433 pi        20   0 10720 7936 2908 R 100.7  0.8   4:21.93 perl
13433 pi        20   0 10720 7936 2908 R  95.0  0.8   4:22.25 perl
13433 pi        20   0 10852 7936 2908 R  94.8  0.8   4:22.57 perl
13433 pi        20   0 11192 8376 2908 R 100.7  0.9   4:22.90 perl
13433 pi        20   0 11192 8376 2908 R  95.0  0.9   4:23.22 perl
13433 pi        20   0 11192 8376 2908 R 100.7  0.9   4:23.55 perl
13433 pi        20   0 11192 8376 2908 R 100.7  0.9   4:23.87 perl
13433 pi        20   0 11192 8376 2908 R  94.9  0.9   4:24.19 perl
13433 pi        20   0 11192 8376 2908 R 100.6  0.9   4:24.52 perl
13433 pi        20   0 11192 8376 2908 R 100.8  0.9   4:24.84 perl
13433 pi        20   0 11192 8376 2908 R  94.9  0.9   4:25.16 perl
13433 pi        20   0 11192 8376 2908 R  94.7  0.9   4:25.48 perl
13433 pi        20   0 11192 8376 2908 R 100.8  0.9   4:25.81 perl
13433 pi        20   0 11192 8376 2908 R 101.0  0.9   4:26.13 perl
13433 pi        20   0 11192 8376 2908 R  94.8  0.9   4:26.45 perl
13433 pi        20   0 11192 8376 2908 R 100.7  0.9   4:26.78 perl
13433 pi        20   0 11192 8376 2908 R 101.1  0.9   4:27.10 perl
13433 pi        20   0 11192 8376 2908 R 101.0  0.9   4:27.42 perl
13433 pi        20   0 11192 8376 2908 R  94.9  0.9   4:27.74 perl
13433 pi        20   0 11192 8376 2908 R 100.8  0.9   4:28.07 perl
13433 pi        20   0 11192 8376 2908 R 100.9  0.9   4:28.39 perl
13433 pi        20   0 11192 8376 2908 R  94.7  0.9   4:28.71 perl
13433 pi        20   0 11324 8376 2908 R 100.7  0.9   4:29.05 perl
13433 pi        20   0 11324 8376 2908 R 101.0  0.9   4:29.37 perl
13433 pi        20   0 11324 8376 2908 R  94.8  0.9   4:29.69 perl
13433 pi        20   0 11324 8376 2908 R  94.9  0.9   4:30.01 perl
13433 pi        20   0 11324 8640 2908 R 101.0  0.9   4:30.34 perl
13433 pi        20   0 11324 8640 2908 R  94.2  0.9   4:30.66 perl
13433 pi        20   0 11324 8640 2908 R  94.9  0.9   4:30.98 perl
13433 pi        20   0 11324 8640 2908 R 101.0  0.9   4:31.31 perl
13433 pi        20   0 11324 8640 2908 R 100.8  0.9   4:31.63 perl
13433 pi        20   0 11324 8640 2908 R  94.9  0.9   4:31.95 perl
13433 pi        20   0 11324 8640 2908 R  95.1  0.9   4:32.27 perl
13433 pi        20   0 11324 8640 2908 R 100.7  0.9   4:32.60 perl
13433 pi        20   0 11324 8640 2908 R 100.8  0.9   4:32.92 perl
13433 pi        20   0 11324 8640 2908 R  95.1  0.9   4:33.24 perl
13433 pi        20   0 11324 8640 2908 R 100.7  0.9   4:33.57 perl
13433 pi        20   0 11324 8640 2908 R 100.8  0.9   4:33.89 perl
13433 pi        20   0 11324 8640 2908 R  95.1  0.9   4:34.22 perl
13433 pi        20   0 11324 8640 2908 R 100.8  0.9   4:34.55 perl
13433 pi        20   0 11456 8640 2908 R 100.8  0.9   4:34.87 perl
13433 pi        20   0 11456 8640 2908 R  95.1  0.9   4:35.19 perl
13433 pi        20   0 11456 8640 2908 R  94.8  0.9   4:35.51 perl
13433 pi        20   0 11456 8640 2908 R 100.8  0.9   4:35.84 perl
13433 pi        20   0 11456 8640 2908 R 100.9  0.9   4:36.16 perl
13433 pi        20   0 11456 8640 2908 R  94.8  0.9   4:36.48 perl
13433 pi        20   0 11456 8640 2908 R 100.8  0.9   4:36.81 perl
13433 pi        20   0 11456 8640 2908 R 101.0  0.9   4:37.13 perl
13433 pi        20   0 11456 8640 2908 R  94.9  0.9   4:37.45 perl
13433 pi        20   0 11456 8640 2908 R 100.8  0.9   4:37.78 perl
13433 pi        20   0 11456 8640 2908 R  95.1  0.9   4:38.10 perl
13433 pi        20   0 11456 8640 2908 R  94.8  0.9   4:38.42 perl
13433 pi        20   0 11456 8640 2908 R 100.9  0.9   4:38.75 perl
13433 pi        20   0 11640 8904 2908 R 100.9  0.9   4:39.07 perl
13433 pi        20   0 11640 8904 2908 R 100.7  0.9   4:39.40 perl
13433 pi        20   0 11640 8904 2908 R  94.9  0.9   4:39.72 perl
13433 pi        20   0 11640 8904 2908 R  95.0  0.9   4:40.04 perl
13433 pi        20   0 11640 8904 2908 R 100.7  0.9   4:40.37 perl
13433 pi        20   0 11640 8904 2908 R 100.9  0.9   4:40.69 perl
13433 pi        20   0 11640 8904 2908 R  95.1  0.9   4:41.01 perl
13433 pi        20   0 11640 8904 2908 R 100.8  0.9   4:41.34 perl
13433 pi        20   0 11640 8904 2908 R 100.9  0.9   4:41.66 perl
13433 pi        20   0 11640 8904 2908 R  95.0  0.9   4:41.98 perl
13433 pi        20   0 11640 8904 2908 R  95.1  0.9   4:42.30 perl
13433 pi        20   0 11640 8904 2908 R 100.9  0.9   4:42.63 perl
13433 pi        20   0 11640 8904 2908 R 100.8  0.9   4:42.95 perl
13433 pi        20   0 11640 8904 2908 R  94.9  0.9   4:43.27 perl
13433 pi        20   0 11640 8904 2908 R  94.9  0.9   4:43.59 perl
13433 pi        20   0 11640 8904 2908 R 100.5  0.9   4:43.92 perl
13433 pi        20   0 11640 8904 2908 R 100.8  0.9   4:44.24 perl
13433 pi        20   0 11640 8904 2908 R 101.0  0.9   4:44.57 perl
13433 pi        20   0 11640 8904 2908 R  94.6  0.9   4:44.89 perl
13433 pi        20   0 11640 8904 2908 R  94.8  0.9   4:45.21 perl
13433 pi        20   0 11640 8904 2908 R 101.0  0.9   4:45.54 perl
13433 pi        20   0 11772 8904 2908 R 100.8  0.9   4:45.86 perl
13433 pi        20   0 11772 8904 2908 R  95.0  0.9   4:46.18 perl
13433 pi        20   0 11772 8904 2908 R 101.1  0.9   4:46.51 perl
13433 pi        20   0 11772 8904 2908 R 100.8  0.9   4:46.83 perl
13433 pi        20   0 11772 8904 2908 R  94.9  0.9   4:47.15 perl
13433 pi        20   0 11772 9168 2908 R  95.1  1.0   4:47.47 perl
13433 pi        20   0 11772 9168 2908 R 100.8  1.0   4:47.80 perl
13433 pi        20   0 11772 9168 2908 R 100.8  1.0   4:48.12 perl
13433 pi        20   0 11772 9168 2908 R  99.4  1.0   4:48.45 perl
13433 pi        20   0 11772 9168 2908 R 100.6  1.0   4:48.77 perl
13433 pi        20   0 11772 9168 2908 R  94.9  1.0   4:49.09 perl
13433 pi        20   0 11772 9168 2908 R  95.1  1.0   4:49.41 perl
13433 pi        20   0 11772 9168 2908 R  94.7  1.0   4:49.74 perl
13433 pi        20   0 11904 9168 2908 R 100.8  1.0   4:50.07 perl
13433 pi        20   0 11904 9168 2908 R 101.0  1.0   4:50.39 perl
13433 pi        20   0 11904 9168 2908 R  94.7  1.0   4:50.71 perl
13433 pi        20   0 11904 9168 2908 R 100.9  1.0   4:51.04 perl
13433 pi        20   0 11904 9168 2908 R 100.9  1.0   4:51.36 perl
13433 pi        20   0 11904 9168 2908 R  94.8  1.0   4:51.68 perl
13433 pi        20   0 11904 9168 2908 R 100.8  1.0   4:52.01 perl
13433 pi        20   0 11904 9168 2908 R 101.1  1.0   4:52.33 perl
13433 pi        20   0 11904 9168 2908 R  94.8  1.0   4:52.65 perl
13433 pi        20   0 11904 9168 2908 R  95.0  1.0   4:52.97 perl
13433 pi        20   0 11904 9168 2908 R 100.9  1.0   4:53.30 perl
13433 pi        20   0 11904 9168 2908 R 100.7  1.0   4:53.62 perl
13433 pi        20   0 12036 9432 2908 R  94.9  1.0   4:53.94 perl
13433 pi        20   0 12036 9432 2908 R 100.9  1.0   4:54.27 perl
13433 pi        20   0 12036 9432 2908 R 100.7  1.0   4:54.59 perl
13433 pi        20   0 12036 9432 2908 R 100.7  1.0   4:54.92 perl
13433 pi        20   0 12036 9432 2908 R  95.0  1.0   4:55.24 perl
13433 pi        20   0 12036 9432 2908 R 100.6  1.0   4:55.57 perl
13433 pi        20   0 12036 9432 2908 R 100.7  1.0   4:55.89 perl
13433 pi        20   0 12036 9432 2908 R  95.1  1.0   4:56.21 perl
13433 pi        20   0 12212 9432 2908 R  94.8  1.0   4:56.53 perl
13433 pi        20   0 12212 9432 2908 R 100.8  1.0   4:56.86 perl
13433 pi        20   0 12212 9432 2908 R  95.0  1.0   4:57.18 perl
13433 pi        20   0 12212 9432 2908 R  94.8  1.0   4:57.50 perl
13433 pi        20   0 12212 9432 2908 R 100.8  1.0   4:57.83 perl
13433 pi        20   0 12212 9432 2908 R 100.9  1.0   4:58.15 perl
13433 pi        20   0 12212 9432 2908 R  94.8  1.0   4:58.47 perl
13433 pi        20   0 12212 9432 2908 R 100.7  1.0   4:58.80 perl
13433 pi        20   0 12212 9696 2908 R  93.3  1.0   4:59.12 perl
13433 pi        20   0 12212 9696 2908 R  94.9  1.0   4:59.44 perl
13433 pi        20   0 12212 9696 2908 R 101.0  1.0   4:59.77 perl
13433 pi        20   0 12344 9696 2908 R  94.8  1.0   5:00.09 perl
13433 pi        20   0 12344 9696 2908 R 100.7  1.0   5:00.42 perl
13433 pi        20   0 12344 9696 2908 R  95.0  1.0   5:00.74 perl
13433 pi        20   0 12344 9696 2908 R  94.8  1.0   5:01.06 perl
13433 pi        20   0 12344 9696 2908 R 100.9  1.0   5:01.39 perl
13433 pi        20   0 12344 9696 2908 R 100.9  1.0   5:01.71 perl
13433 pi        20   0 12344 9696 2908 R  94.9  1.0   5:02.03 perl
13433 pi        20   0 12476 9696 2908 R  94.9  1.0   5:02.35 perl
13433 pi        20   0 12476 9696 2908 R 100.8  1.0   5:02.68 perl
13433 pi        20   0 12476 9960 2908 R  94.8  1.1   5:03.00 perl
13433 pi        20   0 12824 9960 2908 R  94.9  1.1   5:03.32 perl
13433 pi        20   0 12824 9960 2908 R 100.9  1.1   5:03.65 perl
13433 pi        20   0 12824 9960 2908 R  94.9  1.1   5:03.97 perl
13433 pi        20   0 12956 9960 2908 R 100.8  1.1   5:04.30 perl
13433 pi        20   0 12956 9960 2908 R 100.9  1.1   5:04.62 perl
13433 pi        20   0 12956 9960 2908 R  94.9  1.1   5:04.94 perl
13433 pi        20   0 13464  10m 2908 R  94.9  1.1   5:05.27 perl
13433 pi        20   0 13596  10m 2908 R 101.0  1.1   5:05.60 perl
13433 pi        20   0 13596  10m 2908 R 100.7  1.1   5:05.92 perl
13433 pi        20   0 13728  10m 2908 R  94.9  1.1   5:06.24 perl
13433 pi        20   0 13860  10m 2908 R  95.1  1.2   5:06.56 perl
13433 pi        20   0     0    0    0 Z   5.8  0.0   5:06.71 perl
