 4877 pi        20   0  1964  912  624 R  96.3  0.1   0:00.21 ordselecao
 4877 pi        20   0  1964  912  624 R  94.0  0.1   0:02.45 ordselecao
 4877 pi        20   0  1964  912  624 R  94.0  0.1   0:04.68 ordselecao
 4877 pi        20   0  1964  912  624 R  94.3  0.1   0:06.91 ordselecao
 4877 pi        20   0  1964  912  624 R  93.9  0.1   0:09.14 ordselecao
 4877 pi        20   0  1964  912  624 R  94.1  0.1   0:11.37 ordselecao
 4877 pi        20   0  1964  912  624 R  94.3  0.1   0:13.60 ordselecao
 4877 pi        20   0  1964  912  624 R  94.1  0.1   0:15.83 ordselecao
 4877 pi        20   0  1964  912  624 R  94.2  0.1   0:18.06 ordselecao
 4877 pi        20   0  1964  912  624 R  94.2  0.1   0:20.29 ordselecao
 4877 pi        20   0  1964  912  624 R  93.9  0.1   0:22.52 ordselecao
 4877 pi        20   0  1964  912  624 R  94.1  0.1   0:24.75 ordselecao
 4877 pi        20   0  1964  912  624 R 100.2  0.1   0:26.98 ordselecao
 4877 pi        20   0  1964  912  624 R  99.9  0.1   0:29.21 ordselecao
 4877 pi        20   0  1964  912  624 R  92.2  0.1   0:31.44 ordselecao
 4877 pi        20   0  1964  912  624 R  94.3  0.1   0:33.67 ordselecao
 4877 pi        20   0  1964  912  624 R  93.8  0.1   0:35.90 ordselecao
 4877 pi        20   0  1964  912  624 R  94.1  0.1   0:38.13 ordselecao
 4877 pi        20   0  1964  912  624 R  94.3  0.1   0:40.36 ordselecao
 4877 pi        20   0  1964  912  624 R  93.9  0.1   0:42.59 ordselecao
 4877 pi        20   0  1964  912  624 R  94.2  0.1   0:44.82 ordselecao
 4877 pi        20   0  1964  912  624 R  94.4  0.1   0:47.05 ordselecao
 4877 pi        20   0  1964  912  624 R  94.0  0.1   0:49.28 ordselecao
 4877 pi        20   0  1964  912  624 R  94.2  0.1   0:51.51 ordselecao
 4877 pi        20   0  1964  912  624 R  94.3  0.1   0:53.74 ordselecao
 4877 pi        20   0  1964  912  624 R  94.0  0.1   0:55.97 ordselecao
 4877 pi        20   0  1964  912  624 R 100.1  0.1   0:58.20 ordselecao
 4877 pi        20   0  1964  912  624 R 100.2  0.1   1:00.43 ordselecao
 4877 pi        20   0  1964  912  624 R  99.8  0.1   1:02.66 ordselecao
 4877 pi        20   0  1964  912  624 R 100.0  0.1   1:04.89 ordselecao
 4877 pi        20   0  1964  912  624 R 100.3  0.1   1:07.12 ordselecao
 4877 pi        20   0  1964  912  624 R 100.0  0.1   1:09.35 ordselecao
 4877 pi        20   0  1964  912  624 R  99.9  0.1   1:11.58 ordselecao
 4877 pi        20   0  1964  912  624 R 100.2  0.1   1:13.81 ordselecao
 4877 pi        20   0  1964  912  624 R  99.7  0.1   1:16.04 ordselecao
 4877 pi        20   0  1964  912  624 R 100.1  0.1   1:18.27 ordselecao
 4877 pi        20   0  1964  912  624 R 100.3  0.1   1:20.50 ordselecao
 4877 pi        20   0  1964  912  624 R  94.4  0.1   1:22.72 ordselecao
 4877 pi        20   0  1964  912  624 R  94.1  0.1   1:24.95 ordselecao
 4877 pi        20   0  1964  912  624 R  94.0  0.1   1:27.18 ordselecao
 4877 pi        20   0  1964  912  624 R  94.4  0.1   1:29.41 ordselecao
 4877 pi        20   0  1964  912  624 R  93.9  0.1   1:31.64 ordselecao
 4877 pi        20   0  1964  912  624 R  94.2  0.1   1:33.87 ordselecao
 4877 pi        20   0  1964  912  624 R  94.4  0.1   1:36.10 ordselecao
 4877 pi        20   0  1964  912  624 R  94.1  0.1   1:38.33 ordselecao
 4877 pi        20   0  1964  912  624 R 100.1  0.1   1:40.56 ordselecao
 4877 pi        20   0  1964  912  624 R 100.3  0.1   1:42.79 ordselecao
 4877 pi        20   0  1964  912  624 R  99.7  0.1   1:45.02 ordselecao
 4877 pi        20   0  1964  912  624 R 100.1  0.1   1:47.25 ordselecao
 4877 pi        20   0  1964  912  624 R 100.3  0.1   1:49.48 ordselecao
 4877 pi        20   0  1964  912  624 R 100.0  0.1   1:51.71 ordselecao
 4877 pi        20   0  1964  912  624 R 100.0  0.1   1:53.94 ordselecao
 4877 pi        20   0  1964  912  624 R 100.2  0.1   1:56.17 ordselecao
 4877 pi        20   0  1964  912  624 R 100.4  0.1   1:58.40 ordselecao
 4877 pi        20   0  1964  912  624 R 100.1  0.1   2:00.63 ordselecao
 4877 pi        20   0  1964  912  624 R  94.5  0.1   2:02.85 ordselecao
 4877 pi        20   0  1964  912  624 R  94.2  0.1   2:05.08 ordselecao
 4877 pi        20   0  1964  912  624 R  94.3  0.1   2:07.31 ordselecao
 4877 pi        20   0  1964  912  624 R  94.5  0.1   2:09.54 ordselecao
 4877 pi        20   0  1964  912  624 R  93.6  0.1   2:11.77 ordselecao
 4877 pi        20   0  1964  912  624 R 100.2  0.1   2:14.00 ordselecao
 4877 pi        20   0  1964  912  624 R 100.4  0.1   2:16.23 ordselecao
 4877 pi        20   0  1964  912  624 R 100.2  0.1   2:18.46 ordselecao
 4877 pi        20   0  1964  912  624 R 100.2  0.1   2:20.69 ordselecao
 4877 pi        20   0  1964  912  624 R 100.5  0.1   2:22.92 ordselecao
 4877 pi        20   0  1964  912  624 R 100.0  0.1   2:25.15 ordselecao
 4877 pi        20   0  1964  912  624 R  94.5  0.1   2:27.37 ordselecao
 4877 pi        20   0  1964  912  624 R  94.7  0.1   2:29.60 ordselecao
 4877 pi        20   0  1964  912  624 R  94.4  0.1   2:31.83 ordselecao
 4877 pi        20   0  1964  912  624 R 100.4  0.1   2:34.06 ordselecao
 4877 pi        20   0  1964  912  624 R 100.6  0.1   2:36.29 ordselecao
 4877 pi        20   0  1964  912  624 R 100.3  0.1   2:38.52 ordselecao
 4877 pi        20   0  1964  912  624 R 100.4  0.1   2:40.75 ordselecao
 4877 pi        20   0  1964  912  624 R  94.8  0.1   2:42.97 ordselecao
 4877 pi        20   0  1964  912  624 R  94.5  0.1   2:45.20 ordselecao
 4877 pi        20   0  1964  912  624 R 100.4  0.1   2:47.43 ordselecao
 4877 pi        20   0  1964  912  624 R 100.7  0.1   2:49.66 ordselecao
 4877 pi        20   0  1964  912  624 R  94.6  0.1   2:51.88 ordselecao
 4877 pi        20   0  1964  912  624 R  94.8  0.1   2:54.11 ordselecao
