(;GM[1]FF[4]
SZ[19]
DT[2016-07-10]
PB[Kim Sooyong]BR[5p]
PW[Lee Changseok]WR[2p]
CA[UTF-8]SO[gokifu.com]BC[kr]WC[]EV[]RE[W+R]TM[10]AP[GNU Go:3.8]
;B[qd]C[GNU Go plays Q16 (75.00) - Game move R16 (74.00)]CR[pd]
LB[cc:74][dc:74][ec:74][oc:74][pc:74][qc:74][cd:74][dd:74][ed:74]
[od:74][pd:75][qd:74][ce:74][de:74][ee:74][oe:74][pe:74][qe:74]
[jj:74][co:74][do:74][eo:74][oo:74][po:74][qo:74][cp:74][dp:74]
[ep:74][op:74][pp:74][qp:74][cq:74][dq:74][eq:74][oq:74][pq:74]
[qq:74];W[pp]C[GNU Go plays D4 (75.00) - Game move Q4 (74.00)]
CR[dp]LB[pb:1][qb:1][cc:74][dc:74][ec:74][kc:16][oc:74][qc:3]
[cd:74][dd:74][ed:74][nd:74][od:74][pd:3][rd:<1][de:74][oe:1]
[qe:<1][pf:1][qf:1][jj:74][do:74][cp:74][dp:75][ep:74][pp:74]
[qp:74][cq:74][dq:74][pq:74][qq:74];B[dc]C[GNU Go plays the same move D17 (75.00)]
LB[dc:75][ec:74][nc:24][oc:24][cd:74][dd:74][od:24][ce:74][ph:25]
[qj:16][pm:24][pn:24][qn:74][cp:74][dp:74][ep:74][mp:24][np:24]
[cq:74][dq:74][eq:74][jq:16][nq:24][qq:11];W[cp]C[GNU Go plays D4 (75.00) - Game move C4 (74.00)]
CR[dp]LB[jc:24][kc:16][oc:74][od:74][ce:74][de:74][df:74][ci:16]
[pj:16][ql:18][qn:15][co:74][do:74][cp:74][dp:75][jp:16][cq:74]
[dq:74][nq:15];B[qn]C[GNU Go plays C15 (75.00) - Game move R6 (74.00)]
CR[ce]LB[nc:24][oc:24][hd:25][od:24][ce:75][de:74][cf:74][ph:25]
[cj:74][qj:16][pm:24][pn:24][qn:74][ep:74][fp:74][mp:24][np:24]
[eq:74][fq:74][iq:16][jq:24][nq:24][qq:12];W[nq]C[GNU Go plays Q10 (75.00) - Game move O3 (74.00)]
CR[pj]LB[jc:24][kc:16][oc:25][od:74][ce:25][de:74][qh:16][ci:16]
[qi:16][pj:75][qj:16][pk:74][dl:25][ql:24][on:22][pn:24][lo:17]
[mo:15][no:17][oo:16][qo:17][ro:16][ep:24][mp:15][np:74][rp:16]
[eq:24][fq:24][lq:16][nq:74];B[oc]C[GNU Go plays S4 (35.00) - Game move P17 (24.84)]
CR[rp]LB[nc:24][oc:24][hd:25][od:24][ce:24][de:24][cf:24][ph:24]
[pj:26][pk:18][qk:28][pl:18][om:18][on:17][ro:12][ep:25][qp:12]
[rp:35][eq:25][hq:16][iq:16][qq:6];W[cf]C[GNU Go plays P6 (31.77) - Game move C14 (0.00)]
CR[on]LB[ic:16][jc:24][ce:25][de:25][qh:16][ci:16][qi:16][qj:16]
[dl:25][ql:14][mm:16][mn:16][nn:16][on:31][pn:17][oo:14][qo:18]
[ro:18][ep:24][jp:25][rp:16][eq:24][fq:24][kq:23];B[cd]C[GNU Go plays D15 (35.00) - Game move C16 (35.00)]
CR[de]LB[bc:7][gc:29][jc:15][lc:17][cd:35][fd:18][gd:18][hd:28]
[kd:18][de:35][ee:17][ef:27][qg:17][ch:35][ph:19][qi:16][cj:16]
[pj:26][qj:24][ck:16][pk:19][qk:29][cl:16][pl:19][om:19][on:18]
[ro:12][ep:25][qp:12][rp:35][eq:25][hq:16][iq:16][qq:6];W[dj]
C[GNU Go plays C11 (35.00) - Game move D10 (26.59)]CR[ci]LB[ic:16]
[jc:16][be:10][de:14][ef:20][ff:17][eg:19][fg:17][gg:17][qh:16]
[ci:35][qi:16][dj:26][qj:16][dl:25][ql:14][mm:16][mn:16][nn:16]
[on:31][pn:17][oo:14][qo:18][ro:18][ep:24][jp:25][rp:16][eq:24]
[fq:24][kq:23];B[fq]C[GNU Go plays S4 (35.00) - Game move F3 (0.00)]
CR[rp]LB[fc:14][jc:15][lc:17][fd:16][gd:17][hd:18][kd:18][be:9]
[de:12][ee:17][fe:17][ge:18][bf:6][ef:17][qg:17][ch:13][ph:19]
[qi:16][pj:27][qj:24][pk:19][qk:29][cl:16][pl:19][om:19][on:19]
[ro:12][ep:25][qp:12][rp:35][eq:25][hq:16][iq:16][qq:6];W[ep]
C[GNU Go plays the same move E4 (35.00)]LB[ic:16][jc:16][be:10]
[de:14][ef:18][ff:17][eg:14][fg:17][gg:16][qh:16][hi:12][qi:16]
[qj:16][hk:10][ql:13][cm:26][em:15][mm:13][dn:15][en:17][mn:12]
[nn:13][on:29][pn:14][eo:15][fo:24][lo:11][mo:10][oo:12][qo:18]
[ro:18][ep:35][jp:16][kp:10][rp:16][dq:35][hq:35][kq:19][cr:7]
;B[dr]C[GNU Go plays S4 (35.00) - Game move D2 (14.11)]CR[rp]
LB[fc:14][jc:15][lc:16][fd:16][gd:17][hd:18][kd:18][be:9][de:12]
[ee:17][fe:17][ge:18][bf:6][ef:17][qg:17][ch:13][ph:18][qi:16]
[pj:25][qj:24][pk:18][qk:28][cl:16][pl:18][nm:13][om:16][on:14]
[go:21][ro:12][fp:35][gp:17][hp:17][ip:15][qp:12][rp:35][eq:24]
[hq:15][qq:6][dr:14][er:10];W[hq]C[GNU Go plays P6 (29.87) - Game move H3 (16.07)]
CR[on]LB[ic:16][jc:16][be:10][de:14][ef:18][ff:18][eg:15][fg:18]
[gg:16][qh:16][hi:14][qi:16][qj:16][ql:13][cm:24][dm:14][mm:12]
[fn:15][mn:11][nn:13][on:29][pn:14][bo:13][co:12][do:13][eo:15]
[fo:20][go:15][lo:11][mo:10][oo:11][qo:18][ro:18][bp:12][dp:9]
[fp:12][jp:18][kp:11][rp:16][bq:13][cq:10][dq:10][eq:11][hq:16]
[kq:20][br:14][cr:7];B[fp]C[GNU Go plays S4 (35.00) - Game move F4 (22.72)]
CR[rp]LB[fc:14][jc:15][lc:17][fd:17][gd:18][hd:18][kd:18][be:9]
[de:13][ee:18][fe:18][ge:19][bf:6][ef:18][qg:17][ch:14][ph:19]
[qi:16][pj:27][qj:24][pk:20][qk:29][cl:16][pl:21][om:21][on:21]
[ro:12][dp:1][fp:22][gp:24][qp:12][rp:35][bq:21][cq:9][eq:4][qq:6]
[br:9][gr:9][hr:6];W[eq]C[GNU Go plays E5 (35.25) - Game move E3 (11.14)]
CR[eo]LB[ic:16][jc:16][be:10][de:13][ef:17][ff:17][eg:14][fg:17]
[gg:15][qh:16][gi:10][hi:12][qi:16][qj:16][gk:8][hk:9][el:13]
[fl:12][ql:13][cm:24][dm:20][em:15][fm:14][im:9][mm:13][cn:11]
[dn:13][en:18][hn:10][in:11][mn:13][nn:14][on:27][pn:16][bo:13]
[co:13][do:18][eo:35][ho:10][io:12][oo:13][qo:18][ro:18][bp:12]
[dp:11][rp:16][bq:14][cq:10][dq:12][eq:11][kq:17][br:16][cr:6]
[gr:6];B[er]C[GNU Go plays S4 (35.00) - Game move E2 (23.77)]
CR[rp]LB[fc:14][jc:15][lc:16][fd:16][gd:17][hd:17][kd:17][be:9]
[de:12][ee:17][fe:16][ge:17][bf:6][ef:16][qg:17][ch:12][ph:18]
[qi:16][pj:26][qj:24][pk:19][qk:28][cl:16][pl:19][om:19][fn:24]
[gn:20][on:18][fo:29][ro:12][hp:17][qp:12][rp:35][qq:6][dr:X]
[er:23][fr:26][gr:11];W[cq]C[GNU Go plays E5 (33.80) - Game move C3 (0.00)]
CR[eo]LB[ic:16][jc:16][be:10][de:13][ef:17][ff:17][eg:14][fg:16]
[gg:15][qh:16][gi:10][hi:11][qi:16][qj:16][gk:8][hk:9][el:13]
[fl:12][ql:13][cm:24][dm:19][em:15][fm:13][im:9][mm:13][cn:11]
[dn:13][en:17][fn:17][hn:10][in:11][mn:13][nn:14][on:27][pn:15]
[eo:33][ho:10][io:12][oo:13][qo:18][ro:18][rp:16][bq:6][kq:17]
[br:16][gr:5];B[fn]C[GNU Go plays F5 (42.81) - Game move F6 (0.00)]
CR[fo]LB[fc:14][jc:15][lc:17][fd:17][gd:17][hd:18][kd:18][be:9]
[de:12][ee:17][fe:17][ge:18][bf:6][ef:17][qg:17][ch:13][ph:19]
[qi:16][pj:26][qj:24][pk:19][qk:29][cl:16][pl:20][om:19][on:19]
[eo:28][fo:42][ro:12][hp:30][qp:12][rp:35][qq:6][cr:14][gr:22]
;W[gr]C[GNU Go plays E5 (33.31) - Game move G2 (6.83)]CR[eo]LB[ic:16]
[jc:16][be:10][de:12][ef:16][ff:15][eg:13][fg:15][gg:14][qh:16]
[fi:11][gi:9][hi:10][qi:16][fj:10][gj:8][qj:16][fk:8][gk:7][hk:7]
[cl:13][dl:13][el:11][fl:8][ql:13][cm:24][dm:24][mm:12][bn:9]
[cn:11][dn:14][hn:11][mn:12][nn:13][on:26][pn:14][eo:33][fo:6]
[ho:10][io:12][lo:12][mo:11][oo:12][qo:18][ro:18][jp:11][rp:16]
[kq:19][br:6][cr:14][gr:6];B[fr]C[GNU Go plays S4 (35.00) - Game move F2 (18.99)]
CR[rp]LB[fc:13][jc:15][lc:16][fd:15][gd:16][hd:16][kd:17][be:8]
[de:11][ee:15][fe:15][ge:16][bf:6][ef:14][qg:17][ch:6][ph:18]
[qi:16][pj:25][qj:24][gk:8][pk:18][qk:28][cl:16][dl:14][el:12]
[fl:13][gl:10][pl:18][dm:13][fm:19][gm:18][hm:10][im:10][jm:11]
[om:17][dn:13][gn:13][hn:12][in:12][on:16][eo:24][fo:8][go:12]
[ho:12][io:14][ro:12][gp:8][hp:5][qp:12][rp:35][qq:6][dr:X][er:X]
[fr:18];W[hp]C[GNU Go plays E5 (34.00) - Game move H4 (0.00)]
CR[eo]LB[ic:16][jc:16][be:10][de:12][ef:16][ff:15][eg:13][fg:15]
[gg:14][qh:16][fi:11][gi:9][hi:10][qi:16][fj:10][gj:8][qj:16]
[fk:8][gk:7][hk:7][cl:13][dl:13][el:11][fl:8][ql:13][cm:24][dm:24]
[mm:12][bn:9][cn:11][dn:14][hn:11][mn:12][nn:13][on:26][pn:15]
[eo:33][fo:6][ho:10][io:12][lo:11][oo:12][qo:18][ro:18][rp:16]
[kq:13][br:6][cr:15][gs:4];B[ho]C[GNU Go plays S4 (35.00) - Game move H5 (0.00)]
CR[rp]LB[fc:13][jc:15][lc:16][fd:15][gd:16][hd:16][kd:17][be:8]
[de:11][ee:15][fe:15][ge:16][bf:6][ef:14][qg:17][ph:18][qi:16]
[pj:25][qj:24][pk:18][qk:27][cl:16][dl:14][el:13][fl:14][gl:10]
[pl:19][dm:14][fm:26][gm:26][hm:12][om:18][dn:15][gn:20][hn:14]
[on:17][eo:27][fo:11][go:13][ro:12][gp:8][qp:12][rp:35][gq:2]
[qq:6][cr:5];W[dm]C[GNU Go plays E5 (34.65) - Game move D7 (24.89)]
CR[eo]LB[ic:16][jc:16][be:9][de:13][ef:16][ff:15][eg:13][fg:15]
[gg:14][qh:16][fi:12][gi:10][hi:11][qi:16][fj:12][gj:10][qj:16]
[fk:10][gk:8][cl:13][dl:14][el:12][fl:10][ql:13][cm:25][dm:24]
[mm:12][bn:9][cn:12][dn:14][mn:11][nn:12][on:26][pn:13][eo:34]
[go:5][io:17][ko:13][lo:10][mo:10][no:12][oo:12][qo:18][ro:18]
[ip:20][jp:13][kp:18][lp:10][rp:16][kq:16][br:6][cr:15][gs:4]
;B[io]C[GNU Go plays the same move J5 (51.70)]LB[fc:13][jc:15]
[lc:16][fd:15][gd:16][hd:16][kd:17][be:9][de:11][ee:15][fe:15]
[ge:16][bf:6][ef:14][qg:17][ch:10][ph:18][qi:16][pj:25][qj:24]
[gk:8][ik:8][pk:18][qk:27][fl:8][gl:8][hl:9][il:9][pl:18][hm:29]
[im:11][jm:13][om:17][dn:3][gn:12][hn:17][in:35][on:16][eo:24]
[fo:6][go:8][io:51][ro:12][gp:7][qp:12][rp:35][gq:2][qq:6][cr:5]
;W[jp]C[GNU Go plays L3 (37.89) - Game move K4 (0.00)]CR[kq]LB[ic:16]
[jc:16][be:9][de:13][ef:16][ff:16][eg:12][fg:15][gg:14][qh:16]
[fi:12][gi:11][hi:12][qi:16][fj:12][gj:10][qj:16][fk:11][gk:9]
[el:6][fl:11][ql:13][fm:8][mm:13][mn:11][nn:12][on:28][pn:13]
[do:1][eo:9][go:34][ko:12][lo:12][mo:11][no:12][oo:12][qo:18]
[ro:18][fp:X][lp:14][rp:16][fq:X][kq:37][cr:4][dr:X][er:X][fr:X]
[lr:12];B[eo]C[GNU Go plays G5 (37.23) - Game move E5 (0.00)]
CR[go]LB[fc:13][jc:15][lc:16][fd:15][gd:16][hd:16][kd:17][be:9]
[de:11][ee:15][fe:15][ge:16][bf:6][ef:14][qg:16][ch:9][ph:17]
[qi:16][pj:24][qj:24][gk:8][hk:7][ik:7][jk:7][pk:17][qk:27][fl:9]
[gl:8][hl:23][il:11][jl:7][pl:17][jm:8][om:15][dn:3][jn:8][kn:9]
[on:13][fo:36][go:37][jo:8][ro:12][fp:X][gp:27][qp:12][rp:35]
[fq:X][lq:7][qq:6][cr:26][dr:X][er:X][fr:X][cs:25];W[jo]C[GNU Go plays F8 (23.04) - Game move K5 (10.39)]
CR[fl]LB[ic:16][jc:16][be:9][de:12][ef:16][ff:15][eg:12][fg:14]
[gg:14][qh:16][fi:12][gi:11][hi:11][qi:16][fj:12][gj:10][qj:16]
[fk:11][gk:9][el:6][fl:23][ql:13][fm:6][mm:12][dn:13][kn:14][mn:11]
[nn:12][on:22][pn:13][co:12][do:15][go:10][jo:10][ko:9][lo:11]
[mo:10][oo:11][qo:18][ro:17][ip:<1][rp:16][br:6][cr:11][gs:2]
;B[pj]C[GNU Go plays S4 (35.00) - Game move Q10 (25.47)]CR[rp]
LB[fc:13][jc:15][lc:16][fd:15][gd:16][hd:16][kd:16][be:9][de:11]
[ee:15][fe:15][ge:16][bf:6][ef:14][qg:16][ch:2][ph:17][qi:16]
[pj:25][qj:24][gk:6][hk:6][ik:7][pk:18][qk:28][fl:8][gl:7][hl:11]
[il:10][pl:18][em:11][hm:7][im:8][om:17][dn:20][in:11][on:15]
[co:8][do:<1][fo:11][go:10][ro:12][fp:X][gp:9][qp:12][rp:35][fq:X]
[gq:2][qq:6][dr:X][er:X][fr:X];W[jm]C[GNU Go plays F8 (24.33) - Game move K7 (9.17)]
CR[fl]LB[ic:16][jc:16][be:9][de:12][ef:16][ff:15][eg:12][fg:14]
[gg:14][qh:16][fi:11][gi:10][hi:11][fj:11][gj:9][fk:10][gk:8]
[hk:8][ik:8][kk:11][el:5][fl:24][jl:8][kl:9][ql:14][fm:5][jm:9]
[km:8][mm:10][dn:12][jn:12][mn:10][nn:10][on:13][pn:13][co:11]
[do:15][go:18][oo:9][qo:20][ro:20][fp:X][ip:1][rp:16][fq:X][cr:11]
[dr:X][er:X][fr:X][gs:2];B[on]C[GNU Go plays S4 (35.00) - Game move P6 (15.80)]
CR[rp]LB[fc:13][jc:15][lc:16][fd:15][gd:16][hd:16][kd:17][be:9]
[de:11][ee:16][fe:15][ge:16][bf:6][ef:15][qg:14][ch:2][li:14]
[mi:14][ni:15][mj:14][nj:15][mk:14][nk:16][fl:14][gl:6][ol:16]
[pl:23][em:12][gm:5][hm:11][om:15][dn:21][on:15][co:8][do:<1]
[go:11][ro:12][fp:X][gp:7][qp:12][rp:35][fq:X][gq:2][qq:6][dr:X]
[er:X][fr:X];W[dn]C[GNU Go plays G5 (24.22) - Game move D6 (12.45)]
CR[go]LB[ic:16][jc:16][be:9][de:12][ef:15][ff:15][eg:12][fg:14]
[gg:13][qh:16][fi:10][gi:9][hi:10][ii:11][ki:15][fj:10][gj:8]
[ij:8][jj:11][kj:11][fk:8][gk:7][hk:8][ik:8][jk:10][kk:10][el:4]
[fl:22][hl:7][ll:11][ml:11][fm:4][hm:4][lm:11][mm:9][dn:12][in:4]
[jn:1][ln:12][mn:12][pn:3][co:11][do:15][go:24][lo:12][mo:10]
[no:13][qo:21][ro:20][fp:X][ip:1][lp:10][np:5][rp:18][fq:X][cr:11]
[dr:X][er:X][fr:X][gs:2];B[hm]C[GNU Go plays D5 (18.20) - Game move H7 (12.44)]
CR[do]LB[fc:13][jc:15][lc:16][fd:15][gd:16][hd:17][kd:17][be:9]
[de:11][ee:16][fe:15][ge:16][bf:6][ef:15][qg:13][ch:10][li:13]
[mi:13][mj:12][mk:13][nk:13][fl:13][gl:8][nl:13][gm:5][hm:12]
[lm:13][mm:12][nm:15][om:12][pm:9][qm:8][rm:9][mn:11][nn:10][pn:4]
[rn:11][do:18][go:10][no:8][oo:7][po:12][qo:12][ro:15][fp:X][gp:6]
[qp:11][rp:17][fq:X][gq:2][qq:7][cr:5][dr:X][er:X][fr:X];W[qo]
C[GNU Go plays the same move R5 (20.81)]LB[ic:16][jc:16][be:12]
[de:14][ef:15][ff:14][eg:13][fg:13][gg:12][qh:16][fi:12][gi:9]
[hi:9][ii:10][ki:14][fj:13][gj:8][ij:8][jj:9][kj:11][fk:10][gk:10]
[hk:7][ik:8][jk:9][kk:10][fl:8][il:6][ll:11][ml:11][fm:4][lm:10]
[mm:9][in:8][jn:2][ln:12][mn:12][pn:3][do:6][lo:12][mo:10][no:14]
[qo:20][ro:20][ip:3][lp:10][np:5][rp:18][cr:8][gs:5];B[rn]C[GNU Go plays the same move S6 (29.76)]
LB[fc:13][jc:15][lc:15][fd:14][gd:15][hd:16][kd:16][be:9][de:10]
[ee:15][fe:14][ge:15][bf:6][ef:13][qg:11][ch:9][ii:7][li:12][mi:12]
[fj:6][hj:5][ij:5][mj:11][fk:5][gk:7][hk:19][ik:5][jk:6][mk:10]
[nk:9][fl:22][il:4][nl:9][ol:9][pl:17][ql:15][rl:11][mm:8][nm:10]
[om:9][pm:22][qm:18][mn:8][nn:7][pn:25][rn:29][do:18][no:5][po:23]
[ro:12][gp:1][gq:2][cr:5];W[ed]C[GNU Go plays O5 (16.61) - Game move E16 (0.00)]
CR[no]LB[ic:16][jc:16][be:12][de:14][ef:15][ff:14][eg:13][fg:13]
[gg:12][qh:16][fi:12][gi:9][hi:9][ii:10][ki:14][fj:13][gj:8][ij:8]
[jj:9][kj:11][fk:10][gk:10][hk:8][ik:8][jk:10][kk:10][fl:8][il:6]
[ll:12][ml:12][fm:4][lm:11][mm:10][in:8][jn:2][ln:12][mn:14][pn:3]
[do:6][lo:12][mo:10][no:16][oo:8][ro:16][ip:3][lp:10][mp:10][np:6]
[cr:8][gs:5];B[ec]C[GNU Go plays F8 (25.06) - Game move E17 (12.06)]
CR[fl]LB[fb:11][ec:12][jc:15][lc:14][kd:15][be:8][de:11][bf:5]
[qg:12][ch:12][li:13][mi:13][fj:10][hj:8][mj:12][gk:10][hk:22]
[ik:7][jk:7][mk:12][nk:12][fl:25][gl:7][il:5][nl:12][mm:11][mn:10]
[do:18][no:6][po:18][ro:10][gp:1][gq:2][sq:13][cr:5];W[gd]C[GNU Go plays F16 (19.38) - Game move G16 (0.00)]
CR[fd]LB[jc:16][fd:19][be:11][de:11][ge:18][he:17][ff:13][fg:11]
[gg:13][fh:13][qh:16][fi:13][gi:10][hi:10][ii:11][ki:15][fj:14]
[gj:9][ij:9][jj:9][kj:11][fk:11][gk:10][hk:8][ik:8][jk:10][kk:11]
[fl:9][il:7][ll:12][ml:12][fm:4][lm:11][mm:10][in:9][jn:2][ln:12]
[mn:14][pn:3][do:6][lo:12][mo:11][no:16][oo:8][ro:16][ip:3][lp:11]
[mp:11][np:6][cr:8][gs:5];B[kd]C[GNU Go plays F8 (27.13) - Game move L16 (15.62)]
CR[fl]LB[gb:9][fc:16][ic:23][lc:15][fd:2][kd:15][ld:13][be:9]
[de:11][bf:5][qg:11][li:13][mi:13][fj:12][hj:10][mj:12][gk:12]
[hk:25][ik:9][mk:12][nk:12][fl:27][gl:8][il:6][nl:12][mm:12][mn:10]
[do:18][no:6][po:18][ro:10][gp:1][gq:2][sq:13][cr:5];W[ef]C[GNU Go plays P15 (24.12) - Game move E14 (0.00)]
CR[oe]LB[fb:9][fc:11][ic:12][fd:4][id:10][be:11][de:9][ee:11]
[fe:6][ge:7][he:10][ie:11][oe:24][hf:11][fg:9][gg:8][hg:10][hh:10]
[qh:16][fi:12][gi:10][hi:9][ii:9][ki:13][fj:13][gj:9][ij:8][jj:8]
[kj:10][fk:11][gk:11][hk:9][ik:8][jk:9][kk:10][fl:9][il:6][ll:12]
[ml:12][fm:4][lm:11][mm:10][in:9][jn:2][ln:12][mn:15][pn:3][do:6]
[lo:12][mo:11][no:16][oo:8][ro:15][ip:3][lp:11][mp:11][np:6][cr:8]
[gs:5];B[de]C[GNU Go plays F8 (24.80) - Game move D15 (3.49)]
CR[fl]LB[gb:8][fc:13][ic:14][id:13][be:9][de:3][ie:11][bf:5][jf:13]
[kf:15][jg:11][kg:12][lg:13][qg:12][jh:10][lh:14][li:13][mi:13]
[fj:8][hj:7][mj:12][gk:9][hk:22][ik:6][jk:6][mk:12][nk:12][fl:24]
[gl:6][il:5][nl:12][mm:11][mn:10][do:18][no:6][po:18][ro:10][gp:1]
[gq:2][sq:13][cr:5];W[df]C[GNU Go plays P15 (24.12) - Game move D14 (19.68)]
CR[oe]LB[fb:8][fc:19][ic:17][dd:1][ed:X][fd:5][hd:12][id:9][be:11]
[ee:8][fe:8][ge:10][he:13][ie:9][oe:24][df:19][ff:5][hf:8][hg:7]
[ig:10][dh:14][hh:8][qh:16][fi:7][gi:7][hi:7][ii:8][ki:13][fj:9]
[gj:6][ij:7][jj:8][kj:10][fk:8][gk:9][hk:7][ik:7][jk:9][kk:10]
[fl:7][il:6][ll:12][ml:12][fm:4][lm:11][mm:10][in:9][jn:2][ln:12]
[mn:15][pn:3][do:6][lo:12][mo:11][no:16][oo:8][ro:15][ip:3][lp:11]
[mp:11][np:6][cr:7][gs:5];B[fe]C[GNU Go plays F8 (25.06) - Game move F15 (0.00)]
CR[fl]LB[gb:8][fc:20][ic:14][ed:X][id:13][be:9][ee:8][ie:11][jf:13]
[kf:15][jg:11][kg:12][lg:13][qg:12][jh:11][lh:14][li:13][mi:13]
[hj:8][mj:12][gk:10][hk:22][ik:7][jk:6][mk:12][nk:12][fl:25][gl:7]
[il:5][nl:12][mm:11][mn:10][do:18][no:6][po:18][ro:10][gp:1][gq:2]
[sq:13][cr:5];W[hf]C[GNU Go plays P15 (24.12) - Game move H14 (0.00)]
CR[oe]LB[fb:9][fc:6][ic:19][dd:<1][ed:X][fd:16][id:10][be:10]
[ee:6][ge:6][he:8][oe:24][ff:8][fg:6][gg:13][fh:10][hh:8][qh:16]
[fi:9][gi:7][hi:7][ii:8][ki:14][fj:10][gj:6][ij:7][jj:9][kj:11]
[fk:9][gk:9][hk:7][ik:8][jk:10][kk:11][fl:8][il:6][ll:13][ml:13]
[fm:4][lm:12][mm:11][in:9][jn:2][ln:12][mn:15][pn:3][do:6][lo:12]
[mo:11][no:16][oo:8][ro:15][ip:3][lp:11][mp:11][np:6][cr:8][gs:5]
;B[kg]C[GNU Go plays F8 (23.47) - Game move L13 (14.48)]CR[fl]
LB[gb:8][fc:15][ic:13][jc:9][ed:X][fd:9][id:8][be:9][ee:1][ge:5]
[ff:3][jf:12][kf:15][lf:14][kg:14][lg:14][qg:11][lh:14][li:12]
[mi:12][mj:12][gk:11][hk:10][ik:8][mk:12][nk:12][fl:23][gl:8]
[il:6][nl:12][mm:11][mn:10][do:18][no:6][po:18][ro:10][gp:1][gq:2]
[sq:13][cr:5];W[qe]C[GNU Go plays F16 (17.15) - Game move R15 (0.00)]
CR[fd]LB[fb:8][fc:6][gc:10][hc:13][ic:13][dd:<1][ed:X][fd:17]
[hd:8][id:12][be:10][ee:9][ge:7][he:8][ff:9][gf:4][fg:3][gg:4]
[ig:5][gh:5][hh:6][ih:7][qh:16][gi:7][hi:7][ii:7][ki:14][fj:9]
[gj:6][ij:6][jj:9][fk:9][gk:10][hk:7][ik:8][jk:17][kk:13][fl:8]
[il:6][ll:15][fm:4][lm:13][mm:12][in:13][jn:3][ln:14][mn:16][pn:3]
[do:6][lo:13][mo:15][no:16][oo:8][ro:15][ip:3][lp:15][mp:15][np:6]
[cr:8][gs:5];B[qg]C[GNU Go plays Q15 (37.09) - Game move R13 (19.19)]
CR[pe]LB[gb:7][qb:11][fc:15][ic:11][pc:10][qc:9][rc:11][ed:X]
[fd:9][id:7][od:9][pd:17][rd:15][be:9][ee:1][ge:4][je:2][ne:7]
[oe:11][pe:37][re:24][ff:3][jf:3][nf:8][of:8][ng:8][og:8][pg:9]
[qg:19][hh:10][ih:7][nh:8][oh:8][ph:13][qh:10][ii:8][ji:7][ki:8]
[li:7][mi:7][ni:8][fj:8][hj:7][ij:6][jj:6][kj:7][lj:7][mj:8][gk:9]
[hk:7][ik:6][jk:5][lk:9][mk:9][nk:9][fl:22][gl:6][il:4][nl:9]
[mm:10][mn:9][do:18][no:5][po:18][ro:10][gp:1][gq:2][sq:13][cr:5]
;W[pg]C[GNU Go plays F16 (16.59) - Game move Q13 (0.00)]CR[fd]
LB[fb:8][fc:6][gc:9][hc:12][ic:13][dd:<1][ed:X][fd:16][hd:7][id:11]
[be:10][ee:9][ge:7][he:8][qe:X][ff:9][gf:5][fg:4][gg:4][ig:4]
[gh:5][hh:6][ih:6][gi:7][hi:7][ii:7][fj:10][gj:6][ij:6][jj:8]
[fk:9][gk:10][hk:7][ik:7][jk:16][kk:12][fl:8][il:6][ll:14][fm:4]
[lm:13][mm:12][in:13][jn:2][ln:13][mn:14][pn:3][do:6][lo:13][mo:15]
[no:14][oo:8][ro:15][ip:3][lp:15][mp:15][np:6][cr:8][gs:5];B[qh]
C[GNU Go plays Q15 (56.14) - Game move R12 (11.10)]CR[pe]LB[gb:7]
[qb:10][fc:14][ic:10][pc:9][qc:9][rc:11][ed:X][fd:9][id:6][md:10]
[od:7][pd:19][rd:19][be:9][ee:1][ge:4][je:2][me:7][ne:6][oe:8]
[pe:56][re:28][ff:3][jf:3][mf:7][nf:7][pf:5][rf:9][mg:6][ng:5]
[hh:10][ih:7][mh:5][nh:5][oh:21][ph:10][qh:11][ii:7][ji:6][ki:6]
[li:4][mi:5][ni:5][fj:8][hj:7][ij:5][jj:5][kj:6][lj:5][mj:6][nj:5]
[gk:9][hk:7][ik:5][jk:4][lk:7][mk:7][nk:6][fl:22][gl:6][il:4]
[nl:8][mm:9][mn:8][do:18][no:5][po:16][ro:10][gp:1][gq:2][sq:13]
[cr:5];W[rd]C[GNU Go plays Q14 (42.93) - Game move S16 (0.00)]
CR[pf]LB[fb:8][fc:6][gc:9][hc:12][ic:13][dd:<1][ed:X][fd:16][hd:8]
[id:11][pd:28][be:10][ee:9][ge:7][he:8][ff:9][gf:5][pf:42][qf:33]
[fg:4][gg:4][ig:4][pg:X][gh:5][hh:6][ih:6][gi:7][hi:7][ii:7][fj:10]
[gj:6][ij:6][jj:8][fk:9][gk:10][hk:7][ik:7][jk:16][kk:12][fl:8]
[il:6][ll:14][fm:4][lm:13][mm:12][in:13][jn:2][ln:13][mn:14][pn:3]
[do:6][lo:13][mo:15][no:14][oo:8][ro:15][ip:3][lp:15][mp:15][np:6]
[cr:8][gs:5];B[qc]C[GNU Go plays Q14 (53.97) - Game move R17 (10.02)]
CR[pf]LB[gb:7][qb:4][fc:14][ic:10][pc:2][qc:10][ed:X][fd:9][id:6]
[md:11][pd:7][be:9][ee:1][ge:4][je:1][me:7][ne:7][oe:8][ff:3]
[jf:3][mf:7][nf:8][pf:53][rf:3][mg:6][ng:6][hh:10][ih:6][mh:5]
[nh:4][ph:2][ii:7][ji:6][ki:6][li:4][mi:4][ni:4][fj:8][hj:7][ij:5]
[jj:5][kj:5][lj:4][mj:5][nj:5][gk:9][hk:7][ik:5][jk:4][lk:7][mk:7]
[nk:6][fl:22][gl:6][il:4][nl:8][mm:9][mn:8][do:18][no:5][po:16]
[ro:10][gp:1][gq:2][sq:13][cr:5];W[rc]C[GNU Go plays Q14 (44.56) - Game move S17 (0.00)]
CR[pf]LB[fb:8][fc:6][gc:9][hc:12][ic:13][dd:<1][ed:X][fd:16][hd:7]
[id:11][be:10][ee:9][ge:7][he:8][ff:9][gf:5][pf:44][rf:32][fg:4]
[gg:4][ig:4][gh:5][hh:6][ih:6][gi:7][hi:7][ii:7][fj:10][gj:6]
[ij:6][jj:8][fk:9][gk:10][hk:7][ik:7][jk:16][kk:12][fl:8][il:6]
[ll:14][fm:4][lm:13][mm:12][in:13][jn:2][ln:13][mn:14][pn:3][do:6]
[lo:13][mo:15][no:14][oo:8][ro:15][ip:3][lp:15][mp:15][np:6][cr:8]
[gs:5];B[rb]C[GNU Go plays Q14 (22.93) - Game move S18 (6.48)]
CR[pf]LB[gb:7][qb:6][rb:6][fc:14][ic:10][ed:X][fd:9][id:6][md:11]
[pd:3][be:9][ee:1][ge:4][je:1][me:7][ne:7][oe:8][pe:5][ff:3][jf:3]
[mf:7][nf:8][pf:22][rf:16][mg:6][ng:5][hh:10][ih:6][mh:5][nh:4]
[ph:2][ii:7][ji:6][ki:6][li:4][mi:4][ni:4][fj:8][hj:7][ij:5][jj:5]
[kj:5][lj:4][mj:5][nj:5][gk:9][hk:7][ik:5][jk:4][lk:7][mk:7][nk:6]
[fl:22][gl:6][il:4][nl:8][mm:9][mn:8][do:18][no:5][po:16][ro:10]
[gp:1][gq:2][sq:13][cr:5];W[qf]C[GNU Go plays Q14 (47.00) - Game move R14 (0.00)]
CR[pf]LB[fb:8][fc:6][gc:9][hc:12][ic:13][dd:<1][ed:X][fd:16][hd:7]
[id:11][be:10][ee:9][ge:7][he:8][ff:9][gf:5][pf:47][fg:4][gg:4]
[ig:4][gh:5][hh:6][ih:6][gi:7][hi:7][ii:7][fj:10][gj:6][ij:6]
[jj:8][fk:9][gk:10][hk:7][ik:7][jk:16][kk:12][fl:8][il:6][ll:14]
[fm:4][lm:13][mm:12][in:13][jn:2][ln:13][mn:14][pn:3][do:6][lo:13]
[mo:15][no:14][oo:8][ro:15][ip:3][lp:15][mp:15][np:6][cr:8][gs:5]
;B[of]C[GNU Go plays S14 (29.24) - Game move P14 (0.00)]CR[rf]
LB[gb:7][sb:6][fc:14][ic:9][ed:X][fd:9][id:6][md:11][pd:3][be:9]
[ee:1][ge:4][je:1][me:7][ne:6][oe:9][ff:3][jf:3][mf:6][nf:8][pf:25]
[rf:29][mg:6][ng:5][rg:5][hh:10][ih:6][mh:5][nh:4][ph:3][ii:7]
[ji:6][ki:6][li:4][mi:4][ni:4][fj:8][hj:7][ij:5][jj:5][kj:5][lj:4]
[mj:5][nj:5][gk:9][hk:7][ik:5][jk:4][lk:7][mk:7][nk:6][fl:22]
[gl:6][il:4][nl:8][mm:9][mn:8][do:18][no:5][po:16][ro:10][gp:1]
[gq:2][sq:13][cr:5];W[oe]C[GNU Go plays S13 (28.46) - Game move P15 (0.00)]
CR[rg]LB[fb:8][fc:6][gc:9][hc:11][ic:12][rc:X][dd:<1][ed:X][fd:16]
[hd:7][id:11][rd:X][be:10][ee:9][ge:7][he:8][qe:X][ff:9][gf:5]
[qf:X][fg:4][gg:4][ig:4][pg:X][rg:28][gh:5][hh:6][ih:6][fi:7]
[gi:8][hi:7][ii:7][fj:10][gj:6][ij:6][jj:8][fk:9][gk:10][hk:7]
[ik:7][jk:16][kk:11][fl:8][il:6][ll:13][fm:4][lm:13][mm:12][in:14]
[jn:2][ln:13][mn:14][pn:3][do:6][lo:13][mo:15][no:14][oo:8][ro:15]
[ip:3][lp:16][mp:16][np:6][cr:8][gs:5];B[og]C[GNU Go plays S14 (50.31) - Game move P13 (0.00)]
CR[rf]LB[gb:7][sb:6][fc:14][ic:7][mc:7][rc:X][ed:X][fd:9][id:5]
[md:11][nd:7][pd:1][rd:X][be:9][ee:1][ge:4][je:1][me:6][oe:X]
[pe:5][qe:X][ff:3][jf:2][mf:7][nf:9][pf:5][qf:X][rf:50][pg:X]
[rg:5][hh:10][ih:7][ii:8][ji:7][ki:8][li:6][fj:8][hj:7][ij:6]
[jj:7][kj:8][lj:8][mj:8][gk:9][hk:7][ik:5][jk:6][lk:11][mk:9]
[fl:18][gl:6][il:4][nl:9][mm:10][mn:9][do:18][no:5][po:15][ro:10]
[gp:1][gq:2][sq:13][cr:5];W[nd]C[GNU Go plays F16 (16.58) - Game move O16 (0.00)]
CR[fd]LB[fb:8][fc:6][gc:9][hc:11][ic:12][rc:X][dd:<1][ed:X][fd:16]
[hd:7][id:11][rd:X][be:10][ee:9][ge:7][he:8][oe:X][qe:X][ff:9]
[gf:5][qf:X][fg:4][gg:4][ig:4][pg:X][gh:5][hh:6][ih:6][fi:7][gi:7]
[hi:7][ii:7][fj:10][gj:6][ij:6][jj:7][fk:9][gk:10][hk:7][ik:6]
[jk:15][kk:10][fl:8][il:5][ll:13][fm:4][lm:12][mm:11][in:14][jn:2]
[ln:13][mn:13][pn:3][do:6][lo:13][mo:15][no:14][oo:8][ro:15][ip:3]
[lp:16][mp:16][np:6][cr:8][gs:5];B[nc]C[GNU Go plays O14 (47.02) - Game move O17 (9.08)]
CR[nf]LB[gb:6][mb:4][fc:13][ic:4][mc:3][nc:9][rc:X][ed:X][fd:9]
[id:2][nd:X][pd:1][rd:X][be:8][ee:<1][ge:3][je:<1][me:6][oe:X]
[pe:30][qe:X][ff:3][jf:2][mf:4][nf:47][pf:7][qf:X][rf:8][mg:6]
[pg:X][rg:3][hh:10][ih:6][oh:2][ph:<1][ii:7][ji:6][ki:7][li:5]
[fj:8][hj:6][ij:5][jj:6][kj:7][lj:7][mj:7][gk:8][hk:7][ik:5][jk:5]
[lk:10][mk:8][fl:18][gl:5][il:3][nl:8][mm:10][mn:8][do:17][no:5]
[po:15][ro:9][gp:1][gq:1][sq:13][cr:5];W[md]C[GNU Go plays F16 (16.67) - Game move N16 (0.00)]
CR[fd]LB[fb:8][fc:6][gc:9][hc:11][ic:13][rc:X][dd:<1][ed:X][fd:16]
[hd:7][id:12][nd:X][rd:X][be:10][ee:9][ge:7][he:8][oe:X][qe:X]
[ff:9][gf:5][pf:<1][qf:X][fg:4][gg:4][ig:4][pg:X][gh:5][hh:6]
[ih:6][fi:7][gi:7][hi:7][ii:7][fj:10][gj:6][ij:6][jj:7][fk:9]
[gk:10][hk:7][ik:6][jk:15][kk:10][fl:8][il:5][ll:13][fm:4][lm:12]
[mm:11][in:14][jn:2][ln:13][mn:13][pn:3][do:6][lo:13][mo:15][no:14]
[oo:8][ro:15][ip:3][lp:16][mp:16][np:6][cr:8][gs:5];B[lb]C[GNU Go plays the same move M18 (19.07)]
LB[gb:6][lb:19][fc:14][ic:7][lc:4][mc:8][rc:X][ed:X][fd:9][id:2]
[md:X][nd:X][pd:1][rd:X][be:8][ee:<1][ge:3][je:2][le:5][oe:X]
[qe:X][ff:3][jf:3][kf:2][lf:6][mf:3][nf:14][pf:10][qf:X][mg:5]
[pg:X][rg:3][hh:10][ih:7][oh:2][ph:<1][ii:7][ji:6][ki:7][li:5]
[fj:8][hj:6][ij:5][jj:6][kj:7][lj:6][mj:7][gk:8][hk:6][ik:5][jk:5]
[lk:10][mk:8][fl:18][gl:5][il:3][nl:8][mm:10][mn:8][do:17][no:5]
[po:15][ro:9][gp:1][gq:1][sq:13][cr:5];W[nf]C[GNU Go plays F16 (16.55) - Game move O14 (5.42)]
CR[fd]LB[fb:8][sb:10][fc:6][gc:8][hc:10][ic:12][mc:2][rc:X][dd:<1]
[ed:X][fd:16][hd:7][id:10][md:X][nd:X][pd:15][rd:X][be:10][ee:9]
[ge:7][he:7][le:4][ne:3][oe:X][pe:3][qe:X][ff:9][gf:4][mf:15]
[nf:5][pf:5][qf:X][rf:9][fg:3][gg:4][ig:4][pg:X][gh:5][hh:6][ih:5]
[fi:7][gi:7][hi:7][ii:6][fj:9][gj:6][ij:5][jj:6][fk:9][gk:9][hk:6]
[ik:6][jk:14][kk:9][fl:8][il:5][ll:11][fm:4][lm:11][mm:10][in:14]
[jn:2][ln:12][mn:13][pn:3][do:6][lo:13][mo:15][no:13][oo:8][ro:15]
[ip:3][lp:16][mp:15][np:6][cr:8][gs:5];B[mp]C[GNU Go plays F8 (18.97) - Game move N4 (0.00)]
CR[fl]LB[gb:6][jb:3][sb:6][fc:14][ic:6][mc:1][rc:X][ed:X][fd:9]
[id:3][md:X][nd:X][pd:<1][rd:X][be:9][ee:1][ge:3][je:2][le:2]
[oe:X][qe:X][ff:3][jf:3][lf:4][nf:X][pf:13][qf:X][ng:2][pg:X]
[rg:5][hh:10][ih:7][mh:3][oh:6][ph:3][ii:7][ji:5][ki:5][li:4]
[mi:4][ni:4][fj:8][hj:6][ij:5][jj:4][kj:5][lj:4][mj:5][nj:4][gk:9]
[hk:7][ik:5][jk:4][lk:6][mk:6][nk:5][fl:18][gl:6][il:4][nl:7]
[mm:8][mn:8][do:18][no:5][po:15][ro:10][gp:1][gq:2][sq:13][cr:5]
;W[mq]C[GNU Go plays the same move N3 (24.17)]LB[fb:8][fc:6][gc:8]
[hc:10][ic:12][mc:2][rc:X][dd:<1][ed:X][fd:16][hd:7][id:10][md:X]
[nd:X][rd:X][be:10][ee:9][ge:7][he:7][le:2][oe:X][pe:<1][qe:X]
[ff:9][gf:4][nf:X][pf:10][qf:X][rf:9][fg:4][gg:4][ig:4][ng:12]
[pg:X][gh:5][hh:6][ih:7][oh:8][ph:1][fi:7][gi:8][hi:8][ii:7][fj:9]
[gj:7][ij:6][fk:9][gk:10][hk:6][ik:7][jk:9][kk:10][fl:8][il:6]
[kl:20][ll:11][fm:4][km:17][lm:12][in:23][jn:10][kn:14][ln:8]
[mn:8][pn:2][do:6][ko:10][lo:6][oo:6][ro:18][ip:3][np:2][lq:6]
[mq:24][cr:8][kr:9][lr:10][gs:5];B[ff]C[GNU Go plays D5 (18.06) - Game move F14 (4.01)]
CR[do]LB[gb:6][jb:3][sb:6][fc:14][ic:6][mc:1][rc:X][ed:X][fd:9]
[id:3][md:X][nd:X][pd:<1][rd:X][be:9][ee:1][ge:5][je:2][le:2]
[oe:X][qe:X][ff:4][jf:3][lf:4][nf:X][pf:13][qf:X][ng:2][pg:X]
[rg:5][hh:10][ih:7][mh:3][oh:6][ph:3][ii:7][ji:5][ki:5][li:4]
[mi:4][ni:3][fj:8][hj:6][ij:5][jj:4][kj:4][lj:3][mj:4][nj:3][gk:9]
[hk:7][ik:5][jk:4][lk:4][mk:5][nk:5][fl:17][gl:6][il:4][nl:5]
[mm:5][ln:5][mn:6][do:18][lo:5][no:5][po:15][ro:10][gp:1][lp:9]
[np:1][gq:2][sq:14][cr:5];W[qb]C[GNU Go plays J16 (17.91) - Game move R18 (0.00)]
CR[id]LB[fb:8][gc:13][hc:17][ic:13][mc:2][rc:X][dd:1][ed:X][fd:15]
[hd:12][id:17][md:X][nd:X][rd:X][be:10][ee:14][ge:12][he:10][le:2]
[oe:X][pe:<1][qe:X][nf:X][pf:10][qf:X][rf:9][eg:9][fg:13][ig:3]
[ng:12][pg:X][eh:10][fh:11][hh:14][oh:8][ph:1][fi:8][gi:4][hi:4]
[fj:7][gj:4][fk:6][hk:5][ik:6][jk:8][kk:10][fl:6][il:6][ll:11]
[fm:4][lm:12][in:7][jn:2][ln:7][mn:12][pn:2][do:6][oo:4][ro:14]
[ip:3][lp:11][np:2][lq:9][cr:8][gs:5];B[pb]C[GNU Go plays the same move Q18 (36.90)]
LB[ra:8][gb:7][jb:3][pb:36][fc:11][ic:6][mc:1][ed:X][fd:4][id:3]
[pd:<1][be:9][ee:5][ge:4][je:2][le:2][jf:2][lf:3][pf:7][fg:14]
[gg:7][ng:2][pg:X][rg:5][hh:17][ih:6][mh:3][oh:4][ph:3][ii:6]
[ji:4][ki:4][li:3][mi:4][ni:3][fj:8][hj:5][ij:4][jj:4][kj:4][lj:3]
[mj:4][nj:3][fk:7][gk:8][hk:6][ik:4][jk:4][lk:4][mk:5][nk:5][fl:15]
[il:3][nl:5][mm:5][ln:5][mn:6][do:18][lo:5][no:5][po:15][ro:10]
[gp:1][lp:9][np:1][gq:2][sq:14][cr:5];W[ph]C[GNU Go plays T18 (24.28) - Game move Q12 (1.50)]
CR[sb]LB[fb:8][qb:X][sb:24][gc:13][hc:17][ic:13][mc:2][rc:X][dd:1]
[ed:X][fd:15][hd:12][id:17][md:X][nd:X][rd:X][be:10][ee:14][ge:12]
[he:10][le:2][oe:X][pe:<1][qe:X][nf:X][pf:10][qf:X][rf:9][eg:9]
[fg:13][ig:3][ng:12][pg:X][eh:10][fh:11][hh:14][oh:8][ph:1][fi:8]
[gi:4][hi:4][fj:7][gj:4][fk:6][hk:5][ik:6][jk:8][kk:10][fl:6]
[il:6][ll:11][fm:4][lm:12][in:7][jn:2][ln:7][mn:12][pn:2][do:6]
[oo:4][ro:14][ip:3][lp:11][np:2][lq:9][cr:8][gs:5];B[pi]C[GNU Go plays P12 (43.35) - Game move Q11 (38.40)]
CR[oh]LB[ra:<1][gb:7][jb:3][qb:X][sb:7][fc:11][ic:6][mc:1][ed:X]
[fd:4][id:3][pd:4][be:9][ee:5][ge:4][je:2][le:19][pe:6][jf:3]
[lf:28][pf:35][fg:15][gg:8][ng:25][rg:11][hh:18][ih:6][nh:9][oh:43]
[ii:6][ji:5][ki:5][li:3][mi:3][oi:6][pi:38][qi:36][fj:7][hj:6]
[ij:4][jj:4][kj:4][lj:3][mj:3][nj:4][gk:8][hk:6][ik:5][jk:3][mk:5]
[nk:5][fl:17][gl:5][il:4][nl:5][mm:4][ln:4][mn:5][do:18][lo:5]
[no:4][po:15][ro:10][gp:1][lp:9][np:1][gq:2][sq:14][cr:5];W[oh]
C[GNU Go plays the same move P12 (29.79)]LB[fb:8][qb:X][sb:25]
[gc:14][hc:17][ic:13][mc:2][rc:X][dd:1][ed:X][fd:15][hd:12][id:18]
[md:X][nd:X][rd:X][be:10][ee:14][ge:12][he:10][le:2][oe:X][pe:1]
[qe:X][nf:X][pf:25][qf:X][rf:9][eg:9][fg:13][ig:3][ng:12][pg:X]
[eh:10][fh:11][hh:14][oh:29][ph:X][fi:8][gi:4][hi:4][fj:7][gj:4]
[fk:6][hk:5][ik:6][jk:8][kk:9][fl:6][il:5][ll:11][fm:4][lm:12]
[in:7][jn:2][ln:7][mn:11][pn:2][do:6][oo:4][ro:14][ip:3][lp:11]
[np:2][lq:9][cr:8][gs:5];B[ng]C[GNU Go plays the same move O13 (24.79)]
LB[ra:<1][gb:7][jb:3][qb:X][sb:7][fc:11][ic:6][mc:1][ed:X][fd:4]
[id:3][pd:4][be:9][ee:5][ge:4][je:3][le:4][jf:3][lf:5][of:X][fg:15]
[gg:8][ng:24][og:X][rg:5][hh:18][ih:6][ii:6][ji:5][ki:5][li:3]
[fj:7][hj:6][ij:5][jj:4][kj:4][lj:2][mj:3][nj:4][gk:8][hk:6][ik:5]
[jk:3][mk:5][nk:5][fl:17][gl:5][il:4][nl:6][mm:4][ln:4][mn:5]
[do:18][lo:4][no:4][po:15][ro:10][gp:1][lp:9][np:1][gq:2][sq:14]
[cr:5];W[pf]C[GNU Go plays the same move Q14 (53.39)]LB[fb:8]
[qb:X][gc:14][hc:18][ic:14][rc:X][dd:1][ed:X][fd:15][hd:13][id:19]
[md:X][nd:X][rd:X][be:10][ee:14][ge:12][he:11][oe:X][qe:X][nf:X]
[pf:53][qf:X][eg:9][fg:13][ig:3][mg:31][pg:X][rg:51][eh:10][fh:11]
[hh:14][nh:35][oh:X][ph:X][fi:8][gi:4][hi:3][ni:8][oi:7][fj:7]
[gj:3][fk:6][hk:4][ik:5][jk:7][kk:8][fl:6][il:5][ll:10][fm:4]
[lm:12][in:7][jn:2][ln:7][mn:11][pn:2][do:6][oo:4][ro:14][ip:3]
[lp:11][np:2][lq:9][cr:8][gs:5];B[mg]C[GNU Go plays N14 (36.05) - Game move N13 (26.35)]
CR[mf]LB[ra:<1][gb:7][jb:3][qb:X][sb:7][fc:11][ic:6][mc:1][rc:!]
[ed:X][fd:4][id:3][md:!][nd:!][rd:!][be:9][ee:5][ge:4][je:2][le:6]
[oe:!][qe:!][jf:3][kf:2][lf:5][mf:36][nf:!][pf:!][qf:!][fg:15]
[gg:8][mg:26][pg:!][rg:5][hh:18][ih:6][nh:27][oh:!][ph:!][ii:6]
[ji:5][ki:5][li:3][fj:7][hj:6][ij:5][jj:4][kj:4][lj:2][mj:3][nj:4]
[gk:8][hk:6][ik:5][jk:3][mk:5][nk:5][fl:17][gl:6][il:4][nl:6]
[mm:4][ln:4][mn:5][do:18][lo:4][no:4][po:15][ro:10][gp:1][lp:9]
[np:1][gq:2][sq:14][cr:5];W[ni]C[GNU Go plays S13 (68.81) - Game move O11 (0.00)]
CR[rg]LB[fb:8][qb:X][gc:13][hc:17][ic:14][rc:X][dd:1][ed:X][fd:15]
[hd:12][id:18][md:X][nd:X][rd:X][be:10][ee:14][ge:11][he:10][oe:X]
[qe:X][nf:X][pf:X][qf:X][eg:10][fg:13][ig:4][pg:X][rg:68][eh:10]
[fh:12][hh:13][oh:X][ph:X][fi:9][gi:4][hi:4][fj:8][gj:4][fk:7]
[hk:3][jk:9][fl:7][il:5][ll:12][fm:4][lm:13][in:7][jn:3][ln:7]
[mn:12][pn:2][do:6][oo:4][ro:14][ip:3][lp:11][np:2][lq:8][cr:8]
[gs:5];B[fh]C[GNU Go plays D5 (18.07) - Game move F12 (0.00)]
CR[do]LB[ra:<1][gb:7][jb:3][qb:X][sb:7][fc:11][ic:6][mc:1][ed:X]
[fd:4][id:3][be:9][ee:5][ge:3][je:8][ke:10][le:11][jf:9][kf:9]
[lf:11][mf:3][fg:14][gg:7][rg:5][hh:17][ih:6][ii:6][ji:5][ki:4]
[li:3][mi:2][fj:8][hj:6][ij:4][jj:4][kj:4][lj:9][nj:4][fk:7][gk:8]
[hk:6][ik:5][jk:4][nk:6][fl:14][il:3][nl:6][mm:3][ln:4][mn:5]
[do:18][lo:4][no:5][po:16][ro:10][gp:1][lp:9][np:1][gq:2][sq:14]
[cr:5];W[id]C[GNU Go plays T18 (27.05) - Game move J16 (18.44)]
CR[sb]LB[fb:8][qb:X][sb:27][gc:13][hc:17][ic:13][mc:2][dd:1][ed:X]
[fd:15][hd:11][id:18][be:11][ee:6][ge:6][he:9][ke:1][le:1][mf:2]
[rf:9][fg:<1][ig:3][rg:14][ch:11][dh:22][ki:1][fj:6][fk:6][ik:4]
[jk:4][kk:5][mk:6][fl:6][il:3][ll:6][fm:4][lm:7][in:7][jn:1][ln:4]
[mn:8][pn:2][do:6][oo:3][ro:14][ip:3][lp:10][np:2][lq:8][cr:8]
[gs:5];B[ih]C[GNU Go plays F17 (19.56) - Game move J12 (1.26)]
CR[fc]LB[ra:<1][gb:8][jb:4][qb:X][sb:7][fc:19][jc:3][mc:1][ed:X]
[fd:11][gd:X][id:X][be:7][je:2][ke:3][le:2][gf:1][hf:X][jf:1]
[kf:2][lf:2][mf:3][eg:9][fg:2][gg:2][rg:5][gh:1][hh:13][ih:1]
[gi:2][hi:1][ii:1][ji:2][ki:2][li:2][mi:1][fj:1][gj:1][hj:1][ij:1]
[jj:2][kj:2][lj:1][nj:3][fk:2][gk:2][hk:11][ik:1][jk:1][nk:5]
[fl:13][il:1][nl:5][mm:3][ln:4][mn:5][do:17][lo:4][no:5][po:16]
[ro:10][gp:1][lp:9][np:1][gq:2][sq:14][cr:5];W[fc]C[GNU Go plays T18 (27.07) - Game move F17 (3.83)]
CR[sb]LB[fb:7][qb:X][sb:27][fc:3][jc:2][mc:2][dd:<1][ed:X][fd:17]
[gd:X][id:X][be:11][ee:6][ge:1][je:2][le:1][hf:X][mf:4][rf:9]
[fg:<1][rg:14][ch:11][dh:22][hh:3][fj:8][ek:6][fk:7][jk:7][fl:7]
[il:5][ll:7][fm:5][lm:8][in:7][jn:2][ln:4][mn:8][pn:2][do:6][oo:3]
[ro:14][ip:3][lp:10][np:2][lq:8][cr:8][gs:5];B[ee]C[GNU Go plays F16 (28.05) - Game move E15 (6.02)]
CR[fd]LB[ra:<1][eb:5][jb:6][qb:X][sb:7][fc:X][jc:5][mc:1][ed:X]
[fd:28][gd:X][id:X][be:7][ee:6][je:1][ke:1][le:1][gf:1][hf:X]
[if:2][jf:1][kf:1][lf:1][mf:3][eg:8][fg:1][gg:1][hg:2][ig:<1]
[jg:<1][lg:<1][rg:5][gh:<1][hh:1][jh:<1][kh:1][lh:2][fi:2][gi:2]
[hi:1][ki:2][li:3][mi:1][fj:3][gj:3][hj:2][ij:3][jj:4][kj:3][lj:1]
[nj:3][fk:3][gk:4][hk:7][ik:3][jk:3][mk:2][nk:5][fl:10][il:2]
[nl:5][mm:3][ln:4][mn:4][do:17][lo:4][no:4][po:16][ro:10][gp:1]
[lp:8][np:1][gq:2][sq:14][cr:5];W[jb]C[GNU Go plays T18 (27.07) - Game move K18 (0.00)]
CR[sb]LB[fb:8][qb:X][sb:27][fc:X][jc:2][mc:2][ed:X][fd:6][gd:X]
[id:X][be:11][ge:1][je:2][le:1][hf:X][mf:4][rf:9][fg:<1][rg:14]
[ch:11][dh:22][hh:3][fj:8][ek:6][fk:7][jk:7][fl:7][il:5][ll:7]
[fm:5][lm:8][in:7][jn:2][ln:4][mn:8][pn:2][do:6][oo:3][ro:14]
[ip:3][lp:10][np:2][lq:8][cr:8][gs:5];B[kb]C[GNU Go plays D5 (17.64) - Game move L18 (8.83)]
CR[do]LB[ra:<1][eb:8][kb:8][qb:X][sb:7][kc:6][lc:5][mc:1][ed:X]
[fd:16][ld:6][be:7][je:4][ke:4][le:4][gf:<1][if:2][jf:4][kf:4]
[lf:4][mf:3][eg:8][fg:1][gg:1][hg:3][ig:<1][jg:1][lg:1][rg:5]
[gh:<1][hh:1][jh:1][kh:1][lh:3][fi:3][gi:2][hi:1][ki:3][li:3]
[mi:1][fj:3][gj:3][hj:2][ij:3][jj:4][kj:3][lj:4][nj:3][fk:3][gk:4]
[hk:7][ik:3][jk:3][mk:2][nk:5][fl:10][il:2][nl:5][mm:3][ln:4]
[mn:4][do:17][lo:4][no:4][po:16][ro:10][gp:1][lp:8][np:1][gq:2]
[sq:14][cr:5];W[jc]C[GNU Go plays F16 (53.52) - Game move K17 (0.00)]
CR[fd]LB[qb:X][sb:27][mc:2][ed:X][fd:53][be:11][le:2][mf:4][rf:9]
[fg:<1][rg:14][ch:11][dh:22][hh:42][fj:9][ek:6][fk:7][jk:7][fl:8]
[il:5][ll:7][fm:5][lm:8][in:7][jn:2][ln:4][mn:8][pn:2][do:6][oo:3]
[ro:14][ip:3][lp:10][np:2][lq:8][cr:8][gs:5];B[lo]C[GNU Go plays D5 (17.64) - Game move M5 (4.46)]
CR[do]LB[ja:6][ra:<1][eb:8][qb:X][sb:7][kc:4][lc:4][mc:<1][ed:X]
[fd:16][ld:5][be:7][je:4][ke:4][le:4][gf:<1][if:3][jf:4][kf:4]
[lf:4][mf:3][eg:8][fg:1][gg:1][hg:3][ig:<1][jg:1][lg:1][rg:5]
[gh:<1][hh:1][jh:1][kh:2][lh:3][fi:3][gi:2][hi:1][ki:3][li:3]
[mi:1][fj:3][gj:3][hj:2][ij:3][jj:4][kj:3][lj:5][nj:3][fk:3][gk:4]
[hk:7][ik:3][jk:3][mk:2][nk:5][fl:10][il:2][nl:5][mm:3][ln:4]
[mn:4][do:17][lo:4][no:4][po:16][ro:10][gp:1][lp:8][np:1][gq:2]
[sq:14][cr:5];W[lq]C[GNU Go plays T18 (27.92) - Game move M3 (27.48)]
CR[sb]LB[ja:2][fb:9][qb:X][sb:27][kc:2][mc:2][rc:X][ed:X][fd:5]
[md:X][nd:X][rd:X][be:11][ge:1][je:2][ke:1][le:1][oe:X][qe:X]
[mf:4][nf:X][pf:X][qf:X][rf:9][fg:<1][pg:X][rg:14][ch:11][dh:22]
[hh:3][oh:X][ph:X][ni:X][fj:9][ek:6][fk:8][jk:7][fl:8][il:6][jl:18]
[kl:20][fm:5][km:17][in:23][jn:9][kn:12][pn:2][do:6][ko:7][no:1]
[oo:7][ro:18][ip:3][lp:11][np:2][kq:9][lq:27][cr:8][kr:7][gs:5]
;B[bg]C[GNU Go plays D5 (17.64) - Game move B13 (0.00)]CR[do]
LB[ja:6][ra:<1][eb:8][qb:X][sb:7][kc:5][lc:4][mc:<1][rc:X][ed:X]
[fd:16][ld:6][md:X][nd:X][rd:X][be:7][je:4][ke:4][le:4][oe:X]
[qe:X][gf:<1][if:3][jf:4][kf:4][lf:4][mf:3][nf:X][pf:X][qf:X]
[eg:8][fg:1][gg:1][hg:3][ig:<1][jg:1][lg:1][pg:X][rg:5][gh:<1]
[hh:1][jh:1][kh:1][lh:2][oh:X][ph:X][fi:3][gi:2][hi:1][ki:3][li:3]
[mi:1][ni:X][fj:3][gj:3][hj:2][ij:3][jj:4][kj:3][lj:5][nj:4][fk:3]
[gk:4][hk:7][ik:3][jk:3][lk:2][mk:2][nk:5][fl:10][il:2][ll:4]
[ml:6][nl:5][lm:4][mm:4][jn:8][mn:4][nn:3][do:17][no:3][oo:4]
[po:15][ro:10][gp:1][np:1][gq:2][sq:14][cr:5];W[ch]C[GNU Go plays B14 (40.20) - Game move C12 (0.00)]
CR[bf]LB[ja:2][fb:9][qb:X][sb:27][kc:2][mc:2][rc:X][ed:X][fd:5]
[md:X][nd:X][rd:X][be:9][ge:1][je:2][ke:1][le:1][oe:X][qe:X][bf:40]
[mf:4][nf:X][pf:X][qf:X][rf:9][fg:4][pg:X][rg:14][dh:17][hh:3]
[oh:X][ph:X][ni:X][fj:9][ek:6][fk:8][jk:7][fl:8][il:6][jl:14]
[kl:15][fm:5][km:14][in:14][jn:10][kn:12][pn:2][do:9][ko:9][oo:4]
[ro:14][ip:3][lp:2][np:1][br:8][cr:10][gs:5];B[he]C[GNU Go plays B14 (23.50) - Game move H15 (0.00)]
CR[bf]LB[ja:6][ra:<1][eb:8][qb:X][sb:7][kc:5][lc:4][mc:<1][rc:X]
[ed:X][fd:16][ld:6][md:X][nd:X][rd:X][be:20][je:4][ke:4][le:4]
[oe:X][qe:X][bf:23][gf:<1][if:3][jf:4][kf:4][lf:4][mf:3][nf:X]
[pf:X][qf:X][bg:X][cg:2][eg:18][fg:<1][gg:1][hg:3][ig:<1][jg:1]
[lg:1][pg:X][rg:5][gh:<1][hh:1][jh:1][kh:1][lh:2][oh:X][ph:X]
[fi:1][gi:1][hi:1][ki:3][li:3][mi:1][ni:X][fj:3][gj:3][hj:2][ij:3]
[jj:4][kj:3][lj:5][nj:4][fk:3][gk:4][hk:7][ik:3][jk:3][lk:2][mk:2]
[nk:5][fl:10][il:1][ll:4][ml:6][nl:5][lm:4][mm:4][jn:7][mn:4]
[nn:3][do:17][no:3][oo:4][po:15][ro:10][gp:1][np:1][gq:2][sq:14]
[cr:5];W[ie]C[GNU Go plays G15 (63.97) - Game move J15 (54.51)]
CR[ge]LB[eb:43][qb:X][sb:27][kc:2][mc:2][rc:X][ed:X][fd:47][hd:42]
[md:X][nd:X][rd:X][be:11][ge:63][he:X][ie:54][ke:6][le:2][oe:X]
[qe:X][bf:31][hf:X][if:52][mf:4][nf:X][pf:X][qf:X][rf:9][bg:X]
[cg:7][pg:X][rg:14][bh:15][jh:<1][oh:X][ph:X][ei:6][ni:X][fj:8]
[ek:6][fk:8][jk:8][fl:8][il:6][jl:14][kl:15][fm:4][km:14][in:14]
[jn:10][kn:12][pn:2][do:8][ko:9][oo:4][ro:14][ip:3][lp:2][np:1]
[br:7][cr:9][gs:5];B[ld]C[GNU Go plays B14 (23.47) - Game move M16 (11.06)]
CR[bf]LB[ja:6][ra:<1][eb:8][qb:X][sb:7][kc:10][lc:8][mc:<1][rc:X]
[ed:X][fd:16][ld:11][md:X][nd:X][rd:X][be:20][ge:5][he:X][je:5]
[ke:7][le:7][oe:X][qe:X][bf:23][if:1][jf:7][kf:7][lf:7][mf:3]
[nf:X][pf:X][qf:X][bg:X][cg:2][eg:6][fg:<1][gg:1][hg:4][ig:1]
[jg:1][lg:1][pg:X][rg:5][gh:<1][hh:2][jh:1][kh:1][lh:2][oh:X]
[ph:X][gi:1][hi:1][ki:3][li:3][mi:1][ni:X][fj:3][gj:3][hj:2][ij:3]
[jj:4][kj:3][lj:5][nj:4][fk:3][gk:4][hk:7][ik:3][jk:3][lk:2][mk:2]
[nk:5][fl:10][il:1][ll:4][ml:6][nl:5][lm:4][mm:4][jn:7][mn:4]
[nn:3][do:17][no:3][oo:4][po:15][ro:10][gp:1][np:1][gq:2][sq:14]
[cr:5];W[nk]C[GNU Go plays B14 (31.46) - Game move O9 (0.00)]
CR[bf]LB[ja:2][fb:9][qb:X][sb:26][mc:2][rc:X][ed:X][fd:5][hd:<1]
[md:X][nd:X][rd:X][be:11][ge:6][he:X][le:2][me:3][oe:X][qe:X]
[bf:31][jf:2][mf:5][nf:X][pf:X][qf:X][rf:9][bg:X][cg:7][ig:<1]
[pg:X][rg:14][bh:15][hh:2][oh:X][ph:X][ei:5][ni:X][fj:8][ek:6]
[fk:7][jk:8][fl:7][il:6][jl:14][kl:15][fm:4][km:14][in:14][jn:10]
[kn:11][pn:2][do:8][ko:9][oo:4][ro:14][ip:3][lp:2][np:1][br:7]
[cr:9][gs:5];B[ge]C[GNU Go plays P8 (25.16) - Game move G15 (7.98)]
CR[ol]LB[ja:6][ra:<1][eb:8][qb:X][sb:7][mc:3][ed:X][fd:16][be:20]
[ge:7][he:X][le:12][me:1][bf:23][if:<1][jf:1][mf:3][bg:X][cg:2]
[eg:6][fg:<1][gg:1][hg:4][ig:<1][jg:<1][rg:5][gh:<1][hh:2][jh:<1]
[kh:1][lh:2][gi:1][hi:1][ki:3][li:3][mi:2][fj:3][gj:3][hj:2][ij:3]
[jj:4][kj:3][lj:3][nj:10][fk:3][gk:4][hk:10][ik:3][jk:3][lk:1]
[fl:14][il:2][ol:25][pl:8][lm:3][mm:1][nm:2][jn:1][mn:7][do:17]
[no:5][oo:1][po:21][ro:10][gp:1][np:1][gq:2][cr:5];W[fb]C[GNU Go plays E18 (50.41) - Game move F18 (0.00)]
CR[eb]LB[eb:50][qb:X][sb:20][mc:4][ed:X][fd:1][be:11][le:4][me:4]
[bf:31][mf:5][rf:9][bg:X][cg:7][rg:14][bh:15][gh:9][hh:8][mh:11]
[ei:5][ki:3][mi:13][oi:8][fj:7][ij:2][kj:27][lj:4][mj:12][nj:10]
[oj:14][ek:5][fk:7][ik:5][jk:5][kk:6][lk:6][mk:12][ok:17][fl:7]
[il:4][jl:5][kl:6][ll:4][ml:15][nl:18][ol:23][fm:4][km:4][lm:4]
[in:7][jn:2][kn:3][pn:1][do:8][ko:2][no:3][oo:3][ro:14][ip:3]
[lp:2][np:2][cr:9][gs:5];B[mj]C[GNU Go plays P8 (25.14) - Game move N10 (0.00)]
CR[ol]LB[ja:1][ra:<1][eb:11][qb:X][sb:7][mc:3][ed:X][fd:11][hd:2]
[be:19][le:12][me:1][bf:23][if:13][jf:1][mf:3][bg:X][cg:2][eg:7]
[fg:<1][gg:1][hg:4][ig:<1][jg:<1][rg:5][gh:<1][hh:1][jh:<1][kh:1]
[lh:2][gi:1][hi:1][ki:3][li:3][mi:2][fj:3][gj:3][hj:2][ij:3][jj:4]
[kj:3][lj:3][nj:10][fk:3][gk:4][hk:10][ik:3][jk:3][lk:1][fl:14]
[il:2][ol:25][pl:8][lm:3][mm:1][nm:2][jn:1][mn:7][do:17][no:5]
[oo:1][po:21][ro:10][gp:1][np:1][gq:2][cr:5];W[nj]C[GNU Go plays the same move O10 (51.08)]
LB[ca:11][ja:1][eb:6][qb:X][sb:27][mc:2][rc:X][ed:X][fd:6][hd:1]
[md:X][nd:X][rd:X][be:11][le:2][me:3][oe:X][qe:X][bf:31][if:<1]
[jf:3][mf:5][nf:X][pf:X][qf:X][rf:9][bg:X][cg:7][ig:7][pg:X][rg:14]
[bh:15][gh:3][hh:3][oh:X][ph:X][ei:6][mi:7][ni:X][fj:9][nj:51]
[ek:6][fk:8][jk:8][mk:5][fl:8][il:6][jl:12][kl:12][ol:9][fm:4]
[km:9][lm:6][in:11][jn:7][kn:8][pn:1][do:8][ko:7][no:3][oo:3]
[ro:14][ip:3][lp:2][np:2][cr:9][gs:5];B[hb]C[GNU Go plays P8 (27.07) - Game move H18 (0.00)]
CR[ol]LB[ja:1][ra:<1][eb:11][qb:X][sb:7][mc:2][ed:X][fd:11][hd:2]
[be:19][le:13][me:<1][bf:23][if:11][jf:1][mf:2][bg:X][cg:2][eg:7]
[fg:<1][gg:1][hg:3][ig:<1][jg:<1][rg:5][gh:<1][hh:1][jh:<1][kh:<1]
[lh:1][gi:1][hi:1][ki:2][li:3][mi:3][fj:3][gj:3][hj:2][ij:3][jj:5]
[kj:6][fk:4][gk:5][hk:8][ik:3][jk:6][kk:3][fl:11][il:2][ll:2]
[ol:27][pl:6][lm:2][mm:<1][nm:2][jn:4][mn:6][do:17][no:5][oo:1]
[po:22][ro:10][gp:1][np:1][gq:2][cr:5];W[ig]C[GNU Go plays H17 (53.52) - Game move J13 (0.00)]
CR[hc]LB[fb:X][hb:X][jb:X][qb:X][sb:23][fc:X][hc:53][jc:X][mc:4]
[ed:X][fd:2][gd:X][id:X][be:11][ie:X][le:3][me:4][bf:31][mf:5]
[rf:9][bg:X][cg:7][rg:14][bh:15][gh:8][hh:8][ei:6][mi:11][fj:9]
[ek:6][fk:8][jk:8][mk:6][fl:8][il:6][jl:11][kl:11][fm:4][km:8]
[lm:5][in:10][jn:6][kn:7][pn:1][do:8][ko:5][no:2][oo:3][ro:14]
[ip:3][lp:2][np:2][cr:9][gs:5];B[jf]C[GNU Go plays F16 (74.34) - Game move K14 (0.05)]
CR[fd]LB[ra:<1][eb:16][fb:X][gb:67][hb:X][jb:X][qb:X][sb:7][fc:X]
[hc:8][jc:X][mc:3][ed:X][fd:74][gd:X][id:X][be:19][ie:X][le:10]
[me:1][bf:23][hf:X][jf:<1][mf:4][bg:X][cg:2][eg:8][fg:<1][ig:X]
[jg:1][rg:5][hh:4][jh:2][li:2][mi:4][fj:2][gj:2][hj:1][ij:2][jj:5]
[kj:8][fk:3][gk:3][hk:10][ik:2][jk:5][kk:2][fl:14][il:2][ll:2]
[ol:22][pl:7][lm:2][mm:<1][nm:2][jn:4][mn:6][do:17][no:4][oo:1]
[po:21][ro:10][gp:1][np:1][gq:2][cr:5];W[if]C[GNU Go plays the same move J14 (60.24)]
LB[fb:X][hb:X][jb:X][qb:X][sb:17][fc:X][hc:47][jc:X][mc:4][ed:X]
[fd:45][gd:X][id:X][be:11][ie:X][le:3][me:4][bf:31][hf:X][if:60]
[mf:5][rf:9][bg:X][cg:7][gg:9][hg:7][ig:X][rg:14][bh:15][hh:19]
[lh:<1][ei:6][mi:12][fj:8][ek:6][fk:8][jk:7][mk:6][fl:8][il:6]
[jl:11][kl:11][fm:4][km:8][lm:5][in:10][jn:6][kn:7][pn:1][do:8]
[ko:5][no:2][oo:3][ro:14][ip:3][lp:2][np:2][cr:9][gs:5];B[ll]
C[GNU Go plays B14 (23.02) - Game move M8 (2.32)]CR[bf]LB[ra:<1]
[eb:16][fb:X][hb:X][jb:X][qb:X][sb:7][fc:X][jc:X][mc:3][ed:X]
[fd:12][gd:X][id:X][be:19][ie:X][je:<1][le:12][me:3][bf:23][gf:<1]
[hf:X][if:X][mf:5][bg:X][cg:2][eg:19][fg:<1][gg:1][ig:X][jg:3]
[rg:5][gh:<1][hh:8][jh:1][fi:1][gi:1][li:2][mi:4][fj:2][gj:2]
[hj:1][ij:2][jj:5][kj:8][fk:3][gk:3][hk:10][ik:2][jk:5][kk:2]
[fl:14][il:2][ll:2][ol:22][pl:7][lm:2][mm:<1][nm:2][jn:4][mn:6]
[do:17][no:4][oo:1][po:21][ro:10][gp:1][np:1][gq:2][cr:5];W[ml]
C[GNU Go plays B14 (33.43) - Game move N8 (0.00)]CR[bf]LB[ca:11]
[ja:2][eb:6][fb:X][hb:X][jb:X][qb:X][fc:X][hc:<1][jc:X][rc:X]
[ed:X][fd:2][gd:X][hd:1][id:X][md:X][nd:X][rd:X][be:11][ie:X]
[oe:X][qe:X][bf:33][hf:X][if:X][nf:X][pf:X][qf:X][bg:X][cg:7]
[gg:1][hg:<1][ig:X][pg:X][bh:15][hh:12][oh:X][ph:X][ei:6][ni:X]
[fj:9][nj:X][ek:7][fk:9][jk:30][mk:6][nk:X][fl:8][il:7][kl:14]
[fm:5][km:7][lm:13][in:11][jn:7][kn:6][pn:2][do:8][ko:6][mo:6]
[oo:4][ro:14][ip:3][lp:2][np:2][cr:9][gs:5];B[hh]C[GNU Go plays M7 (136.78) - Game move H12 (7.47)]
CR[lm]LB[ra:<1][eb:16][fb:X][hb:X][jb:X][qb:X][sb:7][fc:X][jc:X]
[mc:3][rc:X][ed:X][fd:12][gd:X][id:X][md:X][nd:X][rd:X][be:19]
[ie:X][je:<1][le:3][me:3][oe:X][qe:X][bf:23][gf:<1][hf:X][if:X]
[mf:5][nf:X][pf:X][qf:X][bg:X][cg:2][eg:19][fg:<1][gg:1][ig:X]
[jg:3][pg:X][rg:6][gh:<1][hh:7][jh:1][oh:X][ph:X][fi:1][gi:1]
[ki:11][li:4][mi:5][ni:X][fj:2][gj:2][hj:1][ij:2][jj:2][nj:X]
[fk:3][gk:3][hk:7][ik:2][jk:11][kk:<1][lk:8][mk:6][nk:X][fl:11]
[il:2][jl:19][ml:X][pl:9][ql:7][lm:136][mm:117][jn:5][mn:4][nn:4]
[do:17][mo:2][no:3][oo:3][po:22][ro:10][gp:1][np:<1][gq:2][cr:5]
;W[ja]C[GNU Go plays M7 (98.27) - Game move K19 (0.00)]CR[lm]
LB[fb:X][hb:X][jb:X][qb:X][fc:X][hc:57][jc:X][rc:X][ed:X][fd:2]
[gd:X][id:X][md:X][nd:X][rd:X][be:11][ie:X][oe:X][qe:X][bf:31]
[hf:X][if:X][nf:X][pf:X][qf:X][bg:X][cg:7][ig:X][pg:X][rg:90]
[bh:15][oh:X][ph:X][ei:6][ni:X][fj:9][nj:X][ek:6][fk:8][jk:19]
[mk:<1][nk:X][fl:8][il:7][jl:12][kl:20][ml:X][fm:5][km:5][lm:98]
[in:11][jn:6][kn:6][pn:2][do:8][ko:6][no:7][oo:4][ro:14][ip:3]
[lp:2][np:2][br:7][cr:9][gs:5];B[op]C[GNU Go plays M7 (136.63) - Game move P4 (0.00)]
CR[lm]LB[ja:X][ra:<1][eb:12][fb:X][gb:13][hb:X][jb:X][qb:X][sb:7]
[fc:X][hc:64][jc:X][mc:3][rc:X][ed:X][fd:72][gd:X][id:X][md:X]
[nd:X][rd:X][be:20][ie:X][je:<1][le:3][me:3][oe:X][qe:X][bf:23]
[gf:<1][hf:X][if:X][mf:5][nf:X][pf:X][qf:X][bg:X][cg:2][eg:10]
[fg:<1][ig:X][jg:3][pg:X][rg:6][jh:1][oh:X][ph:X][ki:11][li:4]
[mi:5][ni:X][fj:3][gj:3][hj:2][ij:2][jj:2][lj:2][nj:X][fk:3][gk:5]
[hk:6][ik:2][jk:12][kk:<1][lk:8][mk:6][nk:X][fl:9][il:3][jl:18]
[ml:X][pl:9][ql:7][lm:136][mm:117][jn:4][mn:4][nn:4][do:17][mo:2]
[no:3][oo:3][po:22][ro:10][gp:1][np:<1][gq:2][cr:5];W[oo]C[GNU Go plays M7 (107.40) - Game move P5 (6.10)]
CR[lm]LB[ja:X][fb:X][hb:X][jb:X][qb:X][fc:X][hc:60][jc:X][rc:X]
[ed:X][fd:2][gd:X][id:X][md:X][nd:X][rd:X][be:11][ie:X][oe:X]
[qe:X][bf:31][hf:X][if:X][nf:X][pf:X][qf:X][bg:X][cg:7][ig:X]
[pg:X][rg:90][bh:15][oh:X][ph:X][ei:6][ni:X][fj:9][nj:X][ek:6]
[fk:8][jk:19][mk:<1][nk:X][fl:8][il:7][jl:13][kl:21][ml:X][fm:5]
[km:6][lm:107][in:12][jn:6][kn:6][pn:3][do:8][ko:6][oo:6][ro:15]
[ip:3][lp:2][np:4][op:X][rp:5][oq:40][pq:26][br:7][cr:9][gs:5]
;B[pn]C[GNU Go plays M7 (125.89) - Game move Q6 (1.26)]CR[lm]
LB[ja:X][ra:<1][eb:12][fb:X][gb:13][hb:X][jb:X][qb:X][sb:7][fc:X]
[hc:64][jc:X][mc:4][rc:X][ed:X][fd:72][gd:X][id:X][md:X][nd:X]
[rd:X][be:20][ie:X][je:<1][le:3][me:3][oe:X][qe:X][bf:23][gf:<1]
[hf:X][if:X][mf:5][nf:X][pf:X][qf:X][bg:X][cg:2][eg:10][fg:<1]
[ig:X][jg:3][pg:X][rg:6][jh:1][oh:X][ph:X][ki:11][li:4][mi:5]
[ni:X][fj:3][gj:3][hj:2][ij:2][jj:2][lj:2][nj:X][fk:3][gk:5][hk:6]
[ik:2][jk:12][kk:1][lk:7][mk:2][nk:X][fl:9][il:3][jl:19][ml:X]
[pl:9][ql:7][lm:125][mm:112][om:8][qm:8][jn:4][mn:106][nn:14]
[pn:1][do:17][no:22][ro:10][gp:1][np:21][op:X][gq:2][sq:15][cr:5]
;W[np]C[GNU Go plays the same move O4 (119.99)]LB[ja:X][fb:X]
[hb:X][jb:X][qb:X][fc:X][hc:60][jc:X][rc:X][ed:X][fd:2][gd:X]
[id:X][md:X][nd:X][rd:X][be:11][ie:X][oe:X][qe:X][bf:31][hf:X]
[if:X][nf:X][pf:X][qf:X][bg:X][cg:7][ig:X][pg:X][rg:90][bh:15]
[oh:X][ph:X][ei:6][ni:X][fj:9][nj:X][ek:6][fk:8][jk:19][mk:<1]
[nk:X][fl:8][il:7][jl:13][kl:29][ml:X][fm:5][km:13][lm:112][in:12]
[jn:15][kn:14][mn:93][nn:2][do:8][ko:19][no:20][oo:X][po:34][ro:14]
[ip:3][lp:2][np:119][rp:5][oq:35][pq:18][br:7][cr:9][gs:5];B[hd]
C[GNU Go plays F16 (72.32) - Game move H16 (0.00)]CR[fd]LB[ja:X]
[ra:<1][eb:12][fb:X][gb:13][hb:X][jb:X][qb:X][sb:7][fc:X][hc:64]
[jc:X][mc:3][rc:X][ed:X][fd:72][gd:X][id:X][md:X][nd:X][rd:X]
[be:20][ie:X][je:<1][le:24][me:3][oe:X][qe:X][bf:23][gf:<1][hf:X]
[if:X][mf:5][nf:X][pf:X][qf:X][bg:X][cg:2][eg:10][fg:<1][ig:X]
[jg:3][pg:X][rg:5][jh:1][oh:X][ph:X][ki:10][li:4][mi:4][ni:X]
[fj:3][gj:3][hj:2][ij:2][jj:3][kj:6][lj:2][nj:X][fk:3][gk:5][hk:6]
[ik:2][jk:11][kk:1][lk:6][mk:1][nk:X][fl:9][il:3][jl:18][ml:X]
[ol:9][pl:10][lm:37][nm:3][nn:11][do:17][po:15][ro:10][gp:1][op:X]
[gq:2][cr:5];W[hc]C[GNU Go plays the same move H17 (42.72)]LB[ja:X]
[fb:X][jb:X][qb:X][sb:30][fc:X][hc:42][jc:X][mc:4][rc:X][ed:X]
[fd:2][gd:X][id:X][md:X][nd:X][rd:X][be:11][ie:X][le:3][me:4]
[oe:X][qe:X][bf:31][hf:X][if:X][mf:5][nf:X][pf:X][qf:X][rf:8]
[bg:X][cg:7][ig:X][pg:X][rg:14][bh:15][oh:X][ph:X][ei:6][mi:12]
[ni:X][fj:9][nj:X][ek:6][fk:8][jk:21][lk:1][nk:X][fl:8][il:7]
[ml:X][ol:6][pl:9][fm:5][lm:40][mm:1][nm:1][in:6][nn:4][do:8]
[no:7][po:6][ro:14][ip:3][op:X][oq:4][pq:1][br:7][cr:9][gs:5]
;B[fd]C[GNU Go plays the same move F16 (78.56)]LB[ra:<1][bb:4]
[eb:12][hb:X][qb:X][sb:7][mc:4][rc:X][ed:X][fd:78][md:X][nd:X]
[rd:X][be:19][je:<1][le:24][me:3][oe:X][qe:X][bf:22][gf:<1][mf:5]
[nf:X][pf:X][qf:X][bg:X][cg:2][eg:10][fg:<1][jg:3][pg:X][rg:5]
[jh:1][oh:X][ph:X][ki:10][li:4][mi:4][ni:X][fj:3][gj:3][hj:2]
[ij:2][jj:3][kj:6][lj:2][nj:X][fk:3][gk:5][hk:6][ik:2][jk:11]
[kk:1][lk:6][mk:1][nk:X][fl:9][il:3][jl:18][ml:X][ol:9][pl:10]
[lm:37][nm:3][nn:11][do:17][po:15][ro:10][gp:1][op:X][gq:2][cr:5]
;W[gc]C[GNU Go plays M7 (40.82) - Game move G17 (0.00)]CR[lm]
LB[ja:X][hb:X][jb:X][qb:X][sb:30][hc:X][jc:X][mc:4][rc:X][ed:X]
[id:X][md:X][nd:X][rd:X][be:11][ie:X][le:3][me:4][oe:X][qe:X]
[bf:31][hf:X][if:X][mf:5][nf:X][pf:X][qf:X][rf:8][bg:X][cg:7]
[ig:X][pg:X][rg:14][bh:15][oh:X][ph:X][ei:6][mi:10][ni:X][fj:9]
[nj:X][ek:6][fk:8][jk:22][lk:1][nk:X][fl:8][il:7][ml:X][ol:6]
[pl:9][fm:5][lm:40][mm:1][nm:1][in:6][nn:4][do:8][no:7][po:6]
[ro:14][ip:3][op:X][oq:4][pq:1][br:7][cr:9][gs:5];B[jd]C[GNU Go plays E18 (63.79) - Game move K16 (0.00)]
CR[eb]LB[ra:<1][bb:3][eb:63][hb:X][qb:X][sb:7][mc:4][rc:X][ed:X]
[md:X][nd:X][rd:X][be:20][je:<1][le:24][me:3][oe:X][qe:X][bf:23]
[gf:<1][mf:5][nf:X][pf:X][qf:X][bg:X][cg:10][eg:5][fg:<1][jg:3]
[pg:X][rg:5][jh:1][oh:X][ph:X][ki:10][li:4][mi:4][ni:X][fj:3]
[gj:3][hj:2][ij:2][jj:3][kj:6][lj:2][nj:X][fk:3][gk:5][hk:6][ik:2]
[jk:11][kk:1][lk:6][mk:1][nk:X][fl:9][il:3][jl:18][ml:X][ol:9]
[pl:10][lm:37][nm:3][nn:11][do:17][po:15][ro:10][gp:1][op:X][gq:2]
[cr:5];W[ha]C[GNU Go plays M7 (40.87) - Game move H19 (0.00)]
CR[lm]LB[ca:11][eb:6][hb:X][qb:X][sb:31][mc:2][rc:X][ed:X][md:X]
[nd:X][rd:X][be:11][le:3][me:4][oe:X][qe:X][bf:31][mf:5][nf:X]
[pf:X][qf:X][rf:8][bg:X][cg:7][pg:X][rg:14][bh:15][oh:X][ph:X]
[ei:6][mi:12][ni:X][fj:9][nj:X][ek:6][fk:8][jk:22][lk:1][nk:X]
[fl:8][il:7][ml:X][ol:6][pl:9][fm:5][lm:40][mm:1][nm:1][in:6]
[nn:4][do:8][no:7][po:6][ro:14][ip:3][op:X][oq:4][pq:1][br:7]
[cr:9][gs:5];B[ga]C[GNU Go plays M7 (37.57) - Game move G19 (0.00)]
CR[lm]LB[ra:<1][bb:4][eb:10][hb:X][qb:X][sb:7][mc:3][rc:X][ed:X]
[md:X][nd:X][rd:X][be:20][je:<1][le:24][me:2][oe:X][qe:X][bf:23]
[gf:<1][mf:5][nf:X][pf:X][qf:X][bg:X][cg:10][eg:5][fg:<1][jg:3]
[pg:X][rg:5][jh:1][oh:X][ph:X][ki:10][li:4][mi:4][ni:X][fj:3]
[gj:3][hj:2][ij:2][jj:3][kj:6][lj:2][nj:X][fk:3][gk:5][hk:6][ik:2]
[jk:11][kk:1][lk:6][mk:1][nk:X][fl:9][il:3][jl:18][ml:X][ol:9]
[pl:10][lm:37][nm:3][nn:11][do:17][po:15][ro:10][gp:1][op:X][gq:2]
[cr:5];W[ib]C[GNU Go plays M7 (40.79) - Game move J18 (0.00)]
CR[lm]LB[ga:X][ha:X][ia:2][eb:6][hb:X][qb:X][sb:30][mc:2][rc:X]
[ed:X][md:X][nd:X][rd:X][be:11][le:3][me:4][oe:X][qe:X][bf:31]
[mf:5][nf:X][pf:X][qf:X][rf:8][bg:X][cg:7][pg:X][rg:14][bh:15]
[oh:X][ph:X][ei:6][mi:12][ni:X][fj:9][nj:X][ek:6][fk:8][jk:22]
[lk:1][nk:X][fl:8][il:7][ml:X][ol:6][pl:9][fm:5][lm:40][mm:1]
[nm:1][in:6][nn:4][do:8][no:7][po:6][ro:14][ip:3][op:X][oq:4]
[pq:1][br:7][cr:9][gs:5];B[ia]C[GNU Go plays M7 (37.49) - Game move J19 (0.00)]
CR[lm]LB[ga:X][ha:X][ja:X][ra:<1][eb:10][fb:X][hb:X][ib:X][jb:X]
[qb:X][sb:7][fc:X][gc:X][hc:X][jc:X][mc:3][rc:X][ed:X][gd:X][id:X]
[md:X][nd:X][rd:X][be:20][ie:X][je:<1][le:23][me:2][oe:X][qe:X]
[bf:23][gf:<1][hf:X][if:X][mf:5][nf:X][pf:X][qf:X][bg:X][cg:10]
[eg:5][fg:<1][ig:X][jg:3][pg:X][rg:5][jh:1][oh:X][ph:X][ki:10]
[li:4][mi:4][ni:X][fj:3][gj:3][hj:2][ij:2][jj:3][kj:6][lj:2][nj:X]
[fk:3][gk:5][hk:6][ik:2][jk:11][kk:1][lk:6][mk:1][nk:X][fl:9]
[il:3][jl:18][ml:X][ol:9][pl:10][lm:37][nm:3][nn:11][do:17][po:15]
[ro:10][gp:1][op:X][gq:2][cr:5];W[gg]C[GNU Go plays M7 (40.86) - Game move G13 (0.00)]
CR[lm]LB[fa:<1][ga:X][ia:X][eb:7][hb:X][qb:X][sb:31][mc:2][rc:X]
[ed:X][md:X][nd:X][rd:X][be:11][le:3][me:4][oe:X][qe:X][bf:31]
[mf:5][nf:X][pf:X][qf:X][rf:8][bg:X][cg:7][pg:X][rg:14][bh:15]
[oh:X][ph:X][ei:6][mi:12][ni:X][fj:9][nj:X][ek:6][fk:8][jk:22]
[lk:1][nk:X][fl:8][il:7][ml:X][ol:6][pl:9][fm:5][lm:40][mm:1]
[nm:1][in:6][nn:4][do:8][no:7][po:6][ro:14][ip:3][op:X][oq:4]
[pq:1][br:7][cr:9][gs:5];B[fg]C[GNU Go plays the same move F13 (79.75)]
LB[ga:X][ia:X][ra:<1][bb:3][eb:11][hb:X][qb:X][sb:7][mc:3][rc:X]
[ed:X][md:X][nd:X][rd:X][be:19][je:<1][le:24][me:2][oe:X][qe:X]
[bf:23][mf:5][nf:X][pf:X][qf:X][bg:X][cg:2][fg:79][jg:3][pg:X]
[rg:5][gh:1][jh:1][oh:X][ph:X][fi:1][ki:10][li:4][mi:4][ni:X]
[fj:2][gj:1][hj:1][ij:1][jj:2][kj:6][nj:X][fk:2][gk:2][hk:6][ik:2]
[jk:11][kk:1][lk:6][mk:1][nk:X][fl:9][il:2][jl:18][ml:X][ol:9]
[pl:10][lm:37][nm:3][nn:11][do:17][po:15][ro:10][gp:1][op:X][gq:2]
[cr:5];W[ha]C[GNU Go plays M7 (40.84) - Game move H19 (2.27)]
CR[lm]LB[fa:<1][ga:X][ha:2][ia:X][eb:7][hb:X][qb:X][sb:31][mc:2]
[rc:X][ed:X][md:X][nd:X][rd:X][be:11][le:3][me:4][oe:X][qe:X]
[bf:31][mf:5][nf:X][pf:X][qf:X][rf:8][bg:X][cg:7][pg:X][rg:14]
[bh:15][oh:X][ph:X][mi:12][ni:X][fj:8][nj:X][ek:6][fk:8][jk:22]
[lk:1][nk:X][fl:8][il:6][ml:X][ol:6][pl:9][fm:4][lm:40][mm:1]
[nm:1][in:6][nn:4][do:8][no:7][po:6][ro:14][ip:3][op:X][oq:4]
[pq:1][cr:9][gs:5];B[do]C[GNU Go plays M7 (37.47) - Game move D5 (15.62)]
CR[lm]LB[ga:X][ha:X][ja:X][ra:<1][eb:10][fb:X][hb:X][ib:X][jb:X]
[qb:X][sb:7][fc:X][gc:X][hc:X][jc:X][mc:3][rc:X][ed:X][gd:X][id:X]
[md:X][nd:X][rd:X][be:20][ie:X][je:<1][le:23][me:2][oe:X][qe:X]
[bf:23][hf:X][if:X][mf:5][nf:X][pf:X][qf:X][bg:X][cg:10][gg:X]
[ig:X][jg:3][pg:X][rg:5][gh:12][jh:1][oh:X][ph:X][fi:<1][ki:10]
[li:4][mi:4][ni:X][fj:2][gj:1][hj:1][ij:1][jj:2][kj:6][nj:X][fk:2]
[gk:2][hk:6][ik:2][jk:11][kk:1][lk:6][mk:1][nk:X][fl:9][il:2]
[jl:18][ml:X][ol:9][pl:10][lm:37][nm:3][nn:11][do:15][po:15][ro:10]
[gp:1][op:X][gq:2][cr:5];W[co]C[GNU Go plays C6 (44.16) - Game move C5 (27.68)]
CR[cn]LB[ga:X][ha:X][ja:X][eb:6][fb:X][hb:X][ib:X][jb:X][qb:X]
[sb:30][fc:X][gc:X][hc:X][jc:X][mc:2][rc:X][ed:X][gd:X][id:X]
[md:X][nd:X][rd:X][be:9][ie:X][le:3][me:4][oe:X][qe:X][bf:34]
[hf:X][if:X][mf:5][nf:X][pf:X][qf:X][rf:8][bg:X][cg:2][gg:X][ig:X]
[pg:X][rg:14][bh:18][gh:<1][oh:X][ph:X][mi:12][ni:X][nj:X][ek:4]
[fk:6][jk:17][lk:1][nk:X][el:3][fl:6][il:7][ml:X][ol:6][pl:9]
[bm:20][fm:2][lm:40][mm:1][nm:1][cn:44][in:4][nn:4][co:27][no:7]
[po:6][ro:14][ep:X][ip:1][op:X][eq:X][oq:4][pq:1][cr:20][gs:2]
;B[ia]C[GNU Go plays M7 (37.47) - Game move J19 (0.00)]CR[lm]
LB[ga:X][ha:X][ja:X][ra:<1][eb:10][fb:X][hb:X][ib:X][jb:X][qb:X]
[sb:7][fc:X][gc:X][hc:X][jc:X][mc:3][rc:X][ed:X][gd:X][id:X][md:X]
[nd:X][rd:X][be:19][ie:X][je:<1][le:23][me:2][oe:X][qe:X][bf:22]
[hf:X][if:X][mf:5][nf:X][pf:X][qf:X][bg:X][cg:9][gg:X][ig:X][jg:3]
[pg:X][rg:5][gh:12][jh:1][oh:X][ph:X][fi:<1][ki:10][li:4][mi:4]
[ni:X][fj:2][gj:1][hj:1][ij:1][jj:2][kj:6][nj:X][fk:2][gk:2][hk:6]
[ik:2][jk:11][kk:1][lk:6][mk:1][nk:X][fl:9][il:2][jl:18][ml:X]
[ol:9][pl:10][lm:37][nm:3][nn:11][po:15][ro:10][gp:1][op:X][gq:2]
[cr:5];W[jh]C[GNU Go plays M7 (40.84) - Game move K12 (0.00)]
CR[lm]LB[fa:<1][ga:X][ia:X][eb:7][hb:X][qb:X][sb:31][mc:2][rc:X]
[ed:X][md:X][nd:X][rd:X][be:9][le:3][me:4][oe:X][qe:X][bf:27]
[mf:5][nf:X][pf:X][qf:X][rf:8][bg:X][cg:5][pg:X][rg:14][bh:12]
[oh:X][ph:X][mi:12][ni:X][fj:5][nj:X][ek:4][fk:5][jk:22][lk:1]
[nk:X][fl:5][il:6][ml:X][ol:6][pl:9][fm:2][lm:40][mm:1][nm:1]
[in:4][nn:4][no:7][po:6][ro:14][ip:1][op:X][oq:4][pq:1][cr:6]
[gs:2];B[jg]C[GNU Go plays M7 (37.43) - Game move K13 (22.92)]
CR[lm]LB[ga:X][ia:X][ra:<1][bb:3][eb:11][hb:X][qb:X][sb:7][mc:3]
[rc:X][ed:X][md:X][nd:X][rd:X][be:19][je:<1][le:24][me:2][oe:X]
[qe:X][bf:22][mf:5][nf:X][pf:X][qf:X][bg:X][cg:9][jg:22][pg:X]
[rg:5][gh:4][kh:<1][oh:X][ph:X][ii:<1][li:1][mi:9][ni:X][fj:1]
[gj:1][hj:<1][ij:<1][jj:<1][kj:14][nj:X][fk:2][gk:2][hk:9][ik:1]
[jk:1][kk:<1][lk:6][mk:<1][nk:X][fl:13][il:<1][jl:19][ml:X][ol:9]
[pl:10][lm:37][nm:3][nn:11][po:15][ro:10][gp:1][op:X][gq:2][cr:5]
;W[ha]C[GNU Go plays M7 (40.76) - Game move H19 (2.27)]CR[lm]
LB[fa:<1][ga:X][ha:2][ia:X][eb:7][hb:X][qb:X][sb:30][mc:2][rc:X]
[ed:X][md:X][nd:X][rd:X][be:9][le:3][me:4][oe:X][qe:X][bf:27]
[mf:5][nf:X][pf:X][qf:X][rf:8][bg:X][cg:5][pg:X][rg:14][bh:12]
[gh:4][kh:9][lh:17][oh:X][ph:X][ji:12][mi:23][ni:X][fj:5][nj:X]
[ek:3][fk:5][jk:25][lk:7][mk:3][nk:X][fl:5][il:6][ml:X][ol:6]
[pl:9][fm:2][lm:40][mm:1][nm:1][in:4][nn:4][no:7][po:6][ro:14]
[ip:1][op:X][oq:4][pq:1][cr:6][gs:2];B[no]C[GNU Go plays M7 (37.66) - Game move O5 (0.00)]
CR[lm]LB[ga:X][ha:X][ja:X][ra:<1][eb:10][fb:X][hb:X][ib:X][jb:X]
[qb:X][sb:7][fc:X][gc:X][hc:X][jc:X][mc:1][rc:X][ed:X][gd:X][id:X]
[md:X][nd:X][rd:X][be:19][ie:X][je:<1][le:21][me:2][oe:X][qe:X]
[bf:22][hf:X][if:X][mf:5][nf:X][pf:X][qf:X][bg:X][cg:9][gg:X]
[ig:X][pg:X][rg:5][gh:13][kh:<1][oh:X][ph:X][ii:<1][ji:14][li:2]
[mi:11][ni:X][fj:1][gj:1][hj:<1][ij:<1][jj:<1][kj:12][nj:X][fk:2]
[gk:2][hk:9][ik:1][jk:1][kk:<1][lk:7][mk:<1][nk:X][fl:13][il:<1]
[jl:19][ml:X][ol:9][pl:10][lm:37][nm:3][nn:11][po:15][ro:10][gp:1]
[op:X][gq:2][cr:5];W[gh]C[GNU Go plays M7 (111.26) - Game move G12 (4.85)]
CR[lm]LB[ga:X][ha:X][ja:X][eb:6][fb:X][hb:X][ib:X][jb:X][qb:X]
[fc:X][gc:X][hc:X][jc:X][rc:X][ed:X][gd:X][id:X][md:X][nd:X][rd:X]
[be:9][ie:X][oe:X][qe:X][bf:27][hf:X][if:X][nf:X][pf:X][qf:X]
[bg:X][cg:5][gg:X][ig:X][pg:X][rg:89][bh:12][gh:4][kh:10][oh:X]
[ph:X][ji:13][mi:20][ni:X][fj:6][nj:X][ek:4][fk:5][jk:24][mk:4]
[nk:X][fl:5][il:7][jl:15][kl:20][ml:X][fm:2][km:7][lm:111][in:11]
[jn:8][kn:8][mn:4][ko:8][oo:X][po:23][ro:15][ip:1][rp:5][oq:39]
[pq:6][cr:6][gs:2];B[gi]C[GNU Go plays M7 (144.65) - Game move G11 (25.24)]
CR[lm]LB[ga:X][ha:X][ra:<1][eb:10][hb:X][qb:X][sb:7][mc:1][rc:X]
[ed:X][md:X][nd:X][rd:X][be:19][je:<1][le:1][me:2][oe:X][qe:X]
[bf:22][mf:5][nf:X][pf:X][qf:X][bg:X][cg:9][pg:X][rg:6][kh:<1]
[oh:X][ph:X][fi:13][gi:25][hi:19][ii:<1][ji:22][li:2][mi:11][ni:X]
[fj:1][gj:1][hj:1][ij:<1][jj:<1][kj:12][nj:X][fk:2][gk:2][hk:17]
[ik:6][jk:1][kk:<1][lk:7][mk:<1][nk:X][fl:16][il:<1][jl:21][ml:X]
[ol:10][pl:10][lm:144][mm:120][nm:2][jn:6][oo:X][po:40][ro:12]
[gp:1][gq:2][oq:39][cr:5];W[fi]C[GNU Go plays M7 (111.11) - Game move F11 (0.64)]
CR[lm]LB[ga:X][ha:X][ja:X][eb:6][fb:X][hb:X][ib:X][jb:X][qb:X]
[fc:X][gc:X][hc:X][jc:X][rc:X][ed:X][gd:X][id:X][md:X][nd:X][rd:X]
[be:9][ie:X][oe:X][qe:X][bf:27][hf:X][if:X][nf:X][pf:X][qf:X]
[bg:X][cg:5][gg:X][ig:X][pg:X][rg:90][bh:12][gh:X][kh:21][oh:X]
[ph:X][fi:<1][hi:1][ii:8][ji:26][mi:30][ni:X][nj:X][ek:2][fk:5]
[gk:5][jk:25][mk:4][nk:X][el:3][fl:5][il:7][jl:15][kl:21][ml:X]
[fm:2][km:8][lm:111][in:11][jn:8][kn:8][mn:4][ko:8][oo:X][po:23]
[ro:15][ip:1][rp:5][oq:39][pq:6][cr:6][gs:2];B[hj]C[GNU Go plays M7 (144.40) - Game move H10 (18.38)]
CR[lm]LB[ga:X][ha:X][ja:X][ra:<1][eb:10][fb:X][hb:X][ib:X][jb:X]
[qb:X][sb:7][fc:X][gc:X][hc:X][jc:X][mc:1][rc:X][ed:X][gd:X][id:X]
[md:X][nd:X][rd:X][be:14][ie:X][je:<1][le:1][me:2][oe:X][qe:X]
[bf:18][gf:7][hf:X][if:X][mf:5][nf:X][pf:X][qf:X][bg:X][cg:6]
[gg:X][ig:X][pg:X][rg:6][gh:X][kh:<1][oh:X][ph:X][hi:15][ii:16]
[ji:41][li:2][mi:10][ni:X][gj:7][hj:18][ij:1][jj:<1][kj:11][nj:X]
[gk:3][hk:13][ik:11][jk:1][kk:<1][lk:7][mk:<1][nk:X][fl:14][gl:2]
[il:1][jl:22][ml:X][ol:10][pl:10][lm:144][mm:120][nm:2][jn:6]
[oo:X][po:40][ro:12][gp:1][gq:2][oq:39][cr:5];W[gj]C[GNU Go plays M7 (108.33) - Game move G10 (0.00)]
CR[lm]LB[ga:X][ha:X][ja:X][eb:6][fb:X][hb:X][ib:X][jb:X][qb:X]
[fc:X][gc:X][hc:X][jc:X][rc:X][ed:X][gd:X][id:X][md:X][nd:X][rd:X]
[be:9][ie:X][oe:X][qe:X][bf:27][hf:X][if:X][nf:X][pf:X][qf:X]
[bg:X][cg:5][gg:X][ig:X][pg:X][rg:90][bh:12][gh:X][oh:X][ph:X]
[ei:6][ji:29][mi:11][ni:X][ej:4][fj:9][nj:X][ek:1][fk:2][mk:3]
[nk:X][el:2][fl:3][il:6][jl:12][kl:18][ml:X][fm:2][km:6][lm:108]
[in:9][jn:6][kn:6][mn:4][ko:6][oo:X][po:23][ro:15][ip:1][rp:5]
[oq:39][pq:6][cr:6][gs:2];B[hi]C[GNU Go plays M7 (144.38) - Game move H11 (23.32)]
CR[lm]LB[ga:X][ha:X][ra:<1][eb:10][hb:X][qb:X][sb:7][mc:1][rc:X]
[ed:X][md:X][nd:X][rd:X][be:14][je:<1][le:1][me:2][oe:X][qe:X]
[bf:18][mf:5][nf:X][pf:X][qf:X][bg:X][cg:6][pg:X][rg:6][kh:<1]
[oh:X][ph:X][hi:23][ii:15][ji:19][ki:17][li:2][mi:11][ni:X][ij:18]
[jj:9][kj:10][lj:10][nj:X][gk:2][hk:1][ik:1][jk:1][kk:<1][lk:7]
[mk:<1][nk:X][fl:20][gl:2][il:<1][jl:23][ml:X][ol:10][pl:10][lm:144]
[mm:120][nm:2][jn:6][oo:X][po:40][ro:12][gp:1][gq:2][oq:39][cr:5]
;W[fj]C[GNU Go plays M7 (109.90) - Game move F10 (8.25)]CR[lm]
LB[ga:X][ha:X][ja:X][eb:6][fb:X][hb:X][ib:X][jb:X][qb:X][fc:X]
[gc:X][hc:X][jc:X][rc:X][ed:X][gd:X][id:X][md:X][nd:X][rd:X][be:9]
[ie:X][oe:X][qe:X][bf:27][hf:X][if:X][nf:X][pf:X][qf:X][bg:X]
[cg:5][gg:X][ig:X][pg:X][rg:90][bh:12][gh:X][oh:X][ph:X][ei:3]
[ji:29][mi:11][ni:X][ej:1][fj:8][nj:X][ek:1][fk:5][gk:5][hk:1]
[mk:4][nk:X][fl:2][hl:17][il:6][jl:14][kl:20][ml:X][fm:1][km:7]
[lm:109][in:11][jn:8][kn:7][mn:4][ko:7][oo:X][po:23][ro:15][ip:1]
[rp:5][oq:39][pq:6][cr:6][gs:2];B[lk]C[GNU Go plays M7 (144.18) - Game move M9 (6.84)]
CR[lm]LB[ga:X][ha:X][ja:X][ra:<1][eb:10][fb:X][hb:X][ib:X][jb:X]
[qb:X][sb:7][fc:X][gc:X][hc:X][jc:X][mc:1][rc:X][ed:X][gd:X][id:X]
[md:X][nd:X][rd:X][be:15][ie:X][je:<1][le:1][me:2][oe:X][qe:X]
[bf:20][hf:X][if:X][mf:5][nf:X][pf:X][qf:X][bg:X][cg:5][gg:X]
[ig:X][pg:X][rg:6][eh:1][gh:X][kh:28][oh:X][ph:X][ii:<1][ji:30]
[ki:26][li:2][mi:34][ni:X][jj:15][kj:9][lj:32][nj:X][hk:17][ik:16]
[jk:2][kk:<1][lk:6][mk:<1][nk:X][fl:18][gl:1][hl:17][il:15][jl:23]
[ml:X][ol:10][pl:10][lm:144][mm:120][nm:2][jn:6][oo:X][po:40]
[ro:12][gp:1][gq:2][oq:39][cr:5];W[sb]C[GNU Go plays P3 (37.68) - Game move T18 (0.00)]
CR[oq]LB[ga:X][ha:X][ja:X][eb:6][fb:X][hb:X][ib:X][jb:X][qb:X]
[fc:X][gc:X][hc:X][jc:X][rc:X][ed:X][gd:X][id:X][md:X][nd:X][rd:X]
[be:9][ie:X][oe:X][qe:X][bf:26][hf:X][if:X][nf:X][pf:X][qf:X]
[bg:X][cg:5][gg:X][ig:X][pg:X][bh:11][gh:X][oh:X][ph:X][ei:1]
[ji:7][ni:X][nj:X][gk:1][hk:9][nk:X][el:1][fl:3][gl:<1][il:5]
[kl:12][ml:X][fm:1][km:7][lm:3][in:11][jn:7][kn:7][ko:7][oo:X]
[po:22][ro:14][ip:1][rp:5][oq:37][pq:6][cr:5][gs:2];B[qa]C[GNU Go plays the same move R19 (117.82)]
LB[ga:X][ha:X][ja:X][qa:117][eb:10][fb:X][hb:X][ib:X][jb:X][rb:X]
[sb:!][fc:X][gc:X][hc:X][jc:X][mc:1][rc:!][ed:X][gd:X][id:X][md:!]
[nd:!][rd:!][be:15][ie:X][je:<1][le:1][me:2][oe:!][qe:!][bf:20]
[hf:X][if:X][mf:5][nf:!][pf:!][qf:!][bg:X][cg:5][gg:X][ig:X][pg:!]
[rg:6][eh:1][gh:X][kh:5][lh:<1][oh:!][ph:!][ii:3][ji:2][ki:2]
[mi:2][ni:!][nj:!][hk:20][ik:25][jk:5][nk:!][fl:19][gl:2][hl:17]
[il:22][jl:19][ml:!][ol:11][pl:10][ql:8][km:8][lm:12][mm:5][nm:3]
[jn:9][kn:4][ln:4][oo:X][po:32][ro:12][gp:1][gq:2][oq:32][sq:15]
[cr:5];W[rf]C[GNU Go plays P3 (37.68) - Game move S14 (0.00)]
CR[oq]LB[ga:X][ha:X][ja:X][eb:6][fb:X][hb:X][ib:X][jb:X][sb:X]
[fc:X][gc:X][hc:X][jc:X][rc:X][ed:X][gd:X][id:X][md:X][nd:X][rd:X]
[be:9][ie:X][oe:X][qe:X][bf:26][hf:X][if:X][nf:X][pf:X][qf:X]
[bg:X][cg:5][gg:X][ig:X][pg:X][bh:11][gh:X][oh:X][ph:X][ei:1]
[ji:7][ni:X][nj:X][gk:1][hk:9][nk:X][el:1][fl:3][gl:<1][il:5]
[kl:12][ml:X][fm:1][km:7][lm:3][in:11][jn:7][kn:7][ko:7][oo:X]
[po:22][ro:14][ip:1][rp:5][oq:37][pq:6][cr:5][gs:2];B[rg]C[GNU Go plays T15 (105.26) - Game move S13 (6.69)]
CR[se]LB[ga:X][ha:X][ja:X][eb:10][fb:X][hb:X][ib:X][jb:X][sb:!]
[fc:X][gc:X][hc:X][jc:X][mc:1][rc:!][ed:X][gd:X][id:X][md:!][nd:!]
[rd:!][be:15][ie:X][je:<1][le:1][me:2][oe:!][qe:!][se:105][bf:20]
[hf:X][if:X][mf:5][nf:!][pf:!][qf:!][rf:!][bg:X][cg:5][gg:X][ig:X]
[pg:!][rg:6][eh:1][gh:X][kh:5][lh:<1][oh:!][ph:!][ii:3][ji:2]
[ki:2][mi:2][ni:!][nj:!][hk:20][ik:25][jk:5][nk:!][fl:19][gl:2]
[hl:17][il:22][jl:19][ml:!][ol:6][pl:6][ql:8][km:8][lm:12][mm:5]
[nm:2][jn:9][kn:4][ln:4][oo:X][po:32][ro:12][gp:1][gq:2][oq:32]
[sq:15][cr:5];W[lh]C[GNU Go plays P3 (37.68) - Game move M12 (0.00)]
CR[oq]LB[ga:X][ha:X][ja:X][eb:6][fb:X][hb:X][ib:X][jb:X][sb:X]
[fc:X][gc:X][hc:X][jc:X][rc:X][ed:X][gd:X][id:X][md:X][nd:X][rd:X]
[be:9][ie:X][oe:X][qe:X][bf:26][hf:X][if:X][nf:X][pf:X][qf:X]
[rf:X][bg:X][cg:5][gg:X][ig:X][pg:X][bh:11][gh:X][oh:X][ph:X]
[ei:1][ji:7][ni:X][nj:X][gk:1][hk:9][nk:X][el:1][fl:3][gl:<1]
[il:5][kl:12][ml:X][fm:1][km:7][lm:3][in:11][jn:7][kn:7][ko:7]
[oo:X][po:22][ro:14][ip:1][rp:5][oq:37][pq:6][cr:5][gs:2];B[lg]
C[GNU Go plays L12 (66.13) - Game move M13 (35.41)]CR[kh]LB[ga:X]
[ha:X][ja:X][eb:10][fb:X][hb:X][ib:X][jb:X][sb:!][fc:X][gc:X]
[hc:X][jc:X][mc:1][rc:!][ed:X][gd:X][id:X][md:!][nd:!][rd:!][be:15]
[ie:X][je:<1][le:1][me:2][oe:!][qe:!][bf:20][hf:X][if:X][lf:32]
[mf:45][nf:!][pf:!][qf:!][rf:!][bg:X][cg:5][gg:X][ig:X][lg:35]
[pg:!][eh:1][gh:X][kh:66][lh:!][mh:48][nh:20][oh:!][ph:!][ii:<1]
[ji:23][ki:1][li:5][mi:2][ni:!][jj:8][nj:!][hk:10][ik:11][jk:15]
[nk:!][fl:19][gl:1][hl:11][il:9][jl:30][ml:!][ol:8][pl:5][km:12]
[lm:27][mm:13][nm:2][jn:6][kn:10][ln:10][oo:X][po:32][ro:12][gp:1]
[gq:2][oq:32][sq:15][cr:5];W[lm]C[GNU Go plays P3 (37.68) - Game move M7 (21.07)]
CR[oq]LB[ga:X][ha:X][ja:X][eb:6][fb:X][hb:X][ib:X][jb:X][sb:X]
[fc:X][gc:X][hc:X][jc:X][rc:X][ed:X][gd:X][id:X][md:X][nd:X][rd:X]
[be:9][ie:X][oe:X][qe:X][bf:26][hf:X][if:X][nf:X][pf:X][qf:X]
[rf:X][bg:X][cg:5][gg:X][ig:X][pg:X][bh:11][gh:X][kh:7][lh:X]
[mh:3][oh:X][ph:X][ei:1][ji:15][li:28][mi:14][ni:X][nj:X][gk:1]
[hk:8][nk:X][el:1][fl:3][gl:<1][il:5][kl:12][ml:X][fm:1][km:7]
[lm:21][in:11][jn:7][kn:7][ko:7][oo:X][po:22][ro:14][ip:1][rp:5]
[oq:37][pq:6][cr:5][gs:2];B[il]C[GNU Go plays N7 (83.18) - Game move J8 (19.92)]
CR[mm]LB[ga:X][ha:X][ja:X][eb:10][fb:X][hb:X][ib:X][jb:X][sb:X]
[fc:X][gc:X][hc:X][jc:X][mc:1][rc:X][ed:X][gd:X][id:X][md:X][nd:X]
[rd:X][be:15][ie:X][je:<1][le:1][me:2][oe:X][qe:X][bf:20][hf:X]
[if:X][nf:X][pf:X][qf:X][rf:X][bg:X][cg:5][gg:X][ig:X][pg:X][eh:1]
[gh:X][kh:12][mh:29][oh:X][ph:X][ii:10][ji:11][ki:2][li:3][mi:39]
[ni:X][nj:X][hk:18][ik:22][jk:15][nk:X][fl:19][gl:1][hl:20][il:19]
[ml:X][ol:8][pl:6][ql:3][jm:X][lm:X][mm:83][nm:3][kn:11][oo:X]
[po:42][ro:12][gp:1][gq:2][oq:42][cr:5];W[pl]C[GNU Go plays M11 (108.87) - Game move Q8 (0.00)]
CR[li]LB[ga:X][ha:X][ja:X][eb:6][fb:X][hb:X][ib:X][jb:X][sb:X]
[fc:X][gc:X][hc:X][jc:X][rc:X][sc:75][ed:X][gd:X][id:X][md:X]
[nd:X][rd:X][be:9][ie:X][oe:X][qe:X][se:75][bf:26][hf:X][if:X]
[nf:X][pf:X][qf:X][rf:X][bg:X][cg:5][gg:X][ig:X][pg:X][bh:11]
[gh:X][jh:X][kh:14][lh:X][oh:X][ph:X][ei:1][ji:15][li:108][mi:88]
[ni:X][nj:X][gk:3][nk:X][el:1][fl:2][gl:2][jl:3][kl:16][ml:X]
[fm:2][jm:X][km:<1][lm:X][mm:107][nm:99][in:9][jn:<1][ln:99][mn:100]
[nn:100][oo:X][po:25][ro:15][ip:1][rp:5][oq:43][pq:6][cr:5][gs:2]
;B[ql]C[GNU Go plays N7 (108.68) - Game move R8 (13.54)]CR[mm]
LB[ga:X][ha:X][ja:X][eb:10][fb:X][hb:X][ib:X][jb:X][sb:X][fc:X]
[gc:X][hc:X][jc:X][mc:1][rc:X][ed:X][gd:X][id:X][md:X][nd:X][rd:X]
[be:15][ie:X][je:<1][le:1][me:2][oe:X][qe:X][bf:20][hf:X][if:X]
[nf:X][pf:X][qf:X][rf:X][bg:X][cg:5][gg:X][ig:X][pg:X][eh:1][gh:X]
[jh:X][kh:12][lh:X][mh:18][oh:X][ph:X][ii:10][ji:11][ki:3][li:5]
[mi:25][ni:X][nj:X][gk:7][hk:2][nk:X][qk:42][fl:2][gl:3][jl:2]
[ml:X][pl:X][ql:13][rl:21][jm:X][lm:X][mm:108][nm:1][jn:2][oo:X]
[po:46][ro:12][gp:1][gq:2][oq:46][cr:5];W[jl]C[GNU Go plays M11 (102.20) - Game move K8 (3.09)]
CR[li]LB[ga:X][ha:X][ja:X][eb:6][fb:X][hb:X][ib:X][jb:X][sb:X]
[fc:X][gc:X][hc:X][jc:X][rc:X][sc:69][ed:X][gd:X][id:X][md:X]
[nd:X][rd:X][be:9][ie:X][oe:X][qe:X][se:69][bf:26][hf:X][if:X]
[nf:X][pf:X][qf:X][rf:X][bg:X][cg:5][gg:X][ig:X][pg:X][sg:13]
[bh:11][gh:X][jh:X][kh:14][lh:X][oh:X][ph:X][ei:1][ji:15][li:102]
[mi:81][ni:X][nj:X][gk:3][nk:X][ok:74][pk:82][el:1][fl:3][gl:2]
[jl:3][kl:16][ml:X][nl:77][ol:2][fm:2][jm:X][km:<1][lm:X][mm:97]
[nm:90][om:75][in:9][jn:<1][ln:88][mn:90][nn:90][oo:X][po:24]
[ro:13][ip:1][rp:5][oq:42][pq:6][cr:5][gs:2];B[kj]C[GNU Go plays N7 (61.13) - Game move L10 (0.00)]
CR[mm]LB[ga:X][ha:X][ja:X][eb:10][fb:X][hb:X][ib:X][jb:X][sb:X]
[fc:X][gc:X][hc:X][jc:X][mc:1][rc:X][ed:X][gd:X][id:X][md:X][nd:X]
[rd:X][be:15][ie:X][je:<1][le:1][me:2][oe:X][qe:X][bf:20][hf:X]
[if:X][nf:X][pf:X][qf:X][rf:X][bg:X][cg:5][gg:X][ig:X][pg:X][eh:1]
[gh:X][kh:44][mh:31][oh:X][ph:X][ii:29][ji:35][ki:<1][li:1][mi:40]
[ni:X][jj:19][nj:X][gk:6][hk:1][ik:<1][jk:32][nk:X][pk:7][fl:2]
[gl:2][jl:X][ml:X][ol:14][jm:X][lm:X][mm:61][nm:1][oo:X][po:31]
[ro:12][gp:1][gq:2][oq:31][sq:15][cr:5];W[oq]C[GNU Go plays N7 (91.84) - Game move P3 (42.08)]
CR[mm]LB[ga:X][ha:X][ja:X][eb:6][fb:X][hb:X][ib:X][jb:X][sb:X]
[fc:X][gc:X][hc:X][jc:X][rc:X][sc:69][ed:X][gd:X][id:X][md:X]
[nd:X][rd:X][be:9][ie:X][oe:X][qe:X][se:69][bf:26][hf:X][if:X]
[nf:X][pf:X][qf:X][rf:X][bg:X][cg:5][gg:X][ig:X][pg:X][sg:13]
[bh:11][gh:X][jh:X][lh:X][oh:X][ph:X][ei:1][ni:X][nj:X][gk:4]
[jk:5][nk:X][ok:74][pk:82][el:1][fl:3][gl:2][jl:X][kl:1][ml:X]
[nl:76][ol:2][fm:2][jm:X][km:<1][lm:X][mm:91][nm:85][om:74][in:10]
[jn:<1][ln:83][mn:84][nn:84][oo:X][po:24][ro:13][ip:1][rp:5][oq:42]
[pq:6][cr:5][gs:2];B[ia]C[GNU Go plays N7 (51.36) - Game move J19 (0.00)]
CR[mm]LB[ga:X][ha:X][ja:X][eb:10][fb:X][hb:X][ib:X][jb:X][sb:X]
[fc:X][gc:X][hc:X][jc:X][mc:1][rc:X][ed:X][gd:X][id:X][md:X][nd:X]
[rd:X][be:15][ie:X][je:<1][le:1][me:2][oe:X][qe:X][bf:20][hf:X]
[if:X][nf:X][pf:X][qf:X][rf:X][bg:X][cg:5][gg:X][ig:X][pg:X][eh:1]
[gh:X][jh:X][lh:X][mh:<1][oh:X][ph:X][ii:<1][ji:<1][mi:1][ni:X]
[nj:X][gk:5][hk:2][ik:2][jk:3][nk:X][pk:7][fl:2][gl:2][jl:X][ml:X]
[ol:14][jm:X][lm:X][mm:51][nm:17][ln:16][mn:17][nn:16][po:11]
[ro:9][gp:1][gq:2][sq:13][cr:5];W[fa]C[GNU Go plays O6 (40.02) - Game move F19 (0.34)]
CR[nn]LB[fa:<1][ga:X][ia:X][eb:7][hb:X][sb:X][mc:2][rc:X][ed:X]
[md:X][nd:X][rd:X][be:9][le:3][me:4][oe:X][qe:X][bf:26][mf:3]
[nf:X][pf:X][qf:X][rf:X][bg:X][cg:5][pg:X][sg:8][bh:11][jh:X]
[lh:X][mh:<1][oh:X][ph:X][ei:1][li:3][mi:1][ni:X][nj:X][gk:4]
[jk:5][nk:X][ok:4][pk:10][el:1][fl:3][gl:2][jl:X][kl:1][ml:X]
[nl:4][ol:4][fm:2][jm:X][km:26][lm:X][mm:28][nm:10][om:3][in:9]
[jn:<1][ln:6][mn:7][nn:40][po:6][ro:16][ip:1][lp:<1][op:3][qp:6]
[cr:5][gs:2];B[cg]C[GNU Go plays H19 (60.52) - Game move C13 (5.97)]
CR[ha]LB[fa:!][ga:X][ha:60][ia:X][ja:!][bb:4][db:7][eb:10][fb:!]
[hb:X][ib:!][jb:!][sb:X][fc:!][gc:!][hc:!][jc:!][mc:1][rc:X][ed:X]
[gd:!][id:!][md:X][nd:X][rd:X][be:14][ie:!][je:<1][le:1][me:2]
[oe:X][qe:X][bf:20][hf:!][if:!][nf:X][pf:X][qf:X][rf:X][bg:X]
[cg:5][gg:!][ig:!][pg:X][eh:1][gh:!][jh:X][lh:X][mh:<1][oh:X]
[ph:X][ii:<1][ji:<1][mi:1][ni:X][nj:X][gk:5][hk:2][ik:2][jk:3]
[nk:X][pk:7][fl:2][gl:2][jl:X][ml:X][ol:14][jm:X][lm:X][mm:26]
[nm:17][ln:16][mn:17][nn:16][po:11][ro:9][gp:1][gq:2][sq:13][cr:5]
;W[dg]C[GNU Go plays H19 (50.66) - Game move D13 (20.03)]CR[ha]
LB[fa:!][ga:X][ha:50][ia:X][ja:!][fb:!][gb:49][hb:X][ib:!][jb:!]
[sb:X][fc:!][gc:!][hc:!][jc:!][mc:4][rc:X][ed:X][gd:!][id:!][md:X]
[nd:X][rd:X][ie:!][le:3][me:3][oe:X][qe:X][cf:X][df:X][ef:X][hf:!]
[if:!][mf:3][nf:X][pf:X][qf:X][rf:X][dg:20][gg:!][ig:!][pg:X]
[sg:8][bh:26][dh:19][eh:16][gh:!][jh:X][lh:X][mh:<1][oh:X][ph:X]
[ei:3][li:3][mi:1][ni:X][nj:X][gk:4][jk:5][nk:X][ok:4][pk:10]
[el:1][fl:3][gl:2][jl:X][kl:1][ml:X][nl:4][ol:4][fm:2][jm:X][km:26]
[lm:X][mm:28][nm:10][om:3][in:9][jn:<1][ln:6][mn:7][nn:40][po:6]
[ro:16][ip:1][lp:<1][op:3][qp:6][cr:8][gs:2];B[km]C[GNU Go plays H19 (60.52) - Game move L7 (0.00)]
CR[ha]LB[fa:!][ga:X][ha:60][ia:X][ja:!][bb:4][db:7][eb:10][fb:!]
[hb:X][ib:!][jb:!][sb:X][fc:!][gc:!][hc:!][jc:!][mc:1][rc:X][ed:X]
[gd:!][id:!][md:X][nd:X][rd:X][be:10][ie:!][je:<1][le:1][me:2]
[oe:X][qe:X][bf:12][hf:!][if:!][nf:X][pf:X][qf:X][rf:X][bg:X]
[cg:X][gg:!][ig:!][pg:X][bh:<1][eh:<1][gh:!][jh:X][lh:X][mh:<1]
[oh:X][ph:X][ii:<1][ji:<1][mi:1][ni:X][nj:X][gk:3][hk:2][ik:2]
[jk:3][nk:X][pk:7][fl:2][gl:2][jl:X][ml:X][ol:14][jm:X][lm:X]
[mm:26][nm:17][ln:16][mn:17][nn:16][po:11][ro:9][gp:1][gq:2][sq:13]
[cr:5];W[mn]C[GNU Go plays H19 (50.70) - Game move N6 (18.50)]
CR[ha]LB[fa:!][ga:X][ha:50][ia:X][ja:!][fb:!][gb:49][hb:X][ib:!]
[jb:!][sb:X][fc:!][gc:!][hc:!][jc:!][mc:4][rc:X][ed:X][gd:!][id:!]
[md:X][nd:X][rd:X][be:9][ie:!][le:3][me:3][oe:X][qe:X][bf:29]
[hf:!][if:!][mf:3][nf:X][pf:X][qf:X][rf:X][bg:X][cg:X][gg:!][ig:!]
[pg:X][sg:8][bh:21][eh:3][gh:!][jh:X][lh:X][mh:5][oh:X][ph:X]
[ei:1][li:3][mi:4][ni:X][nj:X][gk:5][jk:5][nk:X][ok:4][pk:10]
[el:1][fl:4][gl:4][kl:19][ml:X][nl:4][ol:1][fm:3][nm:1][om:5]
[in:7][jn:7][kn:29][ln:17][mn:18][nn:16][po:6][ro:16][ip:2][op:3]
[qp:6][cr:6][gs:2];B[ln];W[mm];B[jn];W[cb];B[bf];W[bc];B[ci];W[di]
;B[bh];W[dh];B[bd];W[bi];B[ip];W[iq];B[rp];W[mo];B[qq];W[ik];B[cj]
;W[hk];B[ck];W[in];B[el];W[dk];B[jk];W[cl];B[bj];W[bk];B[ai];W[jj]
;B[kn];W[kk];B[kl];W[jk];B[dl];W[bl];B[ji];W[im];B[gl];W[gk])
