top - 00:32:37 up 1 day,  6:48,  3 users,  load average: 1.07, 1.05, 1.05
Tasks: 114 total,   2 running, 112 sleeping,   0 stopped,   0 zombie
%Cpu(s): 25.1 us,  0.7 sy,  0.0 ni, 74.2 id,  0.1 wa,  0.0 hi,  0.0 si,  0.0 st
KiB Mem:    948016 total,   464724 used,   483292 free,   112208 buffers
KiB Swap:   102396 total,        0 used,   102396 free,   232492 cached

  PID USER      PR  NI  VIRT  RES  SHR S  %CPU %MEM    TIME+  COMMAND
 1571 pi        20   0 27024  22m 4832 R 100.4  2.4   1507:36 gnugo
 3738 pi        20   0  4712 2384 2116 R  11.8  0.3   0:00.04 top
    1 root      20   0  2172 1388 1284 S   0.0  0.1   0:05.39 init
    2 root      20   0     0    0    0 S   0.0  0.0   0:00.01 kthreadd
    3 root      20   0     0    0    0 S   0.0  0.0   0:07.65 ksoftirqd/0
    5 root       0 -20     0    0    0 S   0.0  0.0   0:00.00 kworker/0:0H
    7 root      20   0     0    0    0 S   0.0  0.0   1:22.40 rcu_sched
    8 root      20   0     0    0    0 S   0.0  0.0   0:00.00 rcu_bh
    9 root      rt   0     0    0    0 S   0.0  0.0   0:03.02 migration/0
   10 root      rt   0     0    0    0 S   0.0  0.0   0:01.83 migration/1
   11 root      20   0     0    0    0 S   0.0  0.0   0:02.01 ksoftirqd/1
   13 root       0 -20     0    0    0 S   0.0  0.0   0:00.00 kworker/1:0H
   14 root      rt   0     0    0    0 S   0.0  0.0   0:02.61 migration/2
   15 root      20   0     0    0    0 S   0.0  0.0   0:03.10 ksoftirqd/2
   17 root       0 -20     0    0    0 S   0.0  0.0   0:00.00 kworker/2:0H
   18 root      rt   0     0    0    0 S   0.0  0.0   0:02.86 migration/3
   19 root      20   0     0    0    0 S   0.0  0.0   0:03.19 ksoftirqd/3
   21 root       0 -20     0    0    0 S   0.0  0.0   0:00.00 kworker/3:0H
   22 root       0 -20     0    0    0 S   0.0  0.0   0:00.00 khelper
   23 root      20   0     0    0    0 S   0.0  0.0   0:00.01 kdevtmpfs
   24 root       0 -20     0    0    0 S   0.0  0.0   0:00.00 netns
   25 root       0 -20     0    0    0 S   0.0  0.0   0:00.00 perf
   26 root      20   0     0    0    0 S   0.0  0.0   0:00.14 khungtaskd
   27 root       0 -20     0    0    0 S   0.0  0.0   0:00.00 writeback
   28 root       0 -20     0    0    0 S   0.0  0.0   0:00.00 crypto
   29 root       0 -20     0    0    0 S   0.0  0.0   0:00.00 bioset
   30 root       0 -20     0    0    0 S   0.0  0.0   0:00.00 kblockd
   31 root      20   0     0    0    0 S   0.0  0.0   0:09.99 kworker/1:1
   32 root       0 -20     0    0    0 S   0.0  0.0   0:00.00 rpciod
   33 root      20   0     0    0    0 S   0.0  0.0   0:00.00 kswapd0
   34 root      20   0     0    0    0 S   0.0  0.0   0:00.00 fsnotify_mark
   35 root       0 -20     0    0    0 S   0.0  0.0   0:00.00 nfsiod
   41 root       0 -20     0    0    0 S   0.0  0.0   0:00.00 kthrotld
   43 root       1 -19     0    0    0 S   0.0  0.0   0:00.00 VCHIQ-0
   44 root       1 -19     0    0    0 S   0.0  0.0   0:00.00 VCHIQr-0
   45 root       0 -20     0    0    0 S   0.0  0.0   0:00.00 VCHIQs-0
   46 root       0 -20     0    0    0 S   0.0  0.0   0:00.00 iscsi_eh
   47 root       0 -20     0    0    0 S   0.0  0.0   0:00.00 dwc_otg
   48 root       0 -20     0    0    0 S   0.0  0.0   0:00.00 DWC Notificatio
   50 root      20   0     0    0    0 S   0.0  0.0   0:08.12 kworker/2:1
   51 root      20   0     0    0    0 S   0.0  0.0   0:23.28 mmcqd/0
   52 root      20   0     0    0    0 S   0.0  0.0   0:00.00 VCHIQka-0
   53 root      10 -10     0    0    0 S   0.0  0.0   0:00.00 SMIO
   54 root       0 -20     0    0    0 S   0.0  0.0   0:00.00 deferwq
   55 root      20   0     0    0    0 S   0.0  0.0   0:07.35 jbd2/mmcblk0p7-
   56 root       0 -20     0    0    0 S   0.0  0.0   0:00.00 ext4-rsv-conver
   58 root      20   0     0    0    0 S   0.0  0.0   0:00.00 kworker/1:2
  173 root      20   0  2916 2180 1644 S   0.0  0.2   0:00.55 udevd
  391 root       0 -20     0    0    0 S   0.0  0.0   0:00.00 kworker/0:1H
 1417 pi        20   0  100m  22m  18m S   0.0  2.4   0:16.72 vim.gtk
 1568 pi        20   0  9040 6324 3996 S   0.0  0.7   3:20.99 lab1.py
 1569 pi        20   0  1788  344  292 S   0.0  0.0   0:00.00 sh
 1599 root      20   0  1780 1048  960 S   0.0  0.1   0:13.00 ifplugd
 1612 root      20   0  1780 1068  980 S   0.0  0.1   0:45.36 ifplugd
 1726 root      20   0     0    0    0 S   0.0  0.0   0:00.00 kworker/2:2
 1844 nobody    20   0  2048 1420 1304 S   0.0  0.1   0:05.09 thd
 1855 root      20   0 28004 2496 2176 S   0.0  0.3   0:00.59 rsyslogd
 1976 root      20   0  3824 1704 1540 S   0.0  0.2   0:00.37 cron
 1993 ntp       20   0  5552 3872 3432 S   0.0  0.4   0:17.06 ntpd
 2009 messageb  20   0  3316 1996 1724 S   0.0  0.2   0:00.14 dbus-daemon
 2064 root      20   0 31920 4944 4476 S   0.0  0.5   0:00.09 lightdm
 2105 root      20   0  3776 1724 1592 S   0.0  0.2   0:00.01 getty
 2106 root      20   0  3776 1676 1544 S   0.0  0.2   0:00.01 getty
 2107 root      20   0  3776 1768 1636 S   0.0  0.2   0:00.01 getty
 2108 root      20   0  3776 1724 1592 S   0.0  0.2   0:00.01 getty
 2109 root      20   0  3776 1712 1580 S   0.0  0.2   0:00.01 getty
 2110 root      20   0  3776 1728 1596 S   0.0  0.2   0:00.01 getty
 2111 root      20   0  2096 1476 1348 S   0.0  0.2   0:00.01 getty
 2112 root      20   0 45732  31m 9788 S   0.0  3.5  27:16.10 Xorg
 2121 root      20   0 16176 5168 4680 S   0.0  0.5   0:00.05 lightdm
 2123 root       0 -20     0    0    0 S   0.0  0.0   0:00.00 kworker/1:1H
 2125 root      20   0 27764 5240 4332 S   0.0  0.6   0:00.11 console-kit-dae
 2192 root      20   0 32044 4976 4400 S   0.0  0.5   0:00.13 polkitd
 2205 pi        20   0 12896 3056 2816 S   0.0  0.3   0:00.24 lxsession
 2227 pi        20   0  3560  216    0 S   0.0  0.0   0:01.13 ssh-agent
 2230 pi        20   0  3404 1624 1428 S   0.0  0.2   0:00.00 dbus-launch
 2231 pi        20   0  3316 2008 1608 S   0.0  0.2   0:00.25 dbus-daemon
 2237 pi        20   0 17204  12m 8044 S   0.0  1.3   0:11.74 openbox
 2240 pi        20   0 90144  20m  17m S   0.0  2.3   3:37.52 lxpanel
 2243 pi        20   0  130m  27m  23m S   0.0  3.0   0:24.06 pcmanfm
 2246 pi        20   0 27404 8784 8028 S   0.0  0.9   0:00.09 lxpolkit
 2250 pi        20   0 43548 6620 5936 S   0.0  0.7   0:00.45 gvfs-gdu-volume
 2252 pi        20   0  8572 4324 4000 S   0.0  0.5   0:00.08 gvfsd
 2257 root      20   0 24356 5316 4716 S   0.0  0.6   0:00.27 udisks-daemon
 2258 root      20   0  6368 1740 1484 S   0.0  0.2   0:10.97 udisks-daemon
 2261 pi        20   0 20400 2912 2564 S   0.0  0.3   0:17.10 gvfs-afc-volume
 2264 pi        20   0  9096 4540 4100 S   0.0  0.5   0:00.05 gvfs-gphoto2-vo
 2269 pi        20   0 15000 5044 4568 S   0.0  0.5   0:06.68 menu-cached
 2272 pi        20   0 25672 5704 5232 S   0.0  0.6   0:00.19 gvfsd-trash
 2277 root      20   0     0    0    0 S   0.0  0.0   0:00.00 jbd2/mmcblk0p5-
 2278 root       0 -20     0    0    0 S   0.0  0.0   0:00.00 ext4-rsv-conver
 2283 root      20   0     0    0    0 S   0.0  0.0   0:00.00 jbd2/mmcblk0p3-
 2284 root       0 -20     0    0    0 S   0.0  0.0   0:00.00 ext4-rsv-conver
 2286 pi        20   0  150m  20m  17m S   0.0  2.2   5:25.90 lxterminal
 2287 pi        20   0  2072 1420 1292 S   0.0  0.1   0:00.01 gnome-pty-helpe
 2288 pi        20   0  6016 4348 2740 S   0.0  0.5   0:01.33 bash
 2353 root      20   0  4928 3516 1796 S   0.0  0.4   0:00.20 dhclient
 2398 root      20   0  6248 2956 2528 S   0.0  0.3   0:00.00 sshd
 2600 root       0 -20     0    0    0 S   0.0  0.0   0:00.00 kworker/2:1H
 2617 pi        20   0  6016 4520 2912 S   0.0  0.5   0:03.44 bash
 2649 root       0 -20     0    0    0 S   0.0  0.0   0:00.00 kworker/3:1H
 2692 pi        20   0  8152 5240 4872 S   0.0  0.6   0:00.05 gvfsd-metadata
 3233 root      20   0     0    0    0 S   0.0  0.0   0:00.04 kworker/u8:0
 3737 pi        20   0  1788  388  336 S   0.0  0.0   0:00.00 sh
13206 root      20   0  2912 1064  532 S   0.0  0.1   0:00.00 udevd
19210 pi        20   0 48712 8924 7784 S   0.0  0.9   0:10.00 gvfsd-http
19570 root      20   0  2912 1984 1444 S   0.0  0.2   0:00.01 udevd
21167 root      20   0     0    0    0 S   0.0  0.0   0:01.21 kworker/u8:1
26656 root      20   0     0    0    0 S   0.0  0.0   0:00.00 kworker/3:1
27163 root      20   0     0    0    0 S   0.0  0.0   0:01.81 kworker/0:0
28825 pi        20   0  6012 4448 2840 S   0.0  0.5   0:00.44 bash
29126 root      20   0     0    0    0 S   0.0  0.0   0:00.00 kworker/0:2
30075 root      20   0     0    0    0 S   0.0  0.0   0:00.00 kworker/u8:2
32649 root      20   0     0    0    0 S   0.0  0.0   0:07.70 kworker/3:2
